#
# A fatal error has been detected by the Java Runtime Environment:
#
#  SIGSEGV (0xb) at pc=0xb7756481, pid=7490, tid=2128481088
#
# JRE version: 6.0_35-b10
# Java VM: Java HotSpot(TM) Server VM (20.10-b01 mixed mode linux-x86 )
# Problematic frame:
# C  [ld-linux.so.2+0xb481]  _dl_rtld_di_serinfo+0x2961
#
# If you would like to submit a bug report, please visit:
#   http://java.sun.com/webapps/bugreport/crash.jsp
# The crash happened outside the Java Virtual Machine in native code.
# See problematic frame for where to report the bug.
#

---------------  T H R E A D  ---------------

Current thread (0x7f24e000):  JavaThread "AWT-EventQueue-0" [_thread_in_native, id=7508, stack(0x7ed90000,0x7ede1000)]

siginfo:si_signo=SIGSEGV: si_errno=0, si_code=1 (SEGV_MAPERR), si_addr=0x00000004

Registers:
EAX=0x00000000, EBX=0xb776bff4, ECX=0x00000001, EDX=0x00000000
ESP=0x7edddd10, EBP=0x7eddde08, ESI=0x00000000, EDI=0x7e983a88
EIP=0xb7756481, EFLAGS=0x00210202, CR2=0x00000004

Top of Stack: (sp=0x7edddd10)
0x7edddd10:   00000004 00000001 00000004 00000014
0x7edddd20:   00000003 00554e47 e50d3846 52ce600a
0x7edddd30:   8bf6c0a9 36302aa6 d8640775 b776bff4
0x7edddd40:   00000001 00000000 00000000 00000000
0x7edddd50:   7f2e9720 00000001 00000004 20293575
0x7edddd60:   00000001 7e983a88 00000000 00000000
0x7edddd70:   00000004 7a300000 01600006 7b900000
0x7edddd80:   01600006 7cf00000 00bb0006 b775b22c 

Instructions: (pc=0xb7756481)
0xb7756461:   00 8b 77 78 85 f6 0f 85 dc 15 00 00 c7 85 3c ff
0xb7756471:   ff ff 00 00 00 00 8b 47 34 80 bd 4c ff ff ff 00
0xb7756481:   8b 40 04 89 85 48 ff ff ff 0f 85 28 04 00 00 31
0xb7756491:   c0 c7 44 05 a4 00 00 00 00 83 c0 04 83 f8 20 72 

Register to memory mapping:

EAX=0x00000000 is an unknown value
EBX=0xb776bff4: <offset 0x20ff4> in /lib/ld-linux.so.2 at 0xb774b000
ECX=0x00000001 is an unknown value
EDX=0x00000000 is an unknown value
ESP=0x7edddd10 is pointing into the stack for thread: 0x7f24e000
EBP=0x7eddde08 is pointing into the stack for thread: 0x7f24e000
ESI=0x00000000 is an unknown value
EDI=0x7e983a88 is an unknown value


Stack: [0x7ed90000,0x7ede1000],  sp=0x7edddd10,  free space=311k
Native frames: (J=compiled Java code, j=interpreted, Vv=VM code, C=native code)
C  [ld-linux.so.2+0xb481]  _dl_rtld_di_serinfo+0x2961
C  [ld-linux.so.2+0x13013]  _dl_make_stack_executable+0xd73
C  [ld-linux.so.2+0xecbf]  _dl_rtld_di_serinfo+0x619f

Java frames: (J=compiled Java code, j=interpreted, Vv=VM code)
j  java.lang.ClassLoader$NativeLibrary.load(Ljava/lang/String;)V+0
j  java.lang.ClassLoader.loadLibrary0(Ljava/lang/Class;Ljava/io/File;)Z+300
j  java.lang.ClassLoader.loadLibrary(Ljava/lang/Class;Ljava/lang/String;Z)V+127
j  java.lang.Runtime.load0(Ljava/lang/Class;Ljava/lang/String;)V+57
j  java.lang.System.load(Ljava/lang/String;)V+7
j  define.NewJFrame.jButton1ActionPerformed(Ljava/awt/event/ActionEvent;)V+2
j  define.NewJFrame.access$100(Ldefine/NewJFrame;Ljava/awt/event/ActionEvent;)V+2
j  define.NewJFrame$2.actionPerformed(Ljava/awt/event/ActionEvent;)V+5
j  javax.swing.AbstractButton.fireActionPerformed(Ljava/awt/event/ActionEvent;)V+84
j  javax.swing.AbstractButton$Handler.actionPerformed(Ljava/awt/event/ActionEvent;)V+5
j  javax.swing.DefaultButtonModel.fireActionPerformed(Ljava/awt/event/ActionEvent;)V+35
j  javax.swing.DefaultButtonModel.setPressed(Z)V+117
j  javax.swing.plaf.basic.BasicButtonListener.mouseReleased(Ljava/awt/event/MouseEvent;)V+35
j  java.awt.Component.processMouseEvent(Ljava/awt/event/MouseEvent;)V+64
j  javax.swing.JComponent.processMouseEvent(Ljava/awt/event/MouseEvent;)V+23
j  java.awt.Component.processEvent(Ljava/awt/AWTEvent;)V+81
j  java.awt.Container.processEvent(Ljava/awt/AWTEvent;)V+18
j  java.awt.Component.dispatchEventImpl(Ljava/awt/AWTEvent;)V+573
j  java.awt.Container.dispatchEventImpl(Ljava/awt/AWTEvent;)V+42
j  java.awt.Component.dispatchEvent(Ljava/awt/AWTEvent;)V+2
j  java.awt.LightweightDispatcher.retargetMouseEvent(Ljava/awt/Component;ILjava/awt/event/MouseEvent;)V+320
j  java.awt.LightweightDispatcher.processMouseEvent(Ljava/awt/event/MouseEvent;)Z+139
j  java.awt.LightweightDispatcher.dispatchEvent(Ljava/awt/AWTEvent;)Z+50
j  java.awt.Container.dispatchEventImpl(Ljava/awt/AWTEvent;)V+12
j  java.awt.Window.dispatchEventImpl(Ljava/awt/AWTEvent;)V+65
j  java.awt.Component.dispatchEvent(Ljava/awt/AWTEvent;)V+2
j  java.awt.EventQueue.dispatchEventImpl(Ljava/awt/AWTEvent;Ljava/lang/Object;)V+41
j  java.awt.EventQueue.access$400(Ljava/awt/EventQueue;Ljava/awt/AWTEvent;Ljava/lang/Object;)V+3
j  java.awt.EventQueue$2.run()Ljava/lang/Void;+12
j  java.awt.EventQueue$2.run()Ljava/lang/Object;+1
v  ~StubRoutines::call_stub
j  java.security.AccessController.doPrivileged(Ljava/security/PrivilegedAction;Ljava/security/AccessControlContext;)Ljava/lang/Object;+0
j  java.security.AccessControlContext$1.doIntersectionPrivilege(Ljava/security/PrivilegedAction;Ljava/security/AccessControlContext;Ljava/security/AccessControlContext;)Ljava/lang/Object;+28
j  java.security.AccessControlContext$1.doIntersectionPrivilege(Ljava/security/PrivilegedAction;Ljava/security/AccessControlContext;)Ljava/lang/Object;+6
j  java.awt.EventQueue$3.run()Ljava/lang/Void;+11
j  java.awt.EventQueue$3.run()Ljava/lang/Object;+1
v  ~StubRoutines::call_stub
j  java.security.AccessController.doPrivileged(Ljava/security/PrivilegedAction;Ljava/security/AccessControlContext;)Ljava/lang/Object;+0
j  java.security.AccessControlContext$1.doIntersectionPrivilege(Ljava/security/PrivilegedAction;Ljava/security/AccessControlContext;Ljava/security/AccessControlContext;)Ljava/lang/Object;+28
j  java.awt.EventQueue.dispatchEvent(Ljava/awt/AWTEvent;)V+73
j  java.awt.EventDispatchThread.pumpOneEventForFilters(I)Z+204
j  java.awt.EventDispatchThread.pumpEventsForFilter(ILjava/awt/Conditional;Ljava/awt/EventFilter;)V+30
j  java.awt.EventDispatchThread.pumpEventsForHierarchy(ILjava/awt/Conditional;Ljava/awt/Component;)V+11
j  java.awt.EventDispatchThread.pumpEvents(ILjava/awt/Conditional;)V+4
j  java.awt.EventDispatchThread.pumpEvents(Ljava/awt/Conditional;)V+3
j  java.awt.EventDispatchThread.run()V+9
v  ~StubRoutines::call_stub

---------------  P R O C E S S  ---------------

Java Threads: ( => current thread )
  0x7f2ddc00 JavaThread "TimerQueue" daemon [_thread_blocked, id=7513, stack(0x7ec4c000,0x7ec9d000)]
  0x7f267000 JavaThread "Image Fetcher 2" daemon [_thread_blocked, id=7511, stack(0x7ec9d000,0x7ecee000)]
  0x7f266000 JavaThread "Image Fetcher 1" daemon [_thread_blocked, id=7510, stack(0x7ecee000,0x7ed3f000)]
  0x7f265000 JavaThread "Image Fetcher 0" daemon [_thread_blocked, id=7509, stack(0x7ed3f000,0x7ed90000)]
  0xb6705400 JavaThread "DestroyJavaVM" [_thread_blocked, id=7493, stack(0xb68c1000,0xb6912000)]
=>0x7f24e000 JavaThread "AWT-EventQueue-0" [_thread_in_native, id=7508, stack(0x7ed90000,0x7ede1000)]
  0x7f24d400 JavaThread "AWT-Shutdown" [_thread_blocked, id=7507, stack(0x7ee46000,0x7ee97000)]
  0x7f24c800 JavaThread "AWT-XAWT" daemon [_thread_in_native, id=7506, stack(0x7ee97000,0x7eee8000)]
  0xb67e0c00 JavaThread "Java2D Disposer" daemon [_thread_blocked, id=7505, stack(0x7eefd000,0x7ef4e000)]
  0xb6799c00 JavaThread "Low Memory Detector" daemon [_thread_blocked, id=7503, stack(0x7f3bf000,0x7f410000)]
  0xb6798000 JavaThread "C2 CompilerThread1" daemon [_thread_blocked, id=7502, stack(0x7f410000,0x7f491000)]
  0xb6796000 JavaThread "C2 CompilerThread0" daemon [_thread_blocked, id=7501, stack(0x7f491000,0x7f512000)]
  0xb6794800 JavaThread "Signal Dispatcher" daemon [_thread_blocked, id=7500, stack(0x7fb2e000,0x7fb7f000)]
  0xb6786400 JavaThread "Finalizer" daemon [_thread_blocked, id=7499, stack(0x7f712000,0x7f763000)]
  0xb6784c00 JavaThread "Reference Handler" daemon [_thread_blocked, id=7498, stack(0x7f763000,0x7f7b4000)]

Other Threads:
  0xb6781000 VMThread [stack: 0x7f7b4000,0x7f835000] [id=7497]
  0xb679b800 WatcherThread [stack: 0x7f33e000,0x7f3bf000] [id=7504]

VM state:not at safepoint (normal execution)

VM Mutex/Monitor currently owned by a thread: None

Heap
 PSYoungGen      total 14144K, used 3948K [0xa39a0000, 0xa4960000, 0xb3640000)
  eden space 12160K, 32% used [0xa39a0000,0xa3d7b178,0xa4580000)
  from space 1984K, 0% used [0xa4770000,0xa4770000,0xa4960000)
  to   space 1984K, 0% used [0xa4580000,0xa4580000,0xa4770000)
 PSOldGen        total 32320K, used 0K [0x84040000, 0x85fd0000, 0xa39a0000)
  object space 32320K, 0% used [0x84040000,0x84040000,0x85fd0000)
 PSPermGen       total 16384K, used 10157K [0x80040000, 0x81040000, 0x84040000)
  object space 16384K, 61% used [0x80040000,0x80a2b608,0x81040000)

Code Cache  [0xb3700000, 0xb3940000, 0xb6700000)
 total_blobs=239 nmethods=17 adapters=176 free_code_cache=49960320 largest_free_block=6272

Dynamic libraries:
08048000-08052000 r-xp 00000000 08:06 146722     /usr/lib/jvm/jdk1.6.0_35/bin/java
08052000-08053000 rwxp 00009000 08:06 146722     /usr/lib/jvm/jdk1.6.0_35/bin/java
09d36000-09dee000 rwxp 00000000 00:00 0          [heap]
7e900000-7e9f4000 rwxp 00000000 00:00 0 
7e9f4000-7ea00000 ---p 00000000 00:00 0 
7ea0a000-7ea0b000 r-xp 00000000 08:06 949633     /usr/lib/debug/usr/lib/jni/libjarc.so
7ea0b000-7eb55000 r-xp 00000000 00:00 0 
7eb55000-7eb56000 rwxp 00000000 08:06 949633     /usr/lib/debug/usr/lib/jni/libjarc.so
7eb56000-7eb58000 rwxp 00000000 00:00 0 
7eb58000-7ec4c000 rwxs 00000000 00:04 119799962  /SYSV00000000 (deleted)
7ec4c000-7ec4f000 ---p 00000000 00:00 0 
7ec4f000-7ec9d000 rwxp 00000000 00:00 0 
7ec9d000-7eca0000 ---p 00000000 00:00 0 
7eca0000-7ecee000 rwxp 00000000 00:00 0 
7ecee000-7ecf1000 ---p 00000000 00:00 0 
7ecf1000-7ed3f000 rwxp 00000000 00:00 0 
7ed3f000-7ed42000 ---p 00000000 00:00 0 
7ed42000-7ed90000 rwxp 00000000 00:00 0 
7ed90000-7ed93000 ---p 00000000 00:00 0 
7ed93000-7ede1000 rwxp 00000000 00:00 0 
7ede1000-7ede2000 r-xs 00000000 08:06 272640     /var/cache/fontconfig/c05880de57d1f5e948fdfacc138775d9-le32d4.cache-3
7ede2000-7ede8000 r-xs 00000000 08:06 272635     /var/cache/fontconfig/945677eb7aeaf62f1d50efc3fb3ec7d8-le32d4.cache-3
7ede8000-7edea000 r-xs 00000000 08:06 272636     /var/cache/fontconfig/99e8ed0e538f840c565b6ed5dad60d56-le32d4.cache-3
7edea000-7eded000 r-xs 00000000 08:06 272622     /var/cache/fontconfig/2cd17615ca594fa2959ae173292e504c-le32d4.cache-3
7eded000-7edee000 r-xs 00000000 08:06 272647     /var/cache/fontconfig/e7071f4a29fa870f4323321c154eba04-le32d4.cache-3
7edee000-7edef000 r-xs 00000000 08:06 272620     /var/cache/fontconfig/0d8c3b2ac0904cb8a57a757ad11a4a08-le32d4.cache-3
7edef000-7edf3000 r-xs 00000000 08:06 272637     /var/cache/fontconfig/a755afe4a08bf5b97852ceb7400b47bc-le32d4.cache-3
7edf3000-7edfa000 r-xs 00000000 08:06 277753     /var/cache/fontconfig/6d41288fd70b0be22e8c3a91e032eec0-le32d4.cache-3
7edfa000-7ee05000 r-xs 00000000 08:06 272619     /var/cache/fontconfig/04aabc0a78ac019cf9454389977116d2-le32d4.cache-3
7ee3e000-7ee45000 r-xp 00000000 08:06 145526     /usr/lib/jvm/jdk1.6.0_35/jre/lib/i386/libnio.so
7ee45000-7ee46000 rwxp 00006000 08:06 145526     /usr/lib/jvm/jdk1.6.0_35/jre/lib/i386/libnio.so
7ee46000-7ee49000 ---p 00000000 00:00 0 
7ee49000-7ee97000 rwxp 00000000 00:00 0 
7ee97000-7ee9a000 ---p 00000000 00:00 0 
7ee9a000-7eee8000 rwxp 00000000 00:00 0 
7eee8000-7eef0000 r-xp 00000000 08:06 135578     /usr/lib/i386-linux-gnu/libXrender.so.1.3.0
7eef0000-7eef1000 r-xp 00007000 08:06 135578     /usr/lib/i386-linux-gnu/libXrender.so.1.3.0
7eef1000-7eef2000 rwxp 00008000 08:06 135578     /usr/lib/i386-linux-gnu/libXrender.so.1.3.0
7eef2000-7eefb000 r-xp 00000000 08:06 135552     /usr/lib/i386-linux-gnu/libXcursor.so.1.0.2
7eefb000-7eefc000 r-xp 00008000 08:06 135552     /usr/lib/i386-linux-gnu/libXcursor.so.1.0.2
7eefc000-7eefd000 rwxp 00009000 08:06 135552     /usr/lib/i386-linux-gnu/libXcursor.so.1.0.2
7eefd000-7ef00000 ---p 00000000 00:00 0 
7ef00000-7ef4e000 rwxp 00000000 00:00 0 
7ef4e000-7efc7000 r-xp 00000000 08:06 145563     /usr/lib/jvm/jdk1.6.0_35/jre/lib/i386/libfontmanager.so
7efc7000-7efd1000 rwxp 00078000 08:06 145563     /usr/lib/jvm/jdk1.6.0_35/jre/lib/i386/libfontmanager.so
7efd1000-7efd6000 rwxp 00000000 00:00 0 
7efd6000-7f106000 r-xp 00000000 08:06 135543     /usr/lib/i386-linux-gnu/libX11.so.6.3.0
7f106000-7f107000 r-xp 0012f000 08:06 135543     /usr/lib/i386-linux-gnu/libX11.so.6.3.0
7f107000-7f109000 rwxp 00130000 08:06 135543     /usr/lib/i386-linux-gnu/libX11.so.6.3.0
7f109000-7f10a000 rwxp 00000000 00:00 0 
7f10a000-7f14d000 r-xp 00000000 08:06 145530     /usr/lib/jvm/jdk1.6.0_35/jre/lib/i386/xawt/libmawt.so
7f14d000-7f14f000 rwxp 00043000 08:06 145530     /usr/lib/jvm/jdk1.6.0_35/jre/lib/i386/xawt/libmawt.so
7f14f000-7f150000 rwxp 00000000 00:00 0 
7f150000-7f1d5000 r-xp 00000000 08:06 145518     /usr/lib/jvm/jdk1.6.0_35/jre/lib/i386/libawt.so
7f1d5000-7f1dc000 rwxp 00085000 08:06 145518     /usr/lib/jvm/jdk1.6.0_35/jre/lib/i386/libawt.so
7f1dc000-7f200000 rwxp 00000000 00:00 0 
7f200000-7f2fd000 rwxp 00000000 00:00 0 
7f2fd000-7f300000 ---p 00000000 00:00 0 
7f300000-7f314000 r-xp 00000000 08:06 145566     /usr/lib/jvm/jdk1.6.0_35/jre/lib/i386/libnet.so
7f314000-7f315000 rwxp 00013000 08:06 145566     /usr/lib/jvm/jdk1.6.0_35/jre/lib/i386/libnet.so
7f315000-7f31d000 r-xs 00115000 08:06 145582     /usr/lib/jvm/jdk1.6.0_35/jre/lib/resources.jar
7f31d000-7f33c000 r-xp 00000000 08:06 136144     /usr/lib/i386-linux-gnu/libxcb.so.1.1.0
7f33c000-7f33d000 r-xp 0001f000 08:06 136144     /usr/lib/i386-linux-gnu/libxcb.so.1.1.0
7f33d000-7f33e000 rwxp 00020000 08:06 136144     /usr/lib/i386-linux-gnu/libxcb.so.1.1.0
7f33e000-7f33f000 ---p 00000000 00:00 0 
7f33f000-7f3bf000 rwxp 00000000 00:00 0 
7f3bf000-7f3c2000 ---p 00000000 00:00 0 
7f3c2000-7f410000 rwxp 00000000 00:00 0 
7f410000-7f413000 ---p 00000000 00:00 0 
7f413000-7f491000 rwxp 00000000 00:00 0 
7f491000-7f494000 ---p 00000000 00:00 0 
7f494000-7f512000 rwxp 00000000 00:00 0 
7f512000-7f712000 r-xp 00000000 08:06 139487     /usr/lib/locale/locale-archive
7f712000-7f715000 ---p 00000000 00:00 0 
7f715000-7f763000 rwxp 00000000 00:00 0 
7f763000-7f766000 ---p 00000000 00:00 0 
7f766000-7f7b4000 rwxp 00000000 00:00 0 
7f7b4000-7f7b5000 ---p 00000000 00:00 0 
7f7b5000-7f869000 rwxp 00000000 00:00 0 
7f869000-7fa00000 r-xs 0307d000 08:06 145383     /usr/lib/jvm/jdk1.6.0_35/jre/lib/rt.jar
7fa00000-7fae6000 rwxp 00000000 00:00 0 
7fae6000-7fb00000 ---p 00000000 00:00 0 
7fb02000-7fb06000 r-xp 00000000 08:06 135560     /usr/lib/i386-linux-gnu/libXfixes.so.3.1.0
7fb06000-7fb07000 r-xp 00004000 08:06 135560     /usr/lib/i386-linux-gnu/libXfixes.so.3.1.0
7fb07000-7fb08000 rwxp 00005000 08:06 135560     /usr/lib/i386-linux-gnu/libXfixes.so.3.1.0
7fb08000-7fb0b000 r-xs 00000000 08:06 272625     /var/cache/fontconfig/385c0604a188198f04d133e54aba7fe7-le32d4.cache-3
7fb0b000-7fb0c000 r-xs 00000000 08:06 272626     /var/cache/fontconfig/4794a0821666d79190d59a36cb4f44b5-le32d4.cache-3
7fb0c000-7fb0f000 r-xs 00000000 08:06 272634     /var/cache/fontconfig/8801497958630a81b71ace7c5f9b32a8-le32d4.cache-3
7fb0f000-7fb13000 r-xs 00000000 08:06 272623     /var/cache/fontconfig/3047814df9a2f067bd2d96a2b9c36e5a-le32d4.cache-3
7fb13000-7fb18000 r-xp 00000000 08:06 135556     /usr/lib/i386-linux-gnu/libXdmcp.so.6.0.0
7fb18000-7fb19000 r-xp 00004000 08:06 135556     /usr/lib/i386-linux-gnu/libXdmcp.so.6.0.0
7fb19000-7fb1a000 rwxp 00005000 08:06 135556     /usr/lib/i386-linux-gnu/libXdmcp.so.6.0.0
7fb1a000-7fb1c000 r-xp 00000000 08:06 135545     /usr/lib/i386-linux-gnu/libXau.so.6.0.0
7fb1c000-7fb1d000 r-xp 00001000 08:06 135545     /usr/lib/i386-linux-gnu/libXau.so.6.0.0
7fb1d000-7fb1e000 rwxp 00002000 08:06 135545     /usr/lib/i386-linux-gnu/libXau.so.6.0.0
7fb1e000-7fb2c000 r-xp 00000000 08:06 135564     /usr/lib/i386-linux-gnu/libXi.so.6.1.0
7fb2c000-7fb2d000 r-xp 0000d000 08:06 135564     /usr/lib/i386-linux-gnu/libXi.so.6.1.0
7fb2d000-7fb2e000 rwxp 0000e000 08:06 135564     /usr/lib/i386-linux-gnu/libXi.so.6.1.0
7fb2e000-7fb31000 ---p 00000000 00:00 0 
7fb31000-7fb7f000 rwxp 00000000 00:00 0 
7fb7f000-7fb80000 ---p 00000000 00:00 0 
7fb80000-7fc00000 rwxp 00000000 00:00 0 
7fc00000-7fc21000 rwxp 00000000 00:00 0 
7fc21000-7fd00000 ---p 00000000 00:00 0 
7fd00000-7fd10000 r-xp 00000000 08:06 135558     /usr/lib/i386-linux-gnu/libXext.so.6.4.0
7fd10000-7fd11000 r-xp 0000f000 08:06 135558     /usr/lib/i386-linux-gnu/libXext.so.6.4.0
7fd11000-7fd12000 rwxp 00010000 08:06 135558     /usr/lib/i386-linux-gnu/libXext.so.6.4.0
7fd13000-7fd14000 r-xs 00000000 08:06 272628     /var/cache/fontconfig/56cf4f4769d0f4abc89a4895d7bd3ae1-le32d4.cache-3
7fd14000-7fd15000 r-xs 00000000 08:06 272639     /var/cache/fontconfig/b9d506c9ac06c20b433354fa67a72993-le32d4.cache-3
7fd15000-7fd19000 r-xs 00000000 08:06 272638     /var/cache/fontconfig/b47c4e1ecd0709278f4910c18777a504-le32d4.cache-3
7fd19000-7fd26000 r-xs 00000000 08:06 272643     /var/cache/fontconfig/d52a8644073d54c13679302ca1180695-le32d4.cache-3
7fd26000-7fd27000 ---p 00000000 00:00 0 
7fd27000-7fdb7000 rwxp 00000000 00:00 0 
7fdb7000-7fea4000 rwxp 00000000 00:00 0 
7fea4000-7feac000 rwxp 00000000 00:00 0 
7feac000-7fec4000 rwxp 00000000 00:00 0 
7fec4000-7fed4000 rwxp 00000000 00:00 0 
7fed4000-7ffc0000 rwxp 00000000 00:00 0 
7ffc0000-7ffc9000 rwxp 00000000 00:00 0 
7ffc9000-8003f000 rwxp 00000000 00:00 0 
8003f000-81040000 rwxp 00000000 00:00 0 
81040000-84040000 rwxp 00000000 00:00 0 
84040000-85fd0000 rwxp 00000000 00:00 0 
85fd0000-a39a0000 rwxp 00000000 00:00 0 
a39a0000-a4960000 rwxp 00000000 00:00 0 
a4960000-b3640000 rwxp 00000000 00:00 0 
b3640000-b3649000 rwxp 00000000 00:00 0 
b3649000-b3700000 rwxp 00000000 00:00 0 
b3700000-b3940000 rwxp 00000000 00:00 0 
b3940000-b6800000 rwxp 00000000 00:00 0 
b6803000-b6808000 r-xp 00000000 08:06 135582     /usr/lib/i386-linux-gnu/libXtst.so.6.1.0
b6808000-b6809000 r-xp 00004000 08:06 135582     /usr/lib/i386-linux-gnu/libXtst.so.6.1.0
b6809000-b680a000 rwxp 00005000 08:06 135582     /usr/lib/i386-linux-gnu/libXtst.so.6.1.0
b680a000-b6811000 r-xs 00094000 08:06 278864     /usr/local/netbeans-7.2/java/modules/ext/beansbinding-1.2.1.jar
b6811000-b6819000 rwxp 00000000 00:00 0 
b6819000-b6831000 rwxp 00000000 00:00 0 
b6831000-b6840000 r-xp 00000000 08:06 145562     /usr/lib/jvm/jdk1.6.0_35/jre/lib/i386/libzip.so
b6840000-b6842000 rwxp 0000e000 08:06 145562     /usr/lib/jvm/jdk1.6.0_35/jre/lib/i386/libzip.so
b6842000-b684d000 r-xp 00000000 08:06 1178322    /lib/i386-linux-gnu/libnss_files-2.15.so
b684d000-b684e000 r-xp 0000a000 08:06 1178322    /lib/i386-linux-gnu/libnss_files-2.15.so
b684e000-b684f000 rwxp 0000b000 08:06 1178322    /lib/i386-linux-gnu/libnss_files-2.15.so
b684f000-b6859000 r-xp 00000000 08:06 1178326    /lib/i386-linux-gnu/libnss_nis-2.15.so
b6859000-b685a000 r-xp 00009000 08:06 1178326    /lib/i386-linux-gnu/libnss_nis-2.15.so
b685a000-b685b000 rwxp 0000a000 08:06 1178326    /lib/i386-linux-gnu/libnss_nis-2.15.so
b685b000-b6862000 r-xp 00000000 08:06 1178318    /lib/i386-linux-gnu/libnss_compat-2.15.so
b6862000-b6863000 r-xp 00006000 08:06 1178318    /lib/i386-linux-gnu/libnss_compat-2.15.so
b6863000-b6864000 rwxp 00007000 08:06 1178318    /lib/i386-linux-gnu/libnss_compat-2.15.so
b6864000-b687a000 r-xp 00000000 08:06 1178316    /lib/i386-linux-gnu/libnsl-2.15.so
b687a000-b687b000 r-xp 00015000 08:06 1178316    /lib/i386-linux-gnu/libnsl-2.15.so
b687b000-b687c000 rwxp 00016000 08:06 1178316    /lib/i386-linux-gnu/libnsl-2.15.so
b687c000-b687e000 rwxp 00000000 00:00 0 
b687e000-b6880000 r-xs 00000000 08:06 266540     /var/cache/fontconfig/e13b20fdb08344e0e664864cc2ede53d-le32d4.cache-3
b6880000-b688a000 r-xs 0006f000 08:06 418465     /usr/share/java/arc.jar
b688a000-b6892000 rwxs 00000000 08:06 1066446    /tmp/hsperfdata_mustang/7490
b6892000-b68b6000 r-xp 00000000 08:06 145525     /usr/lib/jvm/jdk1.6.0_35/jre/lib/i386/libjava.so
b68b6000-b68b8000 rwxp 00023000 08:06 145525     /usr/lib/jvm/jdk1.6.0_35/jre/lib/i386/libjava.so
b68b8000-b68bf000 r-xp 00000000 08:06 1178357    /lib/i386-linux-gnu/librt-2.15.so
b68bf000-b68c0000 r-xp 00006000 08:06 1178357    /lib/i386-linux-gnu/librt-2.15.so
b68c0000-b68c1000 rwxp 00007000 08:06 1178357    /lib/i386-linux-gnu/librt-2.15.so
b68c1000-b68c4000 ---p 00000000 00:00 0 
b68c4000-b6912000 rwxp 00000000 00:00 0 
b6912000-b693c000 r-xp 00000000 08:06 1178303    /lib/i386-linux-gnu/libm-2.15.so
b693c000-b693d000 r-xp 00029000 08:06 1178303    /lib/i386-linux-gnu/libm-2.15.so
b693d000-b693e000 rwxp 0002a000 08:06 1178303    /lib/i386-linux-gnu/libm-2.15.so
b693e000-b70f2000 r-xp 00000000 08:06 145556     /usr/lib/jvm/jdk1.6.0_35/jre/lib/i386/server/libjvm.so
b70f2000-b7146000 rwxp 007b4000 08:06 145556     /usr/lib/jvm/jdk1.6.0_35/jre/lib/i386/server/libjvm.so
b7146000-b7565000 rwxp 00000000 00:00 0 
b7565000-b7704000 r-xp 00000000 08:06 1178271    /lib/i386-linux-gnu/libc-2.15.so
b7704000-b7706000 r-xp 0019f000 08:06 1178271    /lib/i386-linux-gnu/libc-2.15.so
b7706000-b7707000 rwxp 001a1000 08:06 1178271    /lib/i386-linux-gnu/libc-2.15.so
b7707000-b770a000 rwxp 00000000 00:00 0 
b770a000-b770d000 r-xp 00000000 08:06 1178284    /lib/i386-linux-gnu/libdl-2.15.so
b770d000-b770e000 r-xp 00002000 08:06 1178284    /lib/i386-linux-gnu/libdl-2.15.so
b770e000-b770f000 rwxp 00003000 08:06 1178284    /lib/i386-linux-gnu/libdl-2.15.so
b770f000-b7716000 r-xp 00000000 08:06 145561     /usr/lib/jvm/jdk1.6.0_35/jre/lib/i386/jli/libjli.so
b7716000-b7718000 rwxp 00006000 08:06 145561     /usr/lib/jvm/jdk1.6.0_35/jre/lib/i386/jli/libjli.so
b7718000-b7719000 rwxp 00000000 00:00 0 
b7719000-b7730000 r-xp 00000000 08:06 1178351    /lib/i386-linux-gnu/libpthread-2.15.so
b7730000-b7731000 r-xp 00016000 08:06 1178351    /lib/i386-linux-gnu/libpthread-2.15.so
b7731000-b7732000 rwxp 00017000 08:06 1178351    /lib/i386-linux-gnu/libpthread-2.15.so
b7732000-b7734000 rwxp 00000000 00:00 0 
b7734000-b7737000 r-xs 00000000 08:06 266539     /var/cache/fontconfig/7ef2298fde41cc6eeb7af42e48b7d293-le32d4.cache-3
b7737000-b7738000 r-xs 00003000 08:06 1065012    /usr/local/netbeans-7.2/mobility/modules/ext/org-netbeans-modules-j2me-cdc-project-ojec.jar
b7738000-b7739000 r-xs 00000000 08:06 278867     /usr/local/netbeans-7.2/java/modules/ext/AbsoluteLayout.jar
b7739000-b773a000 r-xp 005e0000 08:06 139487     /usr/lib/locale/locale-archive
b773a000-b773b000 rwxp 00000000 00:00 0 
b773b000-b773c000 r-xp 00000000 00:00 0 
b773c000-b7747000 r-xp 00000000 08:06 145559     /usr/lib/jvm/jdk1.6.0_35/jre/lib/i386/libverify.so
b7747000-b7748000 rwxp 0000b000 08:06 145559     /usr/lib/jvm/jdk1.6.0_35/jre/lib/i386/libverify.so
b7748000-b774a000 rwxp 00000000 00:00 0 
b774a000-b774b000 r-xp 00000000 00:00 0          [vdso]
b774b000-b776b000 r-xp 00000000 08:06 1178251    /lib/i386-linux-gnu/ld-2.15.so
b776b000-b776c000 r-xp 0001f000 08:06 1178251    /lib/i386-linux-gnu/ld-2.15.so
b776c000-b776d000 rwxp 00020000 08:06 1178251    /lib/i386-linux-gnu/ld-2.15.so
bf9b9000-bf9da000 rwxp 00000000 00:00 0          [stack]

VM Arguments:
jvm_args: -Dfile.encoding=UTF-8 
java_command: define.NewJFrame
Launcher Type: SUN_STANDARD

Environment Variables:
JAVA_HOME=/usr/lib/jvm/jdk1.6.0_35
PATH=/usr/lib/lightdm/lightdm:/usr/local/sbin:/usr/local/bin:/usr/sbin:/usr/bin:/sbin:/bin:/usr/games
LD_LIBRARY_PATH=/usr/lib/jvm/jdk1.6.0_35/jre/lib/i386/server:/usr/lib/jvm/jdk1.6.0_35/jre/lib/i386:/usr/lib/jvm/jdk1.6.0_35/jre/../lib/i386:/usr/lib/jvm/jdk1.6.0_35/jre/lib/i386/client:/usr/lib/jvm/jdk1.6.0_35/jre/lib/i386:/usr/lib/jvm/jdk1.6.0_35/jre/../lib/i386
SHELL=/bin/bash
DISPLAY=:0

Signal Handlers:
SIGSEGV: [libjvm.so+0x726fe0], sa_mask[0]=0x7ffbfeff, sa_flags=0x10000004
SIGBUS: [libjvm.so+0x726fe0], sa_mask[0]=0x7ffbfeff, sa_flags=0x10000004
SIGFPE: [libjvm.so+0x5e13a0], sa_mask[0]=0x7ffbfeff, sa_flags=0x10000004
SIGPIPE: [libjvm.so+0x5e13a0], sa_mask[0]=0x7ffbfeff, sa_flags=0x10000004
SIGXFSZ: [libjvm.so+0x5e13a0], sa_mask[0]=0x7ffbfeff, sa_flags=0x10000004
SIGILL: [libjvm.so+0x5e13a0], sa_mask[0]=0x7ffbfeff, sa_flags=0x10000004
SIGUSR1: SIG_DFL, sa_mask[0]=0x00000000, sa_flags=0x00000000
SIGUSR2: [libjvm.so+0x5e4600], sa_mask[0]=0x00000004, sa_flags=0x10000004
SIGHUP: [libjvm.so+0x5e41e0], sa_mask[0]=0x7ffbfeff, sa_flags=0x10000004
SIGINT: SIG_IGN, sa_mask[0]=0x00000000, sa_flags=0x00000000
SIGTERM: [libjvm.so+0x5e41e0], sa_mask[0]=0x7ffbfeff, sa_flags=0x10000004
SIGQUIT: [libjvm.so+0x5e41e0], sa_mask[0]=0x7ffbfeff, sa_flags=0x10000004


---------------  S Y S T E M  ---------------

OS:wheezy/sid

uname:Linux 3.2.0-29-generic-pae #46-Ubuntu SMP Fri Jul 27 17:25:43 UTC 2012 i686
libc:glibc 2.15 NPTL 2.15 
rlimit: STACK 8192k, CORE 0k, NPROC 24084, NOFILE 4096, AS infinity
load average:0.72 0.55 0.59

/proc/meminfo:
MemTotal:        3097336 kB
MemFree:          266900 kB
Buffers:          191348 kB
Cached:           923064 kB
SwapCached:            0 kB
Active:          1988280 kB
Inactive:         649140 kB
Active(anon):    1524224 kB
Inactive(anon):    11840 kB
Active(file):     464056 kB
Inactive(file):   637300 kB
Unevictable:          32 kB
Mlocked:              32 kB
HighTotal:       2231976 kB
HighFree:          28000 kB
LowTotal:         865360 kB
LowFree:          238900 kB
SwapTotal:             0 kB
SwapFree:              0 kB
Dirty:               516 kB
Writeback:             0 kB
AnonPages:       1523068 kB
Mapped:           173408 kB
Shmem:             13060 kB
Slab:             130288 kB
SReclaimable:     109484 kB
SUnreclaim:        20804 kB
KernelStack:        4216 kB
PageTables:        16688 kB
NFS_Unstable:          0 kB
Bounce:                0 kB
WritebackTmp:          0 kB
CommitLimit:     1548668 kB
Committed_AS:    4614288 kB
VmallocTotal:     122880 kB
VmallocUsed:       45484 kB
VmallocChunk:      69908 kB
HardwareCorrupted:     0 kB
AnonHugePages:         0 kB
HugePages_Total:       0
HugePages_Free:        0
HugePages_Rsvd:        0
HugePages_Surp:        0
Hugepagesize:       2048 kB
DirectMap4k:       73720 kB
DirectMap2M:      839680 kB


CPU:total 2 (2 cores per cpu, 1 threads per core) family 6 model 23 stepping 10, cmov, cx8, fxsr, mmx, sse, sse2, sse3, ssse3

/proc/cpuinfo:
processor	: 0
vendor_id	: GenuineIntel
cpu family	: 6
model		: 23
model name	: Pentium(R) Dual-Core CPU       T4300  @ 2.10GHz
stepping	: 10
microcode	: 0xa07
cpu MHz		: 2100.000
cache size	: 1024 KB
physical id	: 0
siblings	: 2
core id		: 0
cpu cores	: 2
apicid		: 0
initial apicid	: 0
fdiv_bug	: no
hlt_bug		: no
f00f_bug	: no
coma_bug	: no
fpu		: yes
fpu_exception	: yes
cpuid level	: 13
wp		: yes
flags		: fpu vme de pse tsc msr pae mce cx8 apic sep mtrr pge mca cmov pat pse36 clflush dts acpi mmx fxsr sse sse2 ss ht tm pbe nx lm constant_tsc arch_perfmon pebs bts aperfmperf pni dtes64 monitor ds_cpl est tm2 ssse3 cx16 xtpr pdcm xsave lahf_lm dtherm
bogomips	: 4199.87
clflush size	: 64
cache_alignment	: 64
address sizes	: 36 bits physical, 48 bits virtual
power management:

processor	: 1
vendor_id	: GenuineIntel
cpu family	: 6
model		: 23
model name	: Pentium(R) Dual-Core CPU       T4300  @ 2.10GHz
stepping	: 10
microcode	: 0xa07
cpu MHz		: 1600.000
cache size	: 1024 KB
physical id	: 0
siblings	: 2
core id		: 1
cpu cores	: 2
apicid		: 1
initial apicid	: 1
fdiv_bug	: no
hlt_bug		: no
f00f_bug	: no
coma_bug	: no
fpu		: yes
fpu_exception	: yes
cpuid level	: 13
wp		: yes
flags		: fpu vme de pse tsc msr pae mce cx8 apic sep mtrr pge mca cmov pat pse36 clflush dts acpi mmx fxsr sse sse2 ss ht tm pbe nx lm constant_tsc arch_perfmon pebs bts aperfmperf pni dtes64 monitor ds_cpl est tm2 ssse3 cx16 xtpr pdcm xsave lahf_lm dtherm
bogomips	: 4199.95
clflush size	: 64
cache_alignment	: 64
address sizes	: 36 bits physical, 48 bits virtual
power management:



Memory: 4k page, physical 3097336k(266900k free), swap 0k(0k free)

vm_info: Java HotSpot(TM) Server VM (20.10-b01) for linux-x86 JRE (1.6.0_35-b10), built on Aug 28 2012 16:06:20 by "java_re" with gcc 3.2.1-7a (J2SE release)

time: Sun Oct  7 16:43:41 2012
elapsed time: 2 seconds

