#
# A fatal error has been detected by the Java Runtime Environment:
#
#  SIGSEGV (0xb) at pc=0xb77be481, pid=8613, tid=2128968512
#
# JRE version: 6.0_35-b10
# Java VM: Java HotSpot(TM) Server VM (20.10-b01 mixed mode linux-x86 )
# Problematic frame:
# C  [ld-linux.so.2+0xb481]  _dl_rtld_di_serinfo+0x2961
#
# If you would like to submit a bug report, please visit:
#   http://java.sun.com/webapps/bugreport/crash.jsp
# The crash happened outside the Java Virtual Machine in native code.
# See problematic frame for where to report the bug.
#

---------------  T H R E A D  ---------------

Current thread (0x7f24e400):  JavaThread "AWT-EventQueue-0" [_thread_in_native, id=8631, stack(0x7ee07000,0x7ee58000)]

siginfo:si_signo=SIGSEGV: si_errno=0, si_code=1 (SEGV_MAPERR), si_addr=0x00000004

Registers:
EAX=0x00000000, EBX=0xb77d3ff4, ECX=0x00000001, EDX=0x00000000
ESP=0x7ee55090, EBP=0x7ee55188, ESI=0x00000000, EDI=0x7f2fb110
EIP=0xb77be481, EFLAGS=0x00210202, CR2=0x00000004

Top of Stack: (sp=0x7ee55090)
0x7ee55090:   00000004 00000001 00000004 00000014
0x7ee550a0:   00000003 00554e47 e50d3846 52ce600a
0x7ee550b0:   8bf6c0a9 36302aa6 d8640775 b77d3ff4
0x7ee550c0:   00000001 00000000 00000000 00000000
0x7ee550d0:   7f224550 00000001 00000004 20293575
0x7ee550e0:   00000001 7f2fb110 00000000 00000000
0x7ee550f0:   00000004 7a300000 01600006 7b900000
0x7ee55100:   01600006 7cf00000 00bb0006 b77c322c 

Instructions: (pc=0xb77be481)
0xb77be461:   00 8b 77 78 85 f6 0f 85 dc 15 00 00 c7 85 3c ff
0xb77be471:   ff ff 00 00 00 00 8b 47 34 80 bd 4c ff ff ff 00
0xb77be481:   8b 40 04 89 85 48 ff ff ff 0f 85 28 04 00 00 31
0xb77be491:   c0 c7 44 05 a4 00 00 00 00 83 c0 04 83 f8 20 72 

Register to memory mapping:

EAX=0x00000000 is an unknown value
EBX=0xb77d3ff4: <offset 0x20ff4> in /lib/ld-linux.so.2 at 0xb77b3000
ECX=0x00000001 is an unknown value
EDX=0x00000000 is an unknown value
ESP=0x7ee55090 is pointing into the stack for thread: 0x7f24e400
EBP=0x7ee55188 is pointing into the stack for thread: 0x7f24e400
ESI=0x00000000 is an unknown value
EDI=0x7f2fb110 is an unknown value


Stack: [0x7ee07000,0x7ee58000],  sp=0x7ee55090,  free space=312k
Native frames: (J=compiled Java code, j=interpreted, Vv=VM code, C=native code)
C  [ld-linux.so.2+0xb481]  _dl_rtld_di_serinfo+0x2961
C  [ld-linux.so.2+0x13013]  _dl_make_stack_executable+0xd73
C  [ld-linux.so.2+0xecbf]  _dl_rtld_di_serinfo+0x619f

Java frames: (J=compiled Java code, j=interpreted, Vv=VM code)
j  java.lang.ClassLoader$NativeLibrary.load(Ljava/lang/String;)V+0
j  java.lang.ClassLoader.loadLibrary0(Ljava/lang/Class;Ljava/io/File;)Z+300
j  java.lang.ClassLoader.loadLibrary(Ljava/lang/Class;Ljava/lang/String;Z)V+347
j  java.lang.Runtime.loadLibrary0(Ljava/lang/Class;Ljava/lang/String;)V+54
j  java.lang.System.loadLibrary(Ljava/lang/String;)V+7
j  define.NewJFrame.jButton1ActionPerformed(Ljava/awt/event/ActionEvent;)V+13
j  define.NewJFrame.access$100(Ldefine/NewJFrame;Ljava/awt/event/ActionEvent;)V+2
j  define.NewJFrame$2.actionPerformed(Ljava/awt/event/ActionEvent;)V+5
j  javax.swing.AbstractButton.fireActionPerformed(Ljava/awt/event/ActionEvent;)V+84
j  javax.swing.AbstractButton$Handler.actionPerformed(Ljava/awt/event/ActionEvent;)V+5
j  javax.swing.DefaultButtonModel.fireActionPerformed(Ljava/awt/event/ActionEvent;)V+35
j  javax.swing.DefaultButtonModel.setPressed(Z)V+117
j  javax.swing.plaf.basic.BasicButtonListener.mouseReleased(Ljava/awt/event/MouseEvent;)V+35
j  java.awt.Component.processMouseEvent(Ljava/awt/event/MouseEvent;)V+64
j  javax.swing.JComponent.processMouseEvent(Ljava/awt/event/MouseEvent;)V+23
j  java.awt.Component.processEvent(Ljava/awt/AWTEvent;)V+81
j  java.awt.Container.processEvent(Ljava/awt/AWTEvent;)V+18
j  java.awt.Component.dispatchEventImpl(Ljava/awt/AWTEvent;)V+573
j  java.awt.Container.dispatchEventImpl(Ljava/awt/AWTEvent;)V+42
j  java.awt.Component.dispatchEvent(Ljava/awt/AWTEvent;)V+2
j  java.awt.LightweightDispatcher.retargetMouseEvent(Ljava/awt/Component;ILjava/awt/event/MouseEvent;)V+320
j  java.awt.LightweightDispatcher.processMouseEvent(Ljava/awt/event/MouseEvent;)Z+139
j  java.awt.LightweightDispatcher.dispatchEvent(Ljava/awt/AWTEvent;)Z+50
j  java.awt.Container.dispatchEventImpl(Ljava/awt/AWTEvent;)V+12
j  java.awt.Window.dispatchEventImpl(Ljava/awt/AWTEvent;)V+65
j  java.awt.Component.dispatchEvent(Ljava/awt/AWTEvent;)V+2
j  java.awt.EventQueue.dispatchEventImpl(Ljava/awt/AWTEvent;Ljava/lang/Object;)V+41
j  java.awt.EventQueue.access$400(Ljava/awt/EventQueue;Ljava/awt/AWTEvent;Ljava/lang/Object;)V+3
j  java.awt.EventQueue$2.run()Ljava/lang/Void;+12
j  java.awt.EventQueue$2.run()Ljava/lang/Object;+1
v  ~StubRoutines::call_stub
j  java.security.AccessController.doPrivileged(Ljava/security/PrivilegedAction;Ljava/security/AccessControlContext;)Ljava/lang/Object;+0
j  java.security.AccessControlContext$1.doIntersectionPrivilege(Ljava/security/PrivilegedAction;Ljava/security/AccessControlContext;Ljava/security/AccessControlContext;)Ljava/lang/Object;+28
j  java.security.AccessControlContext$1.doIntersectionPrivilege(Ljava/security/PrivilegedAction;Ljava/security/AccessControlContext;)Ljava/lang/Object;+6
j  java.awt.EventQueue$3.run()Ljava/lang/Void;+11
j  java.awt.EventQueue$3.run()Ljava/lang/Object;+1
v  ~StubRoutines::call_stub
j  java.security.AccessController.doPrivileged(Ljava/security/PrivilegedAction;Ljava/security/AccessControlContext;)Ljava/lang/Object;+0
j  java.security.AccessControlContext$1.doIntersectionPrivilege(Ljava/security/PrivilegedAction;Ljava/security/AccessControlContext;Ljava/security/AccessControlContext;)Ljava/lang/Object;+28
j  java.awt.EventQueue.dispatchEvent(Ljava/awt/AWTEvent;)V+73
j  java.awt.EventDispatchThread.pumpOneEventForFilters(I)Z+204
j  java.awt.EventDispatchThread.pumpEventsForFilter(ILjava/awt/Conditional;Ljava/awt/EventFilter;)V+30
j  java.awt.EventDispatchThread.pumpEventsForHierarchy(ILjava/awt/Conditional;Ljava/awt/Component;)V+11
j  java.awt.EventDispatchThread.pumpEvents(ILjava/awt/Conditional;)V+4
j  java.awt.EventDispatchThread.pumpEvents(Ljava/awt/Conditional;)V+3
j  java.awt.EventDispatchThread.run()V+9
v  ~StubRoutines::call_stub

---------------  P R O C E S S  ---------------

Java Threads: ( => current thread )
  0x7f2db800 JavaThread "TimerQueue" daemon [_thread_blocked, id=8634, stack(0x7ed65000,0x7edb6000)]
  0x7f265000 JavaThread "Image Fetcher 0" daemon [_thread_blocked, id=8632, stack(0x7edb6000,0x7ee07000)]
  0xb6805400 JavaThread "DestroyJavaVM" [_thread_blocked, id=8617, stack(0xb6929000,0xb697a000)]
=>0x7f24e400 JavaThread "AWT-EventQueue-0" [_thread_in_native, id=8631, stack(0x7ee07000,0x7ee58000)]
  0x7f24d400 JavaThread "AWT-Shutdown" [_thread_blocked, id=8630, stack(0x7eea1000,0x7eef2000)]
  0x7f24cc00 JavaThread "AWT-XAWT" daemon [_thread_in_native, id=8629, stack(0x7eef2000,0x7ef43000)]
  0xb68d8c00 JavaThread "Java2D Disposer" daemon [_thread_blocked, id=8628, stack(0x7ef43000,0x7ef94000)]
  0xb6899c00 JavaThread "Low Memory Detector" daemon [_thread_blocked, id=8626, stack(0x7f423000,0x7f474000)]
  0xb6898000 JavaThread "C2 CompilerThread1" daemon [_thread_blocked, id=8625, stack(0x7f474000,0x7f4f5000)]
  0xb6896000 JavaThread "C2 CompilerThread0" daemon [_thread_blocked, id=8624, stack(0x7f4f5000,0x7f576000)]
  0xb6894800 JavaThread "Signal Dispatcher" daemon [_thread_blocked, id=8623, stack(0x7f576000,0x7f5c7000)]
  0xb6886400 JavaThread "Finalizer" daemon [_thread_blocked, id=8622, stack(0x7f7c7000,0x7f818000)]
  0xb6884c00 JavaThread "Reference Handler" daemon [_thread_blocked, id=8621, stack(0x7f818000,0x7f869000)]

Other Threads:
  0xb6881000 VMThread [stack: 0x7fb4b000,0x7fbcc000] [id=8620]
  0xb689b800 WatcherThread [stack: 0x7f3a2000,0x7f423000] [id=8627]

VM state:not at safepoint (normal execution)

VM Mutex/Monitor currently owned by a thread: None

Heap
 PSYoungGen      total 14144K, used 3948K [0xa3a30000, 0xa49f0000, 0xb36d0000)
  eden space 12160K, 32% used [0xa3a30000,0xa3e0b1d0,0xa4610000)
  from space 1984K, 0% used [0xa4800000,0xa4800000,0xa49f0000)
  to   space 1984K, 0% used [0xa4610000,0xa4610000,0xa4800000)
 PSOldGen        total 32320K, used 0K [0x840d0000, 0x86060000, 0xa3a30000)
  object space 32320K, 0% used [0x840d0000,0x840d0000,0x86060000)
 PSPermGen       total 16384K, used 10160K [0x800d0000, 0x810d0000, 0x840d0000)
  object space 16384K, 62% used [0x800d0000,0x80abc1b0,0x810d0000)

Code Cache  [0xb3796000, 0xb39d6000, 0xb6796000)
 total_blobs=243 nmethods=21 adapters=176 free_code_cache=49957696 largest_free_block=11968

Dynamic libraries:
08048000-08052000 r-xp 00000000 08:06 146722     /usr/lib/jvm/jdk1.6.0_35/bin/java
08052000-08053000 rwxp 00009000 08:06 146722     /usr/lib/jvm/jdk1.6.0_35/bin/java
081f1000-082cc000 rwxp 00000000 00:00 0          [heap]
7ea00000-7eafd000 rwxp 00000000 00:00 0 
7eafd000-7eb00000 ---p 00000000 00:00 0 
7eb23000-7eb24000 r-xp 00000000 08:06 147564     /usr/lib/libjarc.so
7eb24000-7ec6e000 r-xp 00000000 00:00 0 
7ec6e000-7ec6f000 rwxp 00000000 08:06 147564     /usr/lib/libjarc.so
7ec6f000-7ec71000 rwxp 00000000 00:00 0 
7ec71000-7ed65000 rwxs 00000000 00:04 135921817  /SYSV00000000 (deleted)
7ed65000-7ed68000 ---p 00000000 00:00 0 
7ed68000-7edb6000 rwxp 00000000 00:00 0 
7edb6000-7edb9000 ---p 00000000 00:00 0 
7edb9000-7ee07000 rwxp 00000000 00:00 0 
7ee07000-7ee0a000 ---p 00000000 00:00 0 
7ee0a000-7ee58000 rwxp 00000000 00:00 0 
7ee58000-7ee59000 r-xs 00000000 08:06 272640     /var/cache/fontconfig/c05880de57d1f5e948fdfacc138775d9-le32d4.cache-3
7ee59000-7ee5f000 r-xs 00000000 08:06 272635     /var/cache/fontconfig/945677eb7aeaf62f1d50efc3fb3ec7d8-le32d4.cache-3
7ee5f000-7ee61000 r-xs 00000000 08:06 272636     /var/cache/fontconfig/99e8ed0e538f840c565b6ed5dad60d56-le32d4.cache-3
7ee61000-7ee64000 r-xs 00000000 08:06 272622     /var/cache/fontconfig/2cd17615ca594fa2959ae173292e504c-le32d4.cache-3
7ee64000-7ee65000 r-xs 00000000 08:06 272647     /var/cache/fontconfig/e7071f4a29fa870f4323321c154eba04-le32d4.cache-3
7ee65000-7ee66000 r-xs 00000000 08:06 272620     /var/cache/fontconfig/0d8c3b2ac0904cb8a57a757ad11a4a08-le32d4.cache-3
7ee66000-7ee6a000 r-xs 00000000 08:06 272637     /var/cache/fontconfig/a755afe4a08bf5b97852ceb7400b47bc-le32d4.cache-3
7ee6a000-7ee71000 r-xs 00000000 08:06 277753     /var/cache/fontconfig/6d41288fd70b0be22e8c3a91e032eec0-le32d4.cache-3
7ee71000-7ee7c000 r-xs 00000000 08:06 272619     /var/cache/fontconfig/04aabc0a78ac019cf9454389977116d2-le32d4.cache-3
7ee7c000-7ee7f000 r-xs 00000000 08:06 272625     /var/cache/fontconfig/385c0604a188198f04d133e54aba7fe7-le32d4.cache-3
7eea1000-7eea4000 ---p 00000000 00:00 0 
7eea4000-7eef2000 rwxp 00000000 00:00 0 
7eef2000-7eef5000 ---p 00000000 00:00 0 
7eef5000-7ef43000 rwxp 00000000 00:00 0 
7ef43000-7ef46000 ---p 00000000 00:00 0 
7ef46000-7ef94000 rwxp 00000000 00:00 0 
7ef94000-7f00d000 r-xp 00000000 08:06 145563     /usr/lib/jvm/jdk1.6.0_35/jre/lib/i386/libfontmanager.so
7f00d000-7f017000 rwxp 00078000 08:06 145563     /usr/lib/jvm/jdk1.6.0_35/jre/lib/i386/libfontmanager.so
7f017000-7f01c000 rwxp 00000000 00:00 0 
7f01c000-7f14c000 r-xp 00000000 08:06 135543     /usr/lib/i386-linux-gnu/libX11.so.6.3.0
7f14c000-7f14d000 r-xp 0012f000 08:06 135543     /usr/lib/i386-linux-gnu/libX11.so.6.3.0
7f14d000-7f14f000 rwxp 00130000 08:06 135543     /usr/lib/i386-linux-gnu/libX11.so.6.3.0
7f14f000-7f150000 rwxp 00000000 00:00 0 
7f150000-7f1d5000 r-xp 00000000 08:06 145518     /usr/lib/jvm/jdk1.6.0_35/jre/lib/i386/libawt.so
7f1d5000-7f1dc000 rwxp 00085000 08:06 145518     /usr/lib/jvm/jdk1.6.0_35/jre/lib/i386/libawt.so
7f1dc000-7f200000 rwxp 00000000 00:00 0 
7f200000-7f2ff000 rwxp 00000000 00:00 0 
7f2ff000-7f300000 ---p 00000000 00:00 0 
7f307000-7f31b000 r-xp 00000000 08:06 145566     /usr/lib/jvm/jdk1.6.0_35/jre/lib/i386/libnet.so
7f31b000-7f31c000 rwxp 00013000 08:06 145566     /usr/lib/jvm/jdk1.6.0_35/jre/lib/i386/libnet.so
7f31c000-7f320000 r-xp 00000000 08:06 135560     /usr/lib/i386-linux-gnu/libXfixes.so.3.1.0
7f320000-7f321000 r-xp 00004000 08:06 135560     /usr/lib/i386-linux-gnu/libXfixes.so.3.1.0
7f321000-7f322000 rwxp 00005000 08:06 135560     /usr/lib/i386-linux-gnu/libXfixes.so.3.1.0
7f322000-7f32a000 r-xp 00000000 08:06 135578     /usr/lib/i386-linux-gnu/libXrender.so.1.3.0
7f32a000-7f32b000 r-xp 00007000 08:06 135578     /usr/lib/i386-linux-gnu/libXrender.so.1.3.0
7f32b000-7f32c000 rwxp 00008000 08:06 135578     /usr/lib/i386-linux-gnu/libXrender.so.1.3.0
7f32c000-7f335000 r-xp 00000000 08:06 135552     /usr/lib/i386-linux-gnu/libXcursor.so.1.0.2
7f335000-7f336000 r-xp 00008000 08:06 135552     /usr/lib/i386-linux-gnu/libXcursor.so.1.0.2
7f336000-7f337000 rwxp 00009000 08:06 135552     /usr/lib/i386-linux-gnu/libXcursor.so.1.0.2
7f33b000-7f342000 r-xp 00000000 08:06 145526     /usr/lib/jvm/jdk1.6.0_35/jre/lib/i386/libnio.so
7f342000-7f343000 rwxp 00006000 08:06 145526     /usr/lib/jvm/jdk1.6.0_35/jre/lib/i386/libnio.so
7f343000-7f34b000 r-xs 00115000 08:06 145582     /usr/lib/jvm/jdk1.6.0_35/jre/lib/resources.jar
7f34b000-7f36a000 r-xp 00000000 08:06 136144     /usr/lib/i386-linux-gnu/libxcb.so.1.1.0
7f36a000-7f36b000 r-xp 0001f000 08:06 136144     /usr/lib/i386-linux-gnu/libxcb.so.1.1.0
7f36b000-7f36c000 rwxp 00020000 08:06 136144     /usr/lib/i386-linux-gnu/libxcb.so.1.1.0
7f36c000-7f37a000 r-xp 00000000 08:06 135564     /usr/lib/i386-linux-gnu/libXi.so.6.1.0
7f37a000-7f37b000 r-xp 0000d000 08:06 135564     /usr/lib/i386-linux-gnu/libXi.so.6.1.0
7f37b000-7f37c000 rwxp 0000e000 08:06 135564     /usr/lib/i386-linux-gnu/libXi.so.6.1.0
7f37c000-7f38c000 r-xp 00000000 08:06 135558     /usr/lib/i386-linux-gnu/libXext.so.6.4.0
7f38c000-7f38d000 r-xp 0000f000 08:06 135558     /usr/lib/i386-linux-gnu/libXext.so.6.4.0
7f38d000-7f38e000 rwxp 00010000 08:06 135558     /usr/lib/i386-linux-gnu/libXext.so.6.4.0
7f38e000-7f392000 r-xs 00000000 08:06 272623     /var/cache/fontconfig/3047814df9a2f067bd2d96a2b9c36e5a-le32d4.cache-3
7f392000-7f39f000 r-xs 00000000 08:06 272643     /var/cache/fontconfig/d52a8644073d54c13679302ca1180695-le32d4.cache-3
7f39f000-7f3a2000 r-xs 00000000 08:06 266539     /var/cache/fontconfig/7ef2298fde41cc6eeb7af42e48b7d293-le32d4.cache-3
7f3a2000-7f3a3000 ---p 00000000 00:00 0 
7f3a3000-7f423000 rwxp 00000000 00:00 0 
7f423000-7f426000 ---p 00000000 00:00 0 
7f426000-7f474000 rwxp 00000000 00:00 0 
7f474000-7f477000 ---p 00000000 00:00 0 
7f477000-7f4f5000 rwxp 00000000 00:00 0 
7f4f5000-7f4f8000 ---p 00000000 00:00 0 
7f4f8000-7f576000 rwxp 00000000 00:00 0 
7f576000-7f579000 ---p 00000000 00:00 0 
7f579000-7f5c7000 rwxp 00000000 00:00 0 
7f5c7000-7f7c7000 r-xp 00000000 08:06 139487     /usr/lib/locale/locale-archive
7f7c7000-7f7ca000 ---p 00000000 00:00 0 
7f7ca000-7f818000 rwxp 00000000 00:00 0 
7f818000-7f81b000 ---p 00000000 00:00 0 
7f81b000-7f869000 rwxp 00000000 00:00 0 
7f869000-7fa00000 r-xs 0307d000 08:06 145383     /usr/lib/jvm/jdk1.6.0_35/jre/lib/rt.jar
7fa00000-7fac3000 rwxp 00000000 00:00 0 
7fac3000-7fb00000 ---p 00000000 00:00 0 
7fb01000-7fb05000 r-xs 00000000 08:06 272638     /var/cache/fontconfig/b47c4e1ecd0709278f4910c18777a504-le32d4.cache-3
7fb05000-7fb48000 r-xp 00000000 08:06 145530     /usr/lib/jvm/jdk1.6.0_35/jre/lib/i386/xawt/libmawt.so
7fb48000-7fb4a000 rwxp 00043000 08:06 145530     /usr/lib/jvm/jdk1.6.0_35/jre/lib/i386/xawt/libmawt.so
7fb4a000-7fb4b000 rwxp 00000000 00:00 0 
7fb4b000-7fb4c000 ---p 00000000 00:00 0 
7fb4c000-7fc00000 rwxp 00000000 00:00 0 
7fc00000-7fc21000 rwxp 00000000 00:00 0 
7fc21000-7fd00000 ---p 00000000 00:00 0 
7fd00000-7fd05000 r-xp 00000000 08:06 135556     /usr/lib/i386-linux-gnu/libXdmcp.so.6.0.0
7fd05000-7fd06000 r-xp 00004000 08:06 135556     /usr/lib/i386-linux-gnu/libXdmcp.so.6.0.0
7fd06000-7fd07000 rwxp 00005000 08:06 135556     /usr/lib/i386-linux-gnu/libXdmcp.so.6.0.0
7fd07000-7fd0c000 r-xp 00000000 08:06 135582     /usr/lib/i386-linux-gnu/libXtst.so.6.1.0
7fd0c000-7fd0d000 r-xp 00004000 08:06 135582     /usr/lib/i386-linux-gnu/libXtst.so.6.1.0
7fd0d000-7fd0e000 rwxp 00005000 08:06 135582     /usr/lib/i386-linux-gnu/libXtst.so.6.1.0
7fd0e000-7fd15000 r-xs 00094000 08:06 278864     /usr/local/netbeans-7.2/java/modules/ext/beansbinding-1.2.1.jar
7fd15000-7fd16000 ---p 00000000 00:00 0 
7fd16000-7fd96000 rwxp 00000000 00:00 0 
7fd96000-7fd97000 ---p 00000000 00:00 0 
7fd97000-7fe1f000 rwxp 00000000 00:00 0 
7fe1f000-7fe37000 rwxp 00000000 00:00 0 
7fe37000-7fe47000 rwxp 00000000 00:00 0 
7fe47000-7ff34000 rwxp 00000000 00:00 0 
7ff34000-7ff3c000 rwxp 00000000 00:00 0 
7ff3c000-7ff54000 rwxp 00000000 00:00 0 
7ff54000-7ff64000 rwxp 00000000 00:00 0 
7ff64000-80050000 rwxp 00000000 00:00 0 
80050000-80059000 rwxp 00000000 00:00 0 
80059000-800cf000 rwxp 00000000 00:00 0 
800cf000-810d0000 rwxp 00000000 00:00 0 
810d0000-840d0000 rwxp 00000000 00:00 0 
840d0000-86060000 rwxp 00000000 00:00 0 
86060000-a3a30000 rwxp 00000000 00:00 0 
a3a30000-a49f0000 rwxp 00000000 00:00 0 
a49f0000-b36d0000 rwxp 00000000 00:00 0 
b36d2000-b36d4000 r-xp 00000000 08:06 135545     /usr/lib/i386-linux-gnu/libXau.so.6.0.0
b36d4000-b36d5000 r-xp 00001000 08:06 135545     /usr/lib/i386-linux-gnu/libXau.so.6.0.0
b36d5000-b36d6000 rwxp 00002000 08:06 135545     /usr/lib/i386-linux-gnu/libXau.so.6.0.0
b36d6000-b36df000 rwxp 00000000 00:00 0 
b36df000-b3796000 rwxp 00000000 00:00 0 
b3796000-b39d6000 rwxp 00000000 00:00 0 
b39d6000-b6796000 rwxp 00000000 00:00 0 
b6796000-b67a5000 r-xp 00000000 08:06 145562     /usr/lib/jvm/jdk1.6.0_35/jre/lib/i386/libzip.so
b67a5000-b67a7000 rwxp 0000e000 08:06 145562     /usr/lib/jvm/jdk1.6.0_35/jre/lib/i386/libzip.so
b67a7000-b67b2000 r-xp 00000000 08:06 1178322    /lib/i386-linux-gnu/libnss_files-2.15.so
b67b2000-b67b3000 r-xp 0000a000 08:06 1178322    /lib/i386-linux-gnu/libnss_files-2.15.so
b67b3000-b67b4000 rwxp 0000b000 08:06 1178322    /lib/i386-linux-gnu/libnss_files-2.15.so
b67b4000-b67be000 r-xp 00000000 08:06 1178326    /lib/i386-linux-gnu/libnss_nis-2.15.so
b67be000-b67bf000 r-xp 00009000 08:06 1178326    /lib/i386-linux-gnu/libnss_nis-2.15.so
b67bf000-b67c0000 rwxp 0000a000 08:06 1178326    /lib/i386-linux-gnu/libnss_nis-2.15.so
b67c0000-b67d6000 r-xp 00000000 08:06 1178316    /lib/i386-linux-gnu/libnsl-2.15.so
b67d6000-b67d7000 r-xp 00015000 08:06 1178316    /lib/i386-linux-gnu/libnsl-2.15.so
b67d7000-b67d8000 rwxp 00016000 08:06 1178316    /lib/i386-linux-gnu/libnsl-2.15.so
b67d8000-b67da000 rwxp 00000000 00:00 0 
b67da000-b67fe000 r-xp 00000000 08:06 145525     /usr/lib/jvm/jdk1.6.0_35/jre/lib/i386/libjava.so
b67fe000-b6800000 rwxp 00023000 08:06 145525     /usr/lib/jvm/jdk1.6.0_35/jre/lib/i386/libjava.so
b6800000-b6900000 rwxp 00000000 00:00 0 
b6900000-b6903000 r-xs 00000000 08:06 272634     /var/cache/fontconfig/8801497958630a81b71ace7c5f9b32a8-le32d4.cache-3
b6903000-b690a000 r-xp 00000000 08:06 1178318    /lib/i386-linux-gnu/libnss_compat-2.15.so
b690a000-b690b000 r-xp 00006000 08:06 1178318    /lib/i386-linux-gnu/libnss_compat-2.15.so
b690b000-b690c000 rwxp 00007000 08:06 1178318    /lib/i386-linux-gnu/libnss_compat-2.15.so
b690c000-b690d000 r-xs 00000000 08:06 272626     /var/cache/fontconfig/4794a0821666d79190d59a36cb4f44b5-le32d4.cache-3
b690d000-b690e000 r-xs 00000000 08:06 272628     /var/cache/fontconfig/56cf4f4769d0f4abc89a4895d7bd3ae1-le32d4.cache-3
b690e000-b6918000 r-xs 0006f000 08:06 418465     /usr/share/java/arc.jar
b6918000-b6920000 rwxs 00000000 08:06 1066507    /tmp/hsperfdata_mustang/8613
b6920000-b6927000 r-xp 00000000 08:06 1178357    /lib/i386-linux-gnu/librt-2.15.so
b6927000-b6928000 r-xp 00006000 08:06 1178357    /lib/i386-linux-gnu/librt-2.15.so
b6928000-b6929000 rwxp 00007000 08:06 1178357    /lib/i386-linux-gnu/librt-2.15.so
b6929000-b692c000 ---p 00000000 00:00 0 
b692c000-b697a000 rwxp 00000000 00:00 0 
b697a000-b69a4000 r-xp 00000000 08:06 1178303    /lib/i386-linux-gnu/libm-2.15.so
b69a4000-b69a5000 r-xp 00029000 08:06 1178303    /lib/i386-linux-gnu/libm-2.15.so
b69a5000-b69a6000 rwxp 0002a000 08:06 1178303    /lib/i386-linux-gnu/libm-2.15.so
b69a6000-b715a000 r-xp 00000000 08:06 145556     /usr/lib/jvm/jdk1.6.0_35/jre/lib/i386/server/libjvm.so
b715a000-b71ae000 rwxp 007b4000 08:06 145556     /usr/lib/jvm/jdk1.6.0_35/jre/lib/i386/server/libjvm.so
b71ae000-b75cd000 rwxp 00000000 00:00 0 
b75cd000-b776c000 r-xp 00000000 08:06 1178271    /lib/i386-linux-gnu/libc-2.15.so
b776c000-b776e000 r-xp 0019f000 08:06 1178271    /lib/i386-linux-gnu/libc-2.15.so
b776e000-b776f000 rwxp 001a1000 08:06 1178271    /lib/i386-linux-gnu/libc-2.15.so
b776f000-b7772000 rwxp 00000000 00:00 0 
b7772000-b7775000 r-xp 00000000 08:06 1178284    /lib/i386-linux-gnu/libdl-2.15.so
b7775000-b7776000 r-xp 00002000 08:06 1178284    /lib/i386-linux-gnu/libdl-2.15.so
b7776000-b7777000 rwxp 00003000 08:06 1178284    /lib/i386-linux-gnu/libdl-2.15.so
b7777000-b777e000 r-xp 00000000 08:06 145561     /usr/lib/jvm/jdk1.6.0_35/jre/lib/i386/jli/libjli.so
b777e000-b7780000 rwxp 00006000 08:06 145561     /usr/lib/jvm/jdk1.6.0_35/jre/lib/i386/jli/libjli.so
b7780000-b7781000 rwxp 00000000 00:00 0 
b7781000-b7798000 r-xp 00000000 08:06 1178351    /lib/i386-linux-gnu/libpthread-2.15.so
b7798000-b7799000 r-xp 00016000 08:06 1178351    /lib/i386-linux-gnu/libpthread-2.15.so
b7799000-b779a000 rwxp 00017000 08:06 1178351    /lib/i386-linux-gnu/libpthread-2.15.so
b779a000-b779c000 rwxp 00000000 00:00 0 
b779c000-b779d000 r-xs 00000000 08:06 272639     /var/cache/fontconfig/b9d506c9ac06c20b433354fa67a72993-le32d4.cache-3
b779d000-b779f000 r-xs 00000000 08:06 266540     /var/cache/fontconfig/e13b20fdb08344e0e664864cc2ede53d-le32d4.cache-3
b779f000-b77a0000 r-xs 00003000 08:06 1065012    /usr/local/netbeans-7.2/mobility/modules/ext/org-netbeans-modules-j2me-cdc-project-ojec.jar
b77a0000-b77a1000 r-xs 00000000 08:06 278867     /usr/local/netbeans-7.2/java/modules/ext/AbsoluteLayout.jar
b77a1000-b77a2000 r-xp 005e0000 08:06 139487     /usr/lib/locale/locale-archive
b77a2000-b77a3000 rwxp 00000000 00:00 0 
b77a3000-b77a4000 r-xp 00000000 00:00 0 
b77a4000-b77af000 r-xp 00000000 08:06 145559     /usr/lib/jvm/jdk1.6.0_35/jre/lib/i386/libverify.so
b77af000-b77b0000 rwxp 0000b000 08:06 145559     /usr/lib/jvm/jdk1.6.0_35/jre/lib/i386/libverify.so
b77b0000-b77b2000 rwxp 00000000 00:00 0 
b77b2000-b77b3000 r-xp 00000000 00:00 0          [vdso]
b77b3000-b77d3000 r-xp 00000000 08:06 1178251    /lib/i386-linux-gnu/ld-2.15.so
b77d3000-b77d4000 r-xp 0001f000 08:06 1178251    /lib/i386-linux-gnu/ld-2.15.so
b77d4000-b77d5000 rwxp 00020000 08:06 1178251    /lib/i386-linux-gnu/ld-2.15.so
bfe95000-bfeb6000 rwxp 00000000 00:00 0          [stack]

VM Arguments:
jvm_args: -Dfile.encoding=UTF-8 
java_command: define.NewJFrame
Launcher Type: SUN_STANDARD

Environment Variables:
JAVA_HOME=/usr/lib/jvm/jdk1.6.0_35
PATH=/usr/lib/lightdm/lightdm:/usr/local/sbin:/usr/local/bin:/usr/sbin:/usr/bin:/sbin:/bin:/usr/games
LD_LIBRARY_PATH=/usr/lib/jvm/jdk1.6.0_35/jre/lib/i386/server:/usr/lib/jvm/jdk1.6.0_35/jre/lib/i386:/usr/lib/jvm/jdk1.6.0_35/jre/../lib/i386:/usr/lib/jvm/jdk1.6.0_35/jre/lib/i386/client:/usr/lib/jvm/jdk1.6.0_35/jre/lib/i386:/usr/lib/jvm/jdk1.6.0_35/jre/../lib/i386
SHELL=/bin/bash
DISPLAY=:0

Signal Handlers:
SIGSEGV: [libjvm.so+0x726fe0], sa_mask[0]=0x7ffbfeff, sa_flags=0x10000004
SIGBUS: [libjvm.so+0x726fe0], sa_mask[0]=0x7ffbfeff, sa_flags=0x10000004
SIGFPE: [libjvm.so+0x5e13a0], sa_mask[0]=0x7ffbfeff, sa_flags=0x10000004
SIGPIPE: [libjvm.so+0x5e13a0], sa_mask[0]=0x7ffbfeff, sa_flags=0x10000004
SIGXFSZ: [libjvm.so+0x5e13a0], sa_mask[0]=0x7ffbfeff, sa_flags=0x10000004
SIGILL: [libjvm.so+0x5e13a0], sa_mask[0]=0x7ffbfeff, sa_flags=0x10000004
SIGUSR1: SIG_DFL, sa_mask[0]=0x00000000, sa_flags=0x00000000
SIGUSR2: [libjvm.so+0x5e4600], sa_mask[0]=0x00000004, sa_flags=0x10000004
SIGHUP: [libjvm.so+0x5e41e0], sa_mask[0]=0x7ffbfeff, sa_flags=0x10000004
SIGINT: SIG_IGN, sa_mask[0]=0x00000000, sa_flags=0x00000000
SIGTERM: [libjvm.so+0x5e41e0], sa_mask[0]=0x7ffbfeff, sa_flags=0x10000004
SIGQUIT: [libjvm.so+0x5e41e0], sa_mask[0]=0x7ffbfeff, sa_flags=0x10000004


---------------  S Y S T E M  ---------------

OS:wheezy/sid

uname:Linux 3.2.0-29-generic-pae #46-Ubuntu SMP Fri Jul 27 17:25:43 UTC 2012 i686
libc:glibc 2.15 NPTL 2.15 
rlimit: STACK 8192k, CORE 0k, NPROC 24084, NOFILE 4096, AS infinity
load average:0.36 0.74 0.88

/proc/meminfo:
MemTotal:        3097336 kB
MemFree:          228072 kB
Buffers:          164272 kB
Cached:           882928 kB
SwapCached:            0 kB
Active:          2126128 kB
Inactive:         554380 kB
Active(anon):    1634528 kB
Inactive(anon):    12212 kB
Active(file):     491600 kB
Inactive(file):   542168 kB
Unevictable:          32 kB
Mlocked:              32 kB
HighTotal:       2231976 kB
HighFree:          28000 kB
LowTotal:         865360 kB
LowFree:          200072 kB
SwapTotal:             0 kB
SwapFree:              0 kB
Dirty:               316 kB
Writeback:             0 kB
AnonPages:       1633328 kB
Mapped:           174924 kB
Shmem:             13432 kB
Slab:             125856 kB
SReclaimable:     104592 kB
SUnreclaim:        21264 kB
KernelStack:        4392 kB
PageTables:        18824 kB
NFS_Unstable:          0 kB
Bounce:                0 kB
WritebackTmp:          0 kB
CommitLimit:     1548668 kB
Committed_AS:    4906428 kB
VmallocTotal:     122880 kB
VmallocUsed:       45484 kB
VmallocChunk:      69908 kB
HardwareCorrupted:     0 kB
AnonHugePages:         0 kB
HugePages_Total:       0
HugePages_Free:        0
HugePages_Rsvd:        0
HugePages_Surp:        0
Hugepagesize:       2048 kB
DirectMap4k:      108536 kB
DirectMap2M:      804864 kB


CPU:total 2 (2 cores per cpu, 1 threads per core) family 6 model 23 stepping 10, cmov, cx8, fxsr, mmx, sse, sse2, sse3, ssse3

/proc/cpuinfo:
processor	: 0
vendor_id	: GenuineIntel
cpu family	: 6
model		: 23
model name	: Pentium(R) Dual-Core CPU       T4300  @ 2.10GHz
stepping	: 10
microcode	: 0xa07
cpu MHz		: 2100.000
cache size	: 1024 KB
physical id	: 0
siblings	: 2
core id		: 0
cpu cores	: 2
apicid		: 0
initial apicid	: 0
fdiv_bug	: no
hlt_bug		: no
f00f_bug	: no
coma_bug	: no
fpu		: yes
fpu_exception	: yes
cpuid level	: 13
wp		: yes
flags		: fpu vme de pse tsc msr pae mce cx8 apic sep mtrr pge mca cmov pat pse36 clflush dts acpi mmx fxsr sse sse2 ss ht tm pbe nx lm constant_tsc arch_perfmon pebs bts aperfmperf pni dtes64 monitor ds_cpl est tm2 ssse3 cx16 xtpr pdcm xsave lahf_lm dtherm
bogomips	: 4199.87
clflush size	: 64
cache_alignment	: 64
address sizes	: 36 bits physical, 48 bits virtual
power management:

processor	: 1
vendor_id	: GenuineIntel
cpu family	: 6
model		: 23
model name	: Pentium(R) Dual-Core CPU       T4300  @ 2.10GHz
stepping	: 10
microcode	: 0xa07
cpu MHz		: 2100.000
cache size	: 1024 KB
physical id	: 0
siblings	: 2
core id		: 1
cpu cores	: 2
apicid		: 1
initial apicid	: 1
fdiv_bug	: no
hlt_bug		: no
f00f_bug	: no
coma_bug	: no
fpu		: yes
fpu_exception	: yes
cpuid level	: 13
wp		: yes
flags		: fpu vme de pse tsc msr pae mce cx8 apic sep mtrr pge mca cmov pat pse36 clflush dts acpi mmx fxsr sse sse2 ss ht tm pbe nx lm constant_tsc arch_perfmon pebs bts aperfmperf pni dtes64 monitor ds_cpl est tm2 ssse3 cx16 xtpr pdcm xsave lahf_lm dtherm
bogomips	: 4199.95
clflush size	: 64
cache_alignment	: 64
address sizes	: 36 bits physical, 48 bits virtual
power management:



Memory: 4k page, physical 3097336k(228072k free), swap 0k(0k free)

vm_info: Java HotSpot(TM) Server VM (20.10-b01) for linux-x86 JRE (1.6.0_35-b10), built on Aug 28 2012 16:06:20 by "java_re" with gcc 3.2.1-7a (J2SE release)

time: Sun Oct  7 17:11:52 2012
elapsed time: 2 seconds

