#
# A fatal error has been detected by the Java Runtime Environment:
#
#  SIGSEGV (0xb) at pc=0xb778d481, pid=8484, tid=2128767808
#
# JRE version: 6.0_35-b10
# Java VM: Java HotSpot(TM) Server VM (20.10-b01 mixed mode linux-x86 )
# Problematic frame:
# C  [ld-linux.so.2+0xb481]  _dl_rtld_di_serinfo+0x2961
#
# If you would like to submit a bug report, please visit:
#   http://java.sun.com/webapps/bugreport/crash.jsp
# The crash happened outside the Java Virtual Machine in native code.
# See problematic frame for where to report the bug.
#

---------------  T H R E A D  ---------------

Current thread (0x7f256000):  JavaThread "AWT-EventQueue-0" [_thread_in_native, id=8502, stack(0x7edd6000,0x7ee27000)]

siginfo:si_signo=SIGSEGV: si_errno=0, si_code=1 (SEGV_MAPERR), si_addr=0x00000004

Registers:
EAX=0x00000000, EBX=0xb77a2ff4, ECX=0x00000001, EDX=0x00000000
ESP=0x7ee24010, EBP=0x7ee24108, ESI=0x00000000, EDI=0x7f2ff4d0
EIP=0xb778d481, EFLAGS=0x00210202, CR2=0x00000004

Top of Stack: (sp=0x7ee24010)
0x7ee24010:   00000004 00000001 00000004 00000014
0x7ee24020:   00000003 00554e47 e50d3846 52ce600a
0x7ee24030:   8bf6c0a9 36302aa6 d8640775 b77a2ff4
0x7ee24040:   00000001 00000000 00000000 00000000
0x7ee24050:   7f2e75d8 00000001 00000004 20293575
0x7ee24060:   00000001 7f2ff4d0 00000000 00000000
0x7ee24070:   00000004 7a300000 01600006 7b900000
0x7ee24080:   01600006 7cf00000 00bb0006 b779222c 

Instructions: (pc=0xb778d481)
0xb778d461:   00 8b 77 78 85 f6 0f 85 dc 15 00 00 c7 85 3c ff
0xb778d471:   ff ff 00 00 00 00 8b 47 34 80 bd 4c ff ff ff 00
0xb778d481:   8b 40 04 89 85 48 ff ff ff 0f 85 28 04 00 00 31
0xb778d491:   c0 c7 44 05 a4 00 00 00 00 83 c0 04 83 f8 20 72 

Register to memory mapping:

EAX=0x00000000 is an unknown value
EBX=0xb77a2ff4: <offset 0x20ff4> in /lib/ld-linux.so.2 at 0xb7782000
ECX=0x00000001 is an unknown value
EDX=0x00000000 is an unknown value
ESP=0x7ee24010 is pointing into the stack for thread: 0x7f256000
EBP=0x7ee24108 is pointing into the stack for thread: 0x7f256000
ESI=0x00000000 is an unknown value
EDI=0x7f2ff4d0 is an unknown value


Stack: [0x7edd6000,0x7ee27000],  sp=0x7ee24010,  free space=312k
Native frames: (J=compiled Java code, j=interpreted, Vv=VM code, C=native code)
C  [ld-linux.so.2+0xb481]  _dl_rtld_di_serinfo+0x2961
C  [ld-linux.so.2+0x13013]  _dl_make_stack_executable+0xd73
C  [ld-linux.so.2+0xecbf]  _dl_rtld_di_serinfo+0x619f

Java frames: (J=compiled Java code, j=interpreted, Vv=VM code)
j  java.lang.ClassLoader$NativeLibrary.load(Ljava/lang/String;)V+0
j  java.lang.ClassLoader.loadLibrary0(Ljava/lang/Class;Ljava/io/File;)Z+300
j  java.lang.ClassLoader.loadLibrary(Ljava/lang/Class;Ljava/lang/String;Z)V+127
j  java.lang.Runtime.load0(Ljava/lang/Class;Ljava/lang/String;)V+57
j  java.lang.System.load(Ljava/lang/String;)V+7
j  define.NewJFrame.jButton1ActionPerformed(Ljava/awt/event/ActionEvent;)V+13
j  define.NewJFrame.access$100(Ldefine/NewJFrame;Ljava/awt/event/ActionEvent;)V+2
j  define.NewJFrame$2.actionPerformed(Ljava/awt/event/ActionEvent;)V+5
j  javax.swing.AbstractButton.fireActionPerformed(Ljava/awt/event/ActionEvent;)V+84
j  javax.swing.AbstractButton$Handler.actionPerformed(Ljava/awt/event/ActionEvent;)V+5
j  javax.swing.DefaultButtonModel.fireActionPerformed(Ljava/awt/event/ActionEvent;)V+35
j  javax.swing.DefaultButtonModel.setPressed(Z)V+117
j  javax.swing.plaf.basic.BasicButtonListener.mouseReleased(Ljava/awt/event/MouseEvent;)V+35
j  java.awt.Component.processMouseEvent(Ljava/awt/event/MouseEvent;)V+64
j  javax.swing.JComponent.processMouseEvent(Ljava/awt/event/MouseEvent;)V+23
j  java.awt.Component.processEvent(Ljava/awt/AWTEvent;)V+81
j  java.awt.Container.processEvent(Ljava/awt/AWTEvent;)V+18
j  java.awt.Component.dispatchEventImpl(Ljava/awt/AWTEvent;)V+573
j  java.awt.Container.dispatchEventImpl(Ljava/awt/AWTEvent;)V+42
j  java.awt.Component.dispatchEvent(Ljava/awt/AWTEvent;)V+2
j  java.awt.LightweightDispatcher.retargetMouseEvent(Ljava/awt/Component;ILjava/awt/event/MouseEvent;)V+320
j  java.awt.LightweightDispatcher.processMouseEvent(Ljava/awt/event/MouseEvent;)Z+139
j  java.awt.LightweightDispatcher.dispatchEvent(Ljava/awt/AWTEvent;)Z+50
j  java.awt.Container.dispatchEventImpl(Ljava/awt/AWTEvent;)V+12
j  java.awt.Window.dispatchEventImpl(Ljava/awt/AWTEvent;)V+65
j  java.awt.Component.dispatchEvent(Ljava/awt/AWTEvent;)V+2
j  java.awt.EventQueue.dispatchEventImpl(Ljava/awt/AWTEvent;Ljava/lang/Object;)V+41
j  java.awt.EventQueue.access$400(Ljava/awt/EventQueue;Ljava/awt/AWTEvent;Ljava/lang/Object;)V+3
j  java.awt.EventQueue$2.run()Ljava/lang/Void;+12
j  java.awt.EventQueue$2.run()Ljava/lang/Object;+1
v  ~StubRoutines::call_stub
j  java.security.AccessController.doPrivileged(Ljava/security/PrivilegedAction;Ljava/security/AccessControlContext;)Ljava/lang/Object;+0
j  java.security.AccessControlContext$1.doIntersectionPrivilege(Ljava/security/PrivilegedAction;Ljava/security/AccessControlContext;Ljava/security/AccessControlContext;)Ljava/lang/Object;+28
j  java.security.AccessControlContext$1.doIntersectionPrivilege(Ljava/security/PrivilegedAction;Ljava/security/AccessControlContext;)Ljava/lang/Object;+6
j  java.awt.EventQueue$3.run()Ljava/lang/Void;+11
j  java.awt.EventQueue$3.run()Ljava/lang/Object;+1
v  ~StubRoutines::call_stub
j  java.security.AccessController.doPrivileged(Ljava/security/PrivilegedAction;Ljava/security/AccessControlContext;)Ljava/lang/Object;+0
j  java.security.AccessControlContext$1.doIntersectionPrivilege(Ljava/security/PrivilegedAction;Ljava/security/AccessControlContext;Ljava/security/AccessControlContext;)Ljava/lang/Object;+28
j  java.awt.EventQueue.dispatchEvent(Ljava/awt/AWTEvent;)V+73
j  java.awt.EventDispatchThread.pumpOneEventForFilters(I)Z+204
j  java.awt.EventDispatchThread.pumpEventsForFilter(ILjava/awt/Conditional;Ljava/awt/EventFilter;)V+30
j  java.awt.EventDispatchThread.pumpEventsForHierarchy(ILjava/awt/Conditional;Ljava/awt/Component;)V+11
j  java.awt.EventDispatchThread.pumpEvents(ILjava/awt/Conditional;)V+4
j  java.awt.EventDispatchThread.pumpEvents(Ljava/awt/Conditional;)V+3
j  java.awt.EventDispatchThread.run()V+9
v  ~StubRoutines::call_stub

---------------  P R O C E S S  ---------------

Java Threads: ( => current thread )
  0x7f2e6800 JavaThread "TimerQueue" daemon [_thread_blocked, id=8507, stack(0x7ec92000,0x7ece3000)]
  0x7f26f000 JavaThread "Image Fetcher 2" daemon [_thread_blocked, id=8505, stack(0x7ece3000,0x7ed34000)]
  0x7f26e000 JavaThread "Image Fetcher 1" daemon [_thread_blocked, id=8504, stack(0x7ed34000,0x7ed85000)]
  0x7f26d000 JavaThread "Image Fetcher 0" daemon [_thread_blocked, id=8503, stack(0x7ed85000,0x7edd6000)]
  0xb6705400 JavaThread "DestroyJavaVM" [_thread_blocked, id=8488, stack(0xb68f8000,0xb6949000)]
=>0x7f256000 JavaThread "AWT-EventQueue-0" [_thread_in_native, id=8502, stack(0x7edd6000,0x7ee27000)]
  0x7f255400 JavaThread "AWT-Shutdown" [_thread_blocked, id=8501, stack(0x7ee5b000,0x7eeac000)]
  0x7f254800 JavaThread "AWT-XAWT" daemon [_thread_in_native, id=8500, stack(0x7eeac000,0x7eefd000)]
  0x7f217400 JavaThread "Java2D Disposer" daemon [_thread_blocked, id=8499, stack(0x7eefd000,0x7ef4e000)]
  0xb6799c00 JavaThread "Low Memory Detector" daemon [_thread_blocked, id=8497, stack(0x7f3bf000,0x7f410000)]
  0xb6798000 JavaThread "C2 CompilerThread1" daemon [_thread_blocked, id=8496, stack(0x7f410000,0x7f491000)]
  0xb6796000 JavaThread "C2 CompilerThread0" daemon [_thread_blocked, id=8495, stack(0x7f491000,0x7f512000)]
  0xb6794800 JavaThread "Signal Dispatcher" daemon [_thread_blocked, id=8494, stack(0x7f512000,0x7f563000)]
  0xb6786400 JavaThread "Finalizer" daemon [_thread_blocked, id=8493, stack(0x7fb2e000,0x7fb7f000)]
  0xb6784c00 JavaThread "Reference Handler" daemon [_thread_blocked, id=8492, stack(0x7f763000,0x7f7b4000)]

Other Threads:
  0xb6781000 VMThread [stack: 0x7f7b4000,0x7f835000] [id=8491]
  0xb679b800 WatcherThread [stack: 0x7f33e000,0x7f3bf000] [id=8498]

VM state:not at safepoint (normal execution)

VM Mutex/Monitor currently owned by a thread: None

Heap
 PSYoungGen      total 14144K, used 3950K [0xa39a0000, 0xa4960000, 0xb3640000)
  eden space 12160K, 32% used [0xa39a0000,0xa3d7b8a8,0xa4580000)
  from space 1984K, 0% used [0xa4770000,0xa4770000,0xa4960000)
  to   space 1984K, 0% used [0xa4580000,0xa4580000,0xa4770000)
 PSOldGen        total 32320K, used 0K [0x84040000, 0x85fd0000, 0xa39a0000)
  object space 32320K, 0% used [0x84040000,0x84040000,0x85fd0000)
 PSPermGen       total 16384K, used 10158K [0x80040000, 0x81040000, 0x84040000)
  object space 16384K, 61% used [0x80040000,0x80a2b838,0x81040000)

Code Cache  [0xb3700000, 0xb3940000, 0xb6700000)
 total_blobs=237 nmethods=15 adapters=176 free_code_cache=49962624 largest_free_block=6272

Dynamic libraries:
08048000-08052000 r-xp 00000000 08:06 146722     /usr/lib/jvm/jdk1.6.0_35/bin/java
08052000-08053000 rwxp 00009000 08:06 146722     /usr/lib/jvm/jdk1.6.0_35/bin/java
08ce3000-08def000 rwxp 00000000 00:00 0          [heap]
7e6b2000-7e6b3000 r-xp 00000000 08:06 147563     /usr/lib/jvm/jdk1.6.0_35/lib/libjarc.so
7e6b3000-7e7fd000 r-xp 00000000 00:00 0 
7e7fd000-7e7fe000 rwxp 00000000 08:06 147563     /usr/lib/jvm/jdk1.6.0_35/lib/libjarc.so
7e7fe000-7e800000 rwxp 00000000 00:00 0 
7e800000-7e85a000 rwxp 00000000 00:00 0 
7e85a000-7e900000 ---p 00000000 00:00 0 
7ea00000-7eacd000 rwxp 00000000 00:00 0 
7eacd000-7eb00000 ---p 00000000 00:00 0 
7eb9e000-7ec92000 rwxs 00000000 00:04 132645091  /SYSV00000000 (deleted)
7ec92000-7ec95000 ---p 00000000 00:00 0 
7ec95000-7ece3000 rwxp 00000000 00:00 0 
7ece3000-7ece6000 ---p 00000000 00:00 0 
7ece6000-7ed34000 rwxp 00000000 00:00 0 
7ed34000-7ed37000 ---p 00000000 00:00 0 
7ed37000-7ed85000 rwxp 00000000 00:00 0 
7ed85000-7ed88000 ---p 00000000 00:00 0 
7ed88000-7edd6000 rwxp 00000000 00:00 0 
7edd6000-7edd9000 ---p 00000000 00:00 0 
7edd9000-7ee27000 rwxp 00000000 00:00 0 
7ee27000-7ee28000 r-xs 00000000 08:06 272640     /var/cache/fontconfig/c05880de57d1f5e948fdfacc138775d9-le32d4.cache-3
7ee28000-7ee2e000 r-xs 00000000 08:06 272635     /var/cache/fontconfig/945677eb7aeaf62f1d50efc3fb3ec7d8-le32d4.cache-3
7ee2e000-7ee30000 r-xs 00000000 08:06 272636     /var/cache/fontconfig/99e8ed0e538f840c565b6ed5dad60d56-le32d4.cache-3
7ee30000-7ee33000 r-xs 00000000 08:06 272622     /var/cache/fontconfig/2cd17615ca594fa2959ae173292e504c-le32d4.cache-3
7ee33000-7ee34000 r-xs 00000000 08:06 272647     /var/cache/fontconfig/e7071f4a29fa870f4323321c154eba04-le32d4.cache-3
7ee34000-7ee35000 r-xs 00000000 08:06 272620     /var/cache/fontconfig/0d8c3b2ac0904cb8a57a757ad11a4a08-le32d4.cache-3
7ee35000-7ee39000 r-xs 00000000 08:06 272637     /var/cache/fontconfig/a755afe4a08bf5b97852ceb7400b47bc-le32d4.cache-3
7ee5b000-7ee5e000 ---p 00000000 00:00 0 
7ee5e000-7eeac000 rwxp 00000000 00:00 0 
7eeac000-7eeaf000 ---p 00000000 00:00 0 
7eeaf000-7eefd000 rwxp 00000000 00:00 0 
7eefd000-7ef00000 ---p 00000000 00:00 0 
7ef00000-7ef4e000 rwxp 00000000 00:00 0 
7ef4e000-7efc7000 r-xp 00000000 08:06 145563     /usr/lib/jvm/jdk1.6.0_35/jre/lib/i386/libfontmanager.so
7efc7000-7efd1000 rwxp 00078000 08:06 145563     /usr/lib/jvm/jdk1.6.0_35/jre/lib/i386/libfontmanager.so
7efd1000-7efd6000 rwxp 00000000 00:00 0 
7efd6000-7f106000 r-xp 00000000 08:06 135543     /usr/lib/i386-linux-gnu/libX11.so.6.3.0
7f106000-7f107000 r-xp 0012f000 08:06 135543     /usr/lib/i386-linux-gnu/libX11.so.6.3.0
7f107000-7f109000 rwxp 00130000 08:06 135543     /usr/lib/i386-linux-gnu/libX11.so.6.3.0
7f109000-7f10a000 rwxp 00000000 00:00 0 
7f10a000-7f14d000 r-xp 00000000 08:06 145530     /usr/lib/jvm/jdk1.6.0_35/jre/lib/i386/xawt/libmawt.so
7f14d000-7f14f000 rwxp 00043000 08:06 145530     /usr/lib/jvm/jdk1.6.0_35/jre/lib/i386/xawt/libmawt.so
7f14f000-7f150000 rwxp 00000000 00:00 0 
7f150000-7f1d5000 r-xp 00000000 08:06 145518     /usr/lib/jvm/jdk1.6.0_35/jre/lib/i386/libawt.so
7f1d5000-7f1dc000 rwxp 00085000 08:06 145518     /usr/lib/jvm/jdk1.6.0_35/jre/lib/i386/libawt.so
7f1dc000-7f200000 rwxp 00000000 00:00 0 
7f200000-7f300000 rwxp 00000000 00:00 0 
7f303000-7f30a000 r-xs 00000000 08:06 277753     /var/cache/fontconfig/6d41288fd70b0be22e8c3a91e032eec0-le32d4.cache-3
7f30e000-7f322000 r-xp 00000000 08:06 145566     /usr/lib/jvm/jdk1.6.0_35/jre/lib/i386/libnet.so
7f322000-7f323000 rwxp 00013000 08:06 145566     /usr/lib/jvm/jdk1.6.0_35/jre/lib/i386/libnet.so
7f323000-7f327000 r-xp 00000000 08:06 135560     /usr/lib/i386-linux-gnu/libXfixes.so.3.1.0
7f327000-7f328000 r-xp 00004000 08:06 135560     /usr/lib/i386-linux-gnu/libXfixes.so.3.1.0
7f328000-7f329000 rwxp 00005000 08:06 135560     /usr/lib/i386-linux-gnu/libXfixes.so.3.1.0
7f329000-7f331000 r-xp 00000000 08:06 135578     /usr/lib/i386-linux-gnu/libXrender.so.1.3.0
7f331000-7f332000 r-xp 00007000 08:06 135578     /usr/lib/i386-linux-gnu/libXrender.so.1.3.0
7f332000-7f333000 rwxp 00008000 08:06 135578     /usr/lib/i386-linux-gnu/libXrender.so.1.3.0
7f333000-7f33c000 r-xp 00000000 08:06 135552     /usr/lib/i386-linux-gnu/libXcursor.so.1.0.2
7f33c000-7f33d000 r-xp 00008000 08:06 135552     /usr/lib/i386-linux-gnu/libXcursor.so.1.0.2
7f33d000-7f33e000 rwxp 00009000 08:06 135552     /usr/lib/i386-linux-gnu/libXcursor.so.1.0.2
7f33e000-7f33f000 ---p 00000000 00:00 0 
7f33f000-7f3bf000 rwxp 00000000 00:00 0 
7f3bf000-7f3c2000 ---p 00000000 00:00 0 
7f3c2000-7f410000 rwxp 00000000 00:00 0 
7f410000-7f413000 ---p 00000000 00:00 0 
7f413000-7f491000 rwxp 00000000 00:00 0 
7f491000-7f494000 ---p 00000000 00:00 0 
7f494000-7f512000 rwxp 00000000 00:00 0 
7f512000-7f515000 ---p 00000000 00:00 0 
7f515000-7f563000 rwxp 00000000 00:00 0 
7f563000-7f763000 r-xp 00000000 08:06 139487     /usr/lib/locale/locale-archive
7f763000-7f766000 ---p 00000000 00:00 0 
7f766000-7f7b4000 rwxp 00000000 00:00 0 
7f7b4000-7f7b5000 ---p 00000000 00:00 0 
7f7b5000-7f869000 rwxp 00000000 00:00 0 
7f869000-7fa00000 r-xs 0307d000 08:06 145383     /usr/lib/jvm/jdk1.6.0_35/jre/lib/rt.jar
7fa00000-7fa7e000 rwxp 00000000 00:00 0 
7fa7e000-7fb00000 ---p 00000000 00:00 0 
7fb00000-7fb0b000 r-xs 00000000 08:06 272619     /var/cache/fontconfig/04aabc0a78ac019cf9454389977116d2-le32d4.cache-3
7fb0b000-7fb0e000 r-xs 00000000 08:06 272625     /var/cache/fontconfig/385c0604a188198f04d133e54aba7fe7-le32d4.cache-3
7fb0e000-7fb11000 r-xs 00000000 08:06 272634     /var/cache/fontconfig/8801497958630a81b71ace7c5f9b32a8-le32d4.cache-3
7fb17000-7fb1e000 r-xp 00000000 08:06 145526     /usr/lib/jvm/jdk1.6.0_35/jre/lib/i386/libnio.so
7fb1e000-7fb1f000 rwxp 00006000 08:06 145526     /usr/lib/jvm/jdk1.6.0_35/jre/lib/i386/libnio.so
7fb1f000-7fb27000 r-xs 00115000 08:06 145582     /usr/lib/jvm/jdk1.6.0_35/jre/lib/resources.jar
7fb27000-7fb2c000 r-xp 00000000 08:06 135556     /usr/lib/i386-linux-gnu/libXdmcp.so.6.0.0
7fb2c000-7fb2d000 r-xp 00004000 08:06 135556     /usr/lib/i386-linux-gnu/libXdmcp.so.6.0.0
7fb2d000-7fb2e000 rwxp 00005000 08:06 135556     /usr/lib/i386-linux-gnu/libXdmcp.so.6.0.0
7fb2e000-7fb31000 ---p 00000000 00:00 0 
7fb31000-7fb7f000 rwxp 00000000 00:00 0 
7fb7f000-7fb80000 ---p 00000000 00:00 0 
7fb80000-7fc00000 rwxp 00000000 00:00 0 
7fc00000-7fc21000 rwxp 00000000 00:00 0 
7fc21000-7fd00000 ---p 00000000 00:00 0 
7fd01000-7fd05000 r-xs 00000000 08:06 272623     /var/cache/fontconfig/3047814df9a2f067bd2d96a2b9c36e5a-le32d4.cache-3
7fd05000-7fd24000 r-xp 00000000 08:06 136144     /usr/lib/i386-linux-gnu/libxcb.so.1.1.0
7fd24000-7fd25000 r-xp 0001f000 08:06 136144     /usr/lib/i386-linux-gnu/libxcb.so.1.1.0
7fd25000-7fd26000 rwxp 00020000 08:06 136144     /usr/lib/i386-linux-gnu/libxcb.so.1.1.0
7fd26000-7fd27000 ---p 00000000 00:00 0 
7fd27000-7fdb7000 rwxp 00000000 00:00 0 
7fdb7000-7fea4000 rwxp 00000000 00:00 0 
7fea4000-7feac000 rwxp 00000000 00:00 0 
7feac000-7fec4000 rwxp 00000000 00:00 0 
7fec4000-7fed4000 rwxp 00000000 00:00 0 
7fed4000-7ffc0000 rwxp 00000000 00:00 0 
7ffc0000-7ffc9000 rwxp 00000000 00:00 0 
7ffc9000-8003f000 rwxp 00000000 00:00 0 
8003f000-81040000 rwxp 00000000 00:00 0 
81040000-84040000 rwxp 00000000 00:00 0 
84040000-85fd0000 rwxp 00000000 00:00 0 
85fd0000-a39a0000 rwxp 00000000 00:00 0 
a39a0000-a4960000 rwxp 00000000 00:00 0 
a4960000-b3640000 rwxp 00000000 00:00 0 
b3640000-b3649000 rwxp 00000000 00:00 0 
b3649000-b3700000 rwxp 00000000 00:00 0 
b3700000-b3940000 rwxp 00000000 00:00 0 
b3940000-b6800000 rwxp 00000000 00:00 0 
b6800000-b6802000 r-xp 00000000 08:06 135545     /usr/lib/i386-linux-gnu/libXau.so.6.0.0
b6802000-b6803000 r-xp 00001000 08:06 135545     /usr/lib/i386-linux-gnu/libXau.so.6.0.0
b6803000-b6804000 rwxp 00002000 08:06 135545     /usr/lib/i386-linux-gnu/libXau.so.6.0.0
b6804000-b6812000 r-xp 00000000 08:06 135564     /usr/lib/i386-linux-gnu/libXi.so.6.1.0
b6812000-b6813000 r-xp 0000d000 08:06 135564     /usr/lib/i386-linux-gnu/libXi.so.6.1.0
b6813000-b6814000 rwxp 0000e000 08:06 135564     /usr/lib/i386-linux-gnu/libXi.so.6.1.0
b6814000-b6819000 r-xp 00000000 08:06 135582     /usr/lib/i386-linux-gnu/libXtst.so.6.1.0
b6819000-b681a000 r-xp 00004000 08:06 135582     /usr/lib/i386-linux-gnu/libXtst.so.6.1.0
b681a000-b681b000 rwxp 00005000 08:06 135582     /usr/lib/i386-linux-gnu/libXtst.so.6.1.0
b681b000-b682b000 r-xp 00000000 08:06 135558     /usr/lib/i386-linux-gnu/libXext.so.6.4.0
b682b000-b682c000 r-xp 0000f000 08:06 135558     /usr/lib/i386-linux-gnu/libXext.so.6.4.0
b682c000-b682d000 rwxp 00010000 08:06 135558     /usr/lib/i386-linux-gnu/libXext.so.6.4.0
b682d000-b682e000 r-xs 00000000 08:06 272626     /var/cache/fontconfig/4794a0821666d79190d59a36cb4f44b5-le32d4.cache-3
b682e000-b682f000 r-xs 00000000 08:06 272628     /var/cache/fontconfig/56cf4f4769d0f4abc89a4895d7bd3ae1-le32d4.cache-3
b682f000-b6830000 r-xs 00000000 08:06 272639     /var/cache/fontconfig/b9d506c9ac06c20b433354fa67a72993-le32d4.cache-3
b6830000-b6834000 r-xs 00000000 08:06 272638     /var/cache/fontconfig/b47c4e1ecd0709278f4910c18777a504-le32d4.cache-3
b6834000-b6841000 r-xs 00000000 08:06 272643     /var/cache/fontconfig/d52a8644073d54c13679302ca1180695-le32d4.cache-3
b6841000-b6848000 r-xs 00094000 08:06 278864     /usr/local/netbeans-7.2/java/modules/ext/beansbinding-1.2.1.jar
b6848000-b6850000 rwxp 00000000 00:00 0 
b6850000-b6868000 rwxp 00000000 00:00 0 
b6868000-b6877000 r-xp 00000000 08:06 145562     /usr/lib/jvm/jdk1.6.0_35/jre/lib/i386/libzip.so
b6877000-b6879000 rwxp 0000e000 08:06 145562     /usr/lib/jvm/jdk1.6.0_35/jre/lib/i386/libzip.so
b6879000-b6884000 r-xp 00000000 08:06 1178322    /lib/i386-linux-gnu/libnss_files-2.15.so
b6884000-b6885000 r-xp 0000a000 08:06 1178322    /lib/i386-linux-gnu/libnss_files-2.15.so
b6885000-b6886000 rwxp 0000b000 08:06 1178322    /lib/i386-linux-gnu/libnss_files-2.15.so
b6886000-b6890000 r-xp 00000000 08:06 1178326    /lib/i386-linux-gnu/libnss_nis-2.15.so
b6890000-b6891000 r-xp 00009000 08:06 1178326    /lib/i386-linux-gnu/libnss_nis-2.15.so
b6891000-b6892000 rwxp 0000a000 08:06 1178326    /lib/i386-linux-gnu/libnss_nis-2.15.so
b6892000-b6899000 r-xp 00000000 08:06 1178318    /lib/i386-linux-gnu/libnss_compat-2.15.so
b6899000-b689a000 r-xp 00006000 08:06 1178318    /lib/i386-linux-gnu/libnss_compat-2.15.so
b689a000-b689b000 rwxp 00007000 08:06 1178318    /lib/i386-linux-gnu/libnss_compat-2.15.so
b689b000-b68b1000 r-xp 00000000 08:06 1178316    /lib/i386-linux-gnu/libnsl-2.15.so
b68b1000-b68b2000 r-xp 00015000 08:06 1178316    /lib/i386-linux-gnu/libnsl-2.15.so
b68b2000-b68b3000 rwxp 00016000 08:06 1178316    /lib/i386-linux-gnu/libnsl-2.15.so
b68b3000-b68b5000 rwxp 00000000 00:00 0 
b68b5000-b68b7000 r-xs 00000000 08:06 266540     /var/cache/fontconfig/e13b20fdb08344e0e664864cc2ede53d-le32d4.cache-3
b68b7000-b68c1000 r-xs 0006f000 08:06 418465     /usr/share/java/arc.jar
b68c1000-b68c9000 rwxs 00000000 08:06 1066515    /tmp/hsperfdata_mustang/8484
b68c9000-b68ed000 r-xp 00000000 08:06 145525     /usr/lib/jvm/jdk1.6.0_35/jre/lib/i386/libjava.so
b68ed000-b68ef000 rwxp 00023000 08:06 145525     /usr/lib/jvm/jdk1.6.0_35/jre/lib/i386/libjava.so
b68ef000-b68f6000 r-xp 00000000 08:06 1178357    /lib/i386-linux-gnu/librt-2.15.so
b68f6000-b68f7000 r-xp 00006000 08:06 1178357    /lib/i386-linux-gnu/librt-2.15.so
b68f7000-b68f8000 rwxp 00007000 08:06 1178357    /lib/i386-linux-gnu/librt-2.15.so
b68f8000-b68fb000 ---p 00000000 00:00 0 
b68fb000-b6949000 rwxp 00000000 00:00 0 
b6949000-b6973000 r-xp 00000000 08:06 1178303    /lib/i386-linux-gnu/libm-2.15.so
b6973000-b6974000 r-xp 00029000 08:06 1178303    /lib/i386-linux-gnu/libm-2.15.so
b6974000-b6975000 rwxp 0002a000 08:06 1178303    /lib/i386-linux-gnu/libm-2.15.so
b6975000-b7129000 r-xp 00000000 08:06 145556     /usr/lib/jvm/jdk1.6.0_35/jre/lib/i386/server/libjvm.so
b7129000-b717d000 rwxp 007b4000 08:06 145556     /usr/lib/jvm/jdk1.6.0_35/jre/lib/i386/server/libjvm.so
b717d000-b759c000 rwxp 00000000 00:00 0 
b759c000-b773b000 r-xp 00000000 08:06 1178271    /lib/i386-linux-gnu/libc-2.15.so
b773b000-b773d000 r-xp 0019f000 08:06 1178271    /lib/i386-linux-gnu/libc-2.15.so
b773d000-b773e000 rwxp 001a1000 08:06 1178271    /lib/i386-linux-gnu/libc-2.15.so
b773e000-b7741000 rwxp 00000000 00:00 0 
b7741000-b7744000 r-xp 00000000 08:06 1178284    /lib/i386-linux-gnu/libdl-2.15.so
b7744000-b7745000 r-xp 00002000 08:06 1178284    /lib/i386-linux-gnu/libdl-2.15.so
b7745000-b7746000 rwxp 00003000 08:06 1178284    /lib/i386-linux-gnu/libdl-2.15.so
b7746000-b774d000 r-xp 00000000 08:06 145561     /usr/lib/jvm/jdk1.6.0_35/jre/lib/i386/jli/libjli.so
b774d000-b774f000 rwxp 00006000 08:06 145561     /usr/lib/jvm/jdk1.6.0_35/jre/lib/i386/jli/libjli.so
b774f000-b7750000 rwxp 00000000 00:00 0 
b7750000-b7767000 r-xp 00000000 08:06 1178351    /lib/i386-linux-gnu/libpthread-2.15.so
b7767000-b7768000 r-xp 00016000 08:06 1178351    /lib/i386-linux-gnu/libpthread-2.15.so
b7768000-b7769000 rwxp 00017000 08:06 1178351    /lib/i386-linux-gnu/libpthread-2.15.so
b7769000-b776b000 rwxp 00000000 00:00 0 
b776b000-b776e000 r-xs 00000000 08:06 266539     /var/cache/fontconfig/7ef2298fde41cc6eeb7af42e48b7d293-le32d4.cache-3
b776e000-b776f000 r-xs 00003000 08:06 1065012    /usr/local/netbeans-7.2/mobility/modules/ext/org-netbeans-modules-j2me-cdc-project-ojec.jar
b776f000-b7770000 r-xs 00000000 08:06 278867     /usr/local/netbeans-7.2/java/modules/ext/AbsoluteLayout.jar
b7770000-b7771000 r-xp 005e0000 08:06 139487     /usr/lib/locale/locale-archive
b7771000-b7772000 rwxp 00000000 00:00 0 
b7772000-b7773000 r-xp 00000000 00:00 0 
b7773000-b777e000 r-xp 00000000 08:06 145559     /usr/lib/jvm/jdk1.6.0_35/jre/lib/i386/libverify.so
b777e000-b777f000 rwxp 0000b000 08:06 145559     /usr/lib/jvm/jdk1.6.0_35/jre/lib/i386/libverify.so
b777f000-b7781000 rwxp 00000000 00:00 0 
b7781000-b7782000 r-xp 00000000 00:00 0          [vdso]
b7782000-b77a2000 r-xp 00000000 08:06 1178251    /lib/i386-linux-gnu/ld-2.15.so
b77a2000-b77a3000 r-xp 0001f000 08:06 1178251    /lib/i386-linux-gnu/ld-2.15.so
b77a3000-b77a4000 rwxp 00020000 08:06 1178251    /lib/i386-linux-gnu/ld-2.15.so
bfe17000-bfe38000 rwxp 00000000 00:00 0          [stack]

VM Arguments:
jvm_args: -Dfile.encoding=UTF-8 
java_command: define.NewJFrame
Launcher Type: SUN_STANDARD

Environment Variables:
JAVA_HOME=/usr/lib/jvm/jdk1.6.0_35
PATH=/usr/lib/lightdm/lightdm:/usr/local/sbin:/usr/local/bin:/usr/sbin:/usr/bin:/sbin:/bin:/usr/games
LD_LIBRARY_PATH=/usr/lib/jvm/jdk1.6.0_35/jre/lib/i386/server:/usr/lib/jvm/jdk1.6.0_35/jre/lib/i386:/usr/lib/jvm/jdk1.6.0_35/jre/../lib/i386:/usr/lib/jvm/jdk1.6.0_35/jre/lib/i386/client:/usr/lib/jvm/jdk1.6.0_35/jre/lib/i386:/usr/lib/jvm/jdk1.6.0_35/jre/../lib/i386
SHELL=/bin/bash
DISPLAY=:0

Signal Handlers:
SIGSEGV: [libjvm.so+0x726fe0], sa_mask[0]=0x7ffbfeff, sa_flags=0x10000004
SIGBUS: [libjvm.so+0x726fe0], sa_mask[0]=0x7ffbfeff, sa_flags=0x10000004
SIGFPE: [libjvm.so+0x5e13a0], sa_mask[0]=0x7ffbfeff, sa_flags=0x10000004
SIGPIPE: [libjvm.so+0x5e13a0], sa_mask[0]=0x7ffbfeff, sa_flags=0x10000004
SIGXFSZ: [libjvm.so+0x5e13a0], sa_mask[0]=0x7ffbfeff, sa_flags=0x10000004
SIGILL: [libjvm.so+0x5e13a0], sa_mask[0]=0x7ffbfeff, sa_flags=0x10000004
SIGUSR1: SIG_DFL, sa_mask[0]=0x00000000, sa_flags=0x00000000
SIGUSR2: [libjvm.so+0x5e4600], sa_mask[0]=0x00000004, sa_flags=0x10000004
SIGHUP: [libjvm.so+0x5e41e0], sa_mask[0]=0x7ffbfeff, sa_flags=0x10000004
SIGINT: SIG_IGN, sa_mask[0]=0x00000000, sa_flags=0x00000000
SIGTERM: [libjvm.so+0x5e41e0], sa_mask[0]=0x7ffbfeff, sa_flags=0x10000004
SIGQUIT: [libjvm.so+0x5e41e0], sa_mask[0]=0x7ffbfeff, sa_flags=0x10000004


---------------  S Y S T E M  ---------------

OS:wheezy/sid

uname:Linux 3.2.0-29-generic-pae #46-Ubuntu SMP Fri Jul 27 17:25:43 UTC 2012 i686
libc:glibc 2.15 NPTL 2.15 
rlimit: STACK 8192k, CORE 0k, NPROC 24084, NOFILE 4096, AS infinity
load average:1.28 1.26 1.04

/proc/meminfo:
MemTotal:        3097336 kB
MemFree:          214328 kB
Buffers:          163672 kB
Cached:           884416 kB
SwapCached:            0 kB
Active:          2130664 kB
Inactive:         559132 kB
Active(anon):    1642928 kB
Inactive(anon):    19960 kB
Active(file):     487736 kB
Inactive(file):   539172 kB
Unevictable:          32 kB
Mlocked:              32 kB
HighTotal:       2231976 kB
HighFree:          28000 kB
LowTotal:         865360 kB
LowFree:          186328 kB
SwapTotal:             0 kB
SwapFree:              0 kB
Dirty:               444 kB
Writeback:             0 kB
AnonPages:       1641684 kB
Mapped:           186736 kB
Shmem:             21180 kB
Slab:             126180 kB
SReclaimable:     104696 kB
SUnreclaim:        21484 kB
KernelStack:        4416 kB
PageTables:        18828 kB
NFS_Unstable:          0 kB
Bounce:                0 kB
WritebackTmp:          0 kB
CommitLimit:     1548668 kB
Committed_AS:    4919296 kB
VmallocTotal:     122880 kB
VmallocUsed:       45484 kB
VmallocChunk:      69908 kB
HardwareCorrupted:     0 kB
AnonHugePages:         0 kB
HugePages_Total:       0
HugePages_Free:        0
HugePages_Rsvd:        0
HugePages_Surp:        0
Hugepagesize:       2048 kB
DirectMap4k:      108536 kB
DirectMap2M:      804864 kB


CPU:total 2 (2 cores per cpu, 1 threads per core) family 6 model 23 stepping 10, cmov, cx8, fxsr, mmx, sse, sse2, sse3, ssse3

/proc/cpuinfo:
processor	: 0
vendor_id	: GenuineIntel
cpu family	: 6
model		: 23
model name	: Pentium(R) Dual-Core CPU       T4300  @ 2.10GHz
stepping	: 10
microcode	: 0xa07
cpu MHz		: 2100.000
cache size	: 1024 KB
physical id	: 0
siblings	: 2
core id		: 0
cpu cores	: 2
apicid		: 0
initial apicid	: 0
fdiv_bug	: no
hlt_bug		: no
f00f_bug	: no
coma_bug	: no
fpu		: yes
fpu_exception	: yes
cpuid level	: 13
wp		: yes
flags		: fpu vme de pse tsc msr pae mce cx8 apic sep mtrr pge mca cmov pat pse36 clflush dts acpi mmx fxsr sse sse2 ss ht tm pbe nx lm constant_tsc arch_perfmon pebs bts aperfmperf pni dtes64 monitor ds_cpl est tm2 ssse3 cx16 xtpr pdcm xsave lahf_lm dtherm
bogomips	: 4199.87
clflush size	: 64
cache_alignment	: 64
address sizes	: 36 bits physical, 48 bits virtual
power management:

processor	: 1
vendor_id	: GenuineIntel
cpu family	: 6
model		: 23
model name	: Pentium(R) Dual-Core CPU       T4300  @ 2.10GHz
stepping	: 10
microcode	: 0xa07
cpu MHz		: 2100.000
cache size	: 1024 KB
physical id	: 0
siblings	: 2
core id		: 1
cpu cores	: 2
apicid		: 1
initial apicid	: 1
fdiv_bug	: no
hlt_bug		: no
f00f_bug	: no
coma_bug	: no
fpu		: yes
fpu_exception	: yes
cpuid level	: 13
wp		: yes
flags		: fpu vme de pse tsc msr pae mce cx8 apic sep mtrr pge mca cmov pat pse36 clflush dts acpi mmx fxsr sse sse2 ss ht tm pbe nx lm constant_tsc arch_perfmon pebs bts aperfmperf pni dtes64 monitor ds_cpl est tm2 ssse3 cx16 xtpr pdcm xsave lahf_lm dtherm
bogomips	: 4199.95
clflush size	: 64
cache_alignment	: 64
address sizes	: 36 bits physical, 48 bits virtual
power management:



Memory: 4k page, physical 3097336k(214328k free), swap 0k(0k free)

vm_info: Java HotSpot(TM) Server VM (20.10-b01) for linux-x86 JRE (1.6.0_35-b10), built on Aug 28 2012 16:06:20 by "java_re" with gcc 3.2.1-7a (J2SE release)

time: Sun Oct  7 17:07:16 2012
elapsed time: 2 seconds

