#
# A fatal error has been detected by the Java Runtime Environment:
#
#  SIGSEGV (0xb) at pc=0x00000069, pid=11079, tid=1886243648
#
# JRE version: 7.0_09-b05
# Java VM: Java HotSpot(TM) Server VM (23.5-b02 mixed mode linux-x86 )
# Problematic frame:
# C  0x00000069
#
# Failed to write core dump. Core dumps have been disabled. To enable core dumping, try "ulimit -c unlimited" before starting Java again
#
# If you would like to submit a bug report, please visit:
#   http://bugreport.sun.com/bugreport/crash.jsp
# The crash happened outside the Java Virtual Machine in native code.
# See problematic frame for where to report the bug.
#

---------------  T H R E A D  ---------------

Current thread (0x7087a000):  JavaThread "JDWP Transport Listener: dt_socket" daemon [_thread_in_native, id=11090, stack(0x7068c000,0x706dd000)]

siginfo:si_signo=SIGSEGV: si_errno=0, si_code=1 (SEGV_MAPERR), si_addr=0x00000069

Registers:
EAX=0x6e94a1d8, EBX=0x6ec26ff4, ECX=0x73700010, EDX=0x6e947178
ESP=0x706dbe1c, EBP=0x6f7e119c, ESI=0x6e94a3c0, EDI=0x6f7e1198
EIP=0x00000069, EFLAGS=0x00010206, CR2=0x00000069

Top of Stack: (sp=0x706dbe1c)
0x706dbe1c:   6ebe7534 6e94a1d8 00000000 00000001
0x706dbe2c:   00000000 00000001 00000005 00000000
0x706dbe3c:   6f2f3ff4 6e94a3c0 6f7e1198 6f7e119c
0x706dbe4c:   6f2c051f 00000000 000682b8 6f75cb50
0x706dbe5c:   6ec26ff4 6e94a3c0 6f7e1198 6f7e119c
0x706dbe6c:   6ebe7726 6e94a3c0 6ec26ff4 6f74eb20
0x706dbe7c:   6f5b1e30 6f5b1e28 b77676a0 6f7e1180
0x706dbe8c:   6ec26ff4 6f74eb20 6f5b1e30 6f5b1e28 

Instructions: (pc=0x00000069)
0x00000049:   
[error occurred during error reporting (printing registers, top of stack, instructions near pc), id 0xb]

Register to memory mapping:

EAX=0x6e94a1d8 is an unknown value
EBX=0x6ec26ff4: <offset 0x67ff4> in /usr/lib/arc/libaccARC1.so at 0x6ebbf000
ECX=0x73700010 is an unknown value
EDX=0x6e947178 is an unknown value
ESP=0x706dbe1c is pointing into the stack for thread: 0x7087a000
EBP=0x6f7e119c is an unknown value
ESI=0x6e94a3c0 is an unknown value
EDI=0x6f7e1198 is an unknown value


Stack: [0x7068c000,0x706dd000],  sp=0x706dbe1c,  free space=319k
Native frames: (J=compiled Java code, j=interpreted, Vv=VM code, C=native code)
C  0x00000069


---------------  P R O C E S S  ---------------

Java Threads: ( => current thread )
  0x6fb6c400 JavaThread "TimerQueue" daemon [_thread_blocked, id=11110, stack(0x6faaf000,0x6fb00000)]
  0x73706400 JavaThread "org.netbeans.modules.debugger.jpda.visual AWT Access Loop" daemon [_thread_blocked, id=11104, stack(0x6ff65000,0x6ffb6000)]
  0xb6707c00 JavaThread "DestroyJavaVM" [_thread_blocked, id=11083, stack(0xb68b2000,0xb6903000)]
  0x703fe000 JavaThread "AWT-EventQueue-0" [_thread_blocked, id=11103, stack(0x6ffb6000,0x70007000)]
  0x703fcc00 JavaThread "AWT-Shutdown" [_thread_blocked, id=11102, stack(0x70007000,0x70058000)]
  0x703f9800 JavaThread "AWT-XAWT" daemon [_thread_in_native, id=11101, stack(0x70058000,0x700a9000)]
  0x703d7000 JavaThread "Java2D Disposer" daemon [_thread_blocked, id=11100, stack(0x700a9000,0x700fa000)]
  0x7088b000 JavaThread "Service Thread" daemon [_thread_blocked, id=11098, stack(0x70497000,0x704e8000)]
  0x70880400 JavaThread "C2 CompilerThread1" daemon [_thread_blocked, id=11097, stack(0x704e8000,0x70569000)]
  0x7087e400 JavaThread "C2 CompilerThread0" daemon [_thread_blocked, id=11096, stack(0x70569000,0x705ea000)]
  0x7087cc00 JavaThread "JDWP Event Helper Thread" daemon [_thread_blocked, id=11093, stack(0x7063b000,0x7068c000)]
=>0x7087a000 JavaThread "JDWP Transport Listener: dt_socket" daemon [_thread_in_native, id=11090, stack(0x7068c000,0x706dd000)]
  0x70871800 JavaThread "Signal Dispatcher" daemon [_thread_blocked, id=11089, stack(0x7362e000,0x7367f000)]
  0x70837800 JavaThread "Finalizer" daemon [_thread_blocked, id=11088, stack(0x706dd000,0x7072e000)]
  0x70835800 JavaThread "Reference Handler" daemon [_thread_blocked, id=11087, stack(0x7072e000,0x7077f000)]

Other Threads:
  0x70830400 VMThread [stack: 0x7077f000,0x70800000] [id=11086]
  0x7088cc00 WatcherThread [stack: 0x70416000,0x70497000] [id=11099]

VM state:not at safepoint (normal execution)

VM Mutex/Monitor currently owned by a thread: None

Heap
 PSYoungGen      total 17792K, used 11160K [0x9f6c0000, 0xa0a90000, 0xb3410000)
  eden space 15296K, 63% used [0x9f6c0000,0xa00482b0,0xa05b0000)
  from space 2496K, 56% used [0xa05b0000,0xa070e050,0xa0820000)
  to   space 2496K, 0% used [0xa0820000,0xa0820000,0xa0a90000)
 ParOldGen       total 40640K, used 0K [0x77c10000, 0x7a3c0000, 0x9f6c0000)
  object space 40640K, 0% used [0x77c10000,0x77c10000,0x7a3c0000)
 PSPermGen       total 16384K, used 9596K [0x73c10000, 0x74c10000, 0x77c10000)
  object space 16384K, 58% used [0x73c10000,0x7456f2c8,0x74c10000)

Card table byte_map: [0x73a13000,0x73c10000] byte_map_base: 0x73674f80

Polling page: 0xb7743000

Code Cache  [0xb34db000, 0xb371b000, 0xb64db000)
 total_blobs=363 nmethods=53 adapters=270 free_code_cache=48704Kb largest_free_block=49860224

Compilation events (10 events):
Event: 290.559 Thread 0x70880400   46             sun.util.logging.PlatformLogger::finest (12 bytes)
Event: 290.562 Thread 0x70880400 nmethod 46 0xb354af48 code [0xb354b060, 0xb354b144]
Event: 291.006 Thread 0x7087e400   48             sun.awt.X11.Native::getInt (8 bytes)
Event: 291.007 Thread 0x7087e400 nmethod 48 0xb354aa88 code [0xb354ab80, 0xb354ac10]
Event: 364.608 Thread 0x70880400   49             java.util.concurrent.locks.AbstractQueuedSynchronizer::getState (5 bytes)
Event: 364.608 Thread 0x70880400 nmethod 49 0xb354a908 code [0xb354a9e0, 0xb354aa30]
Event: 398.325 Thread 0x7087e400   50             java.util.concurrent.locks.AbstractOwnableSynchronizer::getExclusiveOwnerThread (5 bytes)
Event: 398.326 Thread 0x7087e400 nmethod 50 0xb354a788 code [0xb354a860, 0xb354a8b0]
Event: 417.849 Thread 0x70880400   51             java.util.concurrent.locks.AbstractQueuedSynchronizer::setState (6 bytes)
Event: 417.850 Thread 0x70880400 nmethod 51 0xb354a608 code [0xb354a6e0, 0xb354a730]

GC Heap History (2 events):
Event: 0.866 GC heap before
{Heap before GC invocations=1 (full 0):
 PSYoungGen      total 17792K, used 15296K [0x9f6c0000, 0xa0a90000, 0xb3410000)
  eden space 15296K, 100% used [0x9f6c0000,0xa05b0000,0xa05b0000)
  from space 2496K, 0% used [0xa0820000,0xa0820000,0xa0a90000)
  to   space 2496K, 0% used [0xa05b0000,0xa05b0000,0xa0820000)
 ParOldGen       total 40640K, used 0K [0x77c10000, 0x7a3c0000, 0x9f6c0000)
  object space 40640K, 0% used [0x77c10000,0x77c10000,0x7a3c0000)
 PSPermGen       total 16384K, used 7262K [0x73c10000, 0x74c10000, 0x77c10000)
  object space 16384K, 44% used [0x73c10000,0x74327b30,0x74c10000)
Event: 0.871 GC heap after
Heap after GC invocations=1 (full 0):
 PSYoungGen      total 17792K, used 1400K [0x9f6c0000, 0xa0a90000, 0xb3410000)
  eden space 15296K, 0% used [0x9f6c0000,0x9f6c0000,0xa05b0000)
  from space 2496K, 56% used [0xa05b0000,0xa070e050,0xa0820000)
  to   space 2496K, 0% used [0xa0820000,0xa0820000,0xa0a90000)
 ParOldGen       total 40640K, used 0K [0x77c10000, 0x7a3c0000, 0x9f6c0000)
  object space 40640K, 0% used [0x77c10000,0x77c10000,0x7a3c0000)
 PSPermGen       total 16384K, used 7262K [0x73c10000, 0x74c10000, 0x77c10000)
  object space 16384K, 44% used [0x73c10000,0x74327b30,0x74c10000)
}

Deoptimization events (1 events):
Event: 1.035 Thread 0x703f9800 Uncommon trap -83 fr.pc 0xb3534434

Internal exceptions (10 events):
Event: 29.101 Thread 0x703fe000 Threw 0x9ffc3740 at /HUDSON/workspace/jdk7u9-2-build-linux-i586-product/jdk7u9/hotspot/src/share/vm/prims/jvm.cpp:1166
Event: 30.505 Thread 0x703fe000 Threw 0x9ffc6740 at /HUDSON/workspace/jdk7u9-2-build-linux-i586-product/jdk7u9/hotspot/src/share/vm/prims/jvm.cpp:1166
Event: 30.507 Thread 0x703fe000 Threw 0x9ffca6f8 at /HUDSON/workspace/jdk7u9-2-build-linux-i586-product/jdk7u9/hotspot/src/share/vm/prims/jvm.cpp:1166
Event: 31.055 Thread 0x703fe000 Threw 0x9ffcd0b0 at /HUDSON/workspace/jdk7u9-2-build-linux-i586-product/jdk7u9/hotspot/src/share/vm/prims/jvm.cpp:1166
Event: 31.058 Thread 0x703fe000 Threw 0x9ffd1bf0 at /HUDSON/workspace/jdk7u9-2-build-linux-i586-product/jdk7u9/hotspot/src/share/vm/prims/jvm.cpp:1166
Event: 36.268 Thread 0x703fe000 Threw 0x9ffd4920 at /HUDSON/workspace/jdk7u9-2-build-linux-i586-product/jdk7u9/hotspot/src/share/vm/prims/jvm.cpp:1166
Event: 37.885 Thread 0x703fe000 Threw 0x9ffd7920 at /HUDSON/workspace/jdk7u9-2-build-linux-i586-product/jdk7u9/hotspot/src/share/vm/prims/jvm.cpp:1166
Event: 37.887 Thread 0x703fe000 Threw 0x9ffda7a0 at /HUDSON/workspace/jdk7u9-2-build-linux-i586-product/jdk7u9/hotspot/src/share/vm/prims/jvm.cpp:1166
Event: 40.529 Thread 0x703fe000 Threw 0x9ffdcb80 at /HUDSON/workspace/jdk7u9-2-build-linux-i586-product/jdk7u9/hotspot/src/share/vm/prims/jvm.cpp:1166
Event: 43.708 Thread 0x703fe000 Threw 0x9ffe5568 at /HUDSON/workspace/jdk7u9-2-build-linux-i586-product/jdk7u9/hotspot/src/share/vm/prims/jvm.cpp:1166

Events (10 events):
Event: 149.869 Executing VM operation: ChangeSingleStep done
Event: 149.869 Executing VM operation: ChangeSingleStep
Event: 149.869 Executing VM operation: ChangeSingleStep done
Event: 149.871 Executing VM operation: GetCurrentLocation
Event: 149.871 Executing VM operation: GetCurrentLocation done
Event: 149.871 Executing VM operation: ChangeSingleStep
Event: 149.871 Executing VM operation: ChangeSingleStep done
Event: 149.871 Executing VM operation: ChangeSingleStep
Event: 149.871 Executing VM operation: ChangeSingleStep done
Event: 519.304 Thread 0x08a0c400 Thread exited: 0x08a0c400


Dynamic libraries:
08048000-08049000 r-xp 00000000 08:03 1193091    /usr/lib/jvm/jdk1.7.0_09/bin/java
08049000-0804a000 rw-p 00000000 08:03 1193091    /usr/lib/jvm/jdk1.7.0_09/bin/java
08a0b000-08b47000 rw-p 00000000 00:00 0          [heap]
671d4000-671fa000 r-xp 00000000 08:03 672103     /usr/lib/libglobus_ftp_control.so.1.3.2
671fa000-671fb000 r--p 00025000 08:03 672103     /usr/lib/libglobus_ftp_control.so.1.3.2
671fb000-671fc000 rw-p 00026000 08:03 672103     /usr/lib/libglobus_ftp_control.so.1.3.2
671fc000-6723b000 r-xp 00000000 08:03 672119     /usr/lib/libglobus_ftp_client.so.2.5.2
6723b000-6723c000 r--p 0003e000 08:03 672119     /usr/lib/libglobus_ftp_client.so.2.5.2
6723c000-6723d000 rw-p 0003f000 08:03 672119     /usr/lib/libglobus_ftp_client.so.2.5.2
6723d000-6726b000 r-xp 00000000 08:03 935014     /usr/lib/arc/libdmcgridftp.so
6726b000-6726c000 ---p 0002e000 08:03 935014     /usr/lib/arc/libdmcgridftp.so
6726c000-6726d000 r--p 0002e000 08:03 935014     /usr/lib/arc/libdmcgridftp.so
6726d000-6726e000 rw-p 0002f000 08:03 935014     /usr/lib/arc/libdmcgridftp.so
6726e000-67287000 r-xp 00000000 08:03 935003     /usr/lib/arc/libdmcarc.so
67287000-67288000 r--p 00018000 08:03 935003     /usr/lib/arc/libdmcarc.so
67288000-67289000 rw-p 00019000 08:03 935003     /usr/lib/arc/libdmcarc.so
67289000-672a0000 r-xp 00000000 08:03 935009     /usr/lib/arc/libdmchttp.so
672a0000-672a1000 r--p 00016000 08:03 935009     /usr/lib/arc/libdmchttp.so
672a1000-672a2000 rw-p 00017000 08:03 935009     /usr/lib/arc/libdmchttp.so
672a2000-672f2000 r-xp 00000000 08:03 935011     /usr/lib/arc/libdmcsrm.so
672f2000-672f3000 r--p 00050000 08:03 935011     /usr/lib/arc/libdmcsrm.so
672f3000-672f4000 rw-p 00051000 08:03 935011     /usr/lib/arc/libdmcsrm.so
672f4000-67321000 r-xp 00000000 08:03 672131     /usr/lib/liblcgdm.so.1.8.2
67321000-67322000 r--p 0002c000 08:03 672131     /usr/lib/liblcgdm.so.1.8.2
67322000-67323000 rw-p 0002d000 08:03 672131     /usr/lib/liblcgdm.so.1.8.2
67323000-67324000 rw-p 00000000 00:00 0 
67324000-67339000 r-xp 00000000 08:03 672133     /usr/lib/liblfc.so.1.8.2
67339000-6733a000 r--p 00014000 08:03 672133     /usr/lib/liblfc.so.1.8.2
6733a000-6733b000 rw-p 00015000 08:03 672133     /usr/lib/liblfc.so.1.8.2
6733b000-67358000 r-xp 00000000 08:03 935021     /usr/lib/arc/libdmclfc.so
67358000-67359000 ---p 0001d000 08:03 935021     /usr/lib/arc/libdmclfc.so
67359000-6735a000 r--p 0001d000 08:03 935021     /usr/lib/arc/libdmclfc.so
6735a000-6735b000 rw-p 0001e000 08:03 935021     /usr/lib/arc/libdmclfc.so
6735b000-67360000 r-xp 00000000 08:03 2239922    /lib/i386-linux-gnu/libnss_dns-2.15.so
67360000-67361000 r--p 00004000 08:03 2239922    /lib/i386-linux-gnu/libnss_dns-2.15.so
67361000-67362000 rw-p 00005000 08:03 2239922    /lib/i386-linux-gnu/libnss_dns-2.15.so
67362000-67364000 r-xp 00000000 08:03 2228279    /lib/libnss_mdns4_minimal.so.2
67364000-67365000 r--p 00001000 08:03 2228279    /lib/libnss_mdns4_minimal.so.2
67365000-67366000 rw-p 00002000 08:03 2228279    /lib/libnss_mdns4_minimal.so.2
67413000-6741b000 r-xp 00000000 08:03 2229330    /lib/i386-linux-gnu/libcrypt-2.15.so
6741b000-6741c000 r--p 00007000 08:03 2229330    /lib/i386-linux-gnu/libcrypt-2.15.so
6741c000-6741d000 rw-p 00008000 08:03 2229330    /lib/i386-linux-gnu/libcrypt-2.15.so
6741d000-67444000 rw-p 00000000 00:00 0 
67444000-674e6000 r-xp 00000000 08:03 661801     /usr/lib/i386-linux-gnu/libsqlite3.so.0.8.6
674e6000-674e7000 r--p 000a2000 08:03 661801     /usr/lib/i386-linux-gnu/libsqlite3.so.0.8.6
674e7000-674e8000 rw-p 000a3000 08:03 661801     /usr/lib/i386-linux-gnu/libsqlite3.so.0.8.6
674e8000-674e9000 rw-p 00000000 00:00 0 
674e9000-6752c000 r-xp 00000000 08:03 661607     /usr/lib/i386-linux-gnu/libhx509.so.5.0.0
6752c000-6752d000 ---p 00043000 08:03 661607     /usr/lib/i386-linux-gnu/libhx509.so.5.0.0
6752d000-6752e000 r--p 00043000 08:03 661607     /usr/lib/i386-linux-gnu/libhx509.so.5.0.0
6752e000-67530000 rw-p 00044000 08:03 661607     /usr/lib/i386-linux-gnu/libhx509.so.5.0.0
67530000-6753d000 r-xp 00000000 08:03 661601     /usr/lib/i386-linux-gnu/libheimbase.so.1.0.0
6753d000-6753e000 r--p 0000c000 08:03 661601     /usr/lib/i386-linux-gnu/libheimbase.so.1.0.0
6753e000-6753f000 rw-p 0000d000 08:03 661601     /usr/lib/i386-linux-gnu/libheimbase.so.1.0.0
6753f000-67566000 r-xp 00000000 08:03 661868     /usr/lib/i386-linux-gnu/libwind.so.0.0.0
67566000-67567000 r--p 00027000 08:03 661868     /usr/lib/i386-linux-gnu/libwind.so.0.0.0
67567000-67568000 rw-p 00028000 08:03 661868     /usr/lib/i386-linux-gnu/libwind.so.0.0.0
67568000-6756b000 r-xp 00000000 08:03 2229178    /lib/i386-linux-gnu/libgpg-error.so.0.8.0
6756b000-6756c000 r--p 00002000 08:03 2229178    /lib/i386-linux-gnu/libgpg-error.so.0.8.0
6756c000-6756d000 rw-p 00003000 08:03 2229178    /lib/i386-linux-gnu/libgpg-error.so.0.8.0
6756d000-6757d000 r-xp 00000000 08:03 661700     /usr/lib/i386-linux-gnu/libp11-kit.so.0.0.0
6757d000-6757e000 r--p 0000f000 08:03 661700     /usr/lib/i386-linux-gnu/libp11-kit.so.0.0.0
6757e000-6757f000 rw-p 00010000 08:03 661700     /usr/lib/i386-linux-gnu/libp11-kit.so.0.0.0
6757f000-6758f000 r-xp 00000000 08:03 661817     /usr/lib/i386-linux-gnu/libtasn1.so.3.1.12
6758f000-67590000 r--p 0000f000 08:03 661817     /usr/lib/i386-linux-gnu/libtasn1.so.3.1.12
67590000-67591000 rw-p 00010000 08:03 661817     /usr/lib/i386-linux-gnu/libtasn1.so.3.1.12
67591000-675a5000 r-xp 00000000 08:03 661763     /usr/lib/i386-linux-gnu/libroken.so.18.1.0
675a5000-675a6000 r--p 00013000 08:03 661763     /usr/lib/i386-linux-gnu/libroken.so.18.1.0
675a6000-675a7000 rw-p 00014000 08:03 661763     /usr/lib/i386-linux-gnu/libroken.so.18.1.0
675a7000-675d9000 r-xp 00000000 08:03 661599     /usr/lib/i386-linux-gnu/libhcrypto.so.4.1.0
675d9000-675da000 r--p 00032000 08:03 661599     /usr/lib/i386-linux-gnu/libhcrypto.so.4.1.0
675da000-675db000 rw-p 00033000 08:03 661599     /usr/lib/i386-linux-gnu/libhcrypto.so.4.1.0
675db000-675dc000 rw-p 00000000 00:00 0 
675dc000-675df000 r-xp 00000000 08:03 2229158    /lib/i386-linux-gnu/libcom_err.so.2.1
675df000-675e0000 r--p 00002000 08:03 2229158    /lib/i386-linux-gnu/libcom_err.so.2.1
675e0000-675e1000 rw-p 00003000 08:03 2229158    /lib/i386-linux-gnu/libcom_err.so.2.1
675e1000-67681000 r-xp 00000000 08:03 661321     /usr/lib/i386-linux-gnu/libasn1.so.8.0.0
67681000-67682000 ---p 000a0000 08:03 661321     /usr/lib/i386-linux-gnu/libasn1.so.8.0.0
67682000-67683000 r--p 000a0000 08:03 661321     /usr/lib/i386-linux-gnu/libasn1.so.8.0.0
67683000-67686000 rw-p 000a1000 08:03 661321     /usr/lib/i386-linux-gnu/libasn1.so.8.0.0
67686000-67705000 r-xp 00000000 08:03 661632     /usr/lib/i386-linux-gnu/libkrb5.so.26.0.0
67705000-67707000 r--p 0007e000 08:03 661632     /usr/lib/i386-linux-gnu/libkrb5.so.26.0.0
67707000-67709000 rw-p 00080000 08:03 661632     /usr/lib/i386-linux-gnu/libkrb5.so.26.0.0
67709000-6770f000 r-xp 00000000 08:03 661603     /usr/lib/i386-linux-gnu/libheimntlm.so.0.1.0
6770f000-67710000 r--p 00005000 08:03 661603     /usr/lib/i386-linux-gnu/libheimntlm.so.0.1.0
67710000-67711000 rw-p 00006000 08:03 661603     /usr/lib/i386-linux-gnu/libheimntlm.so.0.1.0
67711000-67793000 r-xp 00000000 08:03 2229174    /lib/i386-linux-gnu/libgcrypt.so.11.7.0
67793000-67794000 r--p 00081000 08:03 2229174    /lib/i386-linux-gnu/libgcrypt.so.11.7.0
67794000-67796000 rw-p 00082000 08:03 2229174    /lib/i386-linux-gnu/libgcrypt.so.11.7.0
67796000-67855000 r-xp 00000000 08:03 661522     /usr/lib/i386-linux-gnu/libgnutls.so.26.21.8
67855000-67859000 r--p 000be000 08:03 661522     /usr/lib/i386-linux-gnu/libgnutls.so.26.21.8
67859000-6785a000 rw-p 000c2000 08:03 661522     /usr/lib/i386-linux-gnu/libgnutls.so.26.21.8
6785a000-67894000 r-xp 00000000 08:03 661537     /usr/lib/i386-linux-gnu/libgssapi.so.3.0.0
67894000-67895000 r--p 00039000 08:03 661537     /usr/lib/i386-linux-gnu/libgssapi.so.3.0.0
67895000-67897000 rw-p 0003a000 08:03 661537     /usr/lib/i386-linux-gnu/libgssapi.so.3.0.0
67897000-678b1000 r-xp 00000000 08:03 661778     /usr/lib/i386-linux-gnu/libsasl2.so.2.0.25
678b1000-678b2000 r--p 00019000 08:03 661778     /usr/lib/i386-linux-gnu/libsasl2.so.2.0.25
678b2000-678b3000 rw-p 0001a000 08:03 661778     /usr/lib/i386-linux-gnu/libsasl2.so.2.0.25
678b3000-678c6000 r-xp 00000000 08:03 2239920    /lib/i386-linux-gnu/libresolv-2.15.so
678c6000-678c7000 ---p 00013000 08:03 2239920    /lib/i386-linux-gnu/libresolv-2.15.so
678c7000-678c8000 r--p 00013000 08:03 2239920    /lib/i386-linux-gnu/libresolv-2.15.so
678c8000-678c9000 rw-p 00014000 08:03 2239920    /lib/i386-linux-gnu/libresolv-2.15.so
678c9000-678cb000 rw-p 00000000 00:00 0 
678cb000-678d8000 r-xp 00000000 08:03 657943     /usr/lib/i386-linux-gnu/liblber-2.4.so.2.8.1
678d8000-678d9000 r--p 0000c000 08:03 657943     /usr/lib/i386-linux-gnu/liblber-2.4.so.2.8.1
678d9000-678da000 rw-p 0000d000 08:03 657943     /usr/lib/i386-linux-gnu/liblber-2.4.so.2.8.1
678da000-67928000 r-xp 00000000 08:03 657942     /usr/lib/i386-linux-gnu/libldap_r-2.4.so.2.8.1
67928000-67929000 ---p 0004e000 08:03 657942     /usr/lib/i386-linux-gnu/libldap_r-2.4.so.2.8.1
67929000-6792a000 r--p 0004e000 08:03 657942     /usr/lib/i386-linux-gnu/libldap_r-2.4.so.2.8.1
6792a000-6792b000 rw-p 0004f000 08:03 657942     /usr/lib/i386-linux-gnu/libldap_r-2.4.so.2.8.1
6792b000-6792c000 rw-p 00000000 00:00 0 
67940000-67943000 r-xp 00000000 08:03 672023     /usr/lib/libglobus_callout.so.0.2.1
67943000-67944000 r--p 00003000 08:03 672023     /usr/lib/libglobus_callout.so.0.2.1
67944000-67945000 rw-p 00004000 08:03 672023     /usr/lib/libglobus_callout.so.0.2.1
67945000-67949000 r-xp 00000000 08:03 672033     /usr/lib/libglobus_proxy_ssl.so.1.3.1
67949000-6794a000 r--p 00003000 08:03 672033     /usr/lib/libglobus_proxy_ssl.so.1.3.1
6794a000-6794b000 rw-p 00004000 08:03 672033     /usr/lib/libglobus_proxy_ssl.so.1.3.1
6794b000-67953000 r-xp 00000000 08:03 672053     /usr/lib/libglobus_oldgaa.so.0.4.1
67953000-67954000 r--p 00007000 08:03 672053     /usr/lib/libglobus_oldgaa.so.0.4.1
67954000-67955000 rw-p 00008000 08:03 672053     /usr/lib/libglobus_oldgaa.so.0.4.1
67955000-67959000 r-xp 00000000 08:03 672028     /usr/lib/libglobus_openssl_error.so.0.2.1
67959000-6795a000 r--p 00003000 08:03 672028     /usr/lib/libglobus_openssl_error.so.0.2.1
6795a000-6795b000 rw-p 00004000 08:03 672028     /usr/lib/libglobus_openssl_error.so.0.2.1
6795b000-67960000 r-xp 00000000 08:03 672043     /usr/lib/libglobus_gsi_cert_utils.so.0.8.1
67960000-67961000 r--p 00004000 08:03 672043     /usr/lib/libglobus_gsi_cert_utils.so.0.8.1
67961000-67962000 rw-p 00005000 08:03 672043     /usr/lib/libglobus_gsi_cert_utils.so.0.8.1
67962000-6796d000 r-xp 00000000 08:03 672048     /usr/lib/libglobus_gsi_sysconfig.so.1.4.1
6796d000-6796e000 r--p 0000b000 08:03 672048     /usr/lib/libglobus_gsi_sysconfig.so.1.4.1
6796e000-6796f000 rw-p 0000c000 08:03 672048     /usr/lib/libglobus_gsi_sysconfig.so.1.4.1
6796f000-6797e000 r-xp 00000000 08:03 672060     /usr/lib/libglobus_gsi_credential.so.1.4.1
6797e000-6797f000 r--p 0000e000 08:03 672060     /usr/lib/libglobus_gsi_credential.so.1.4.1
6797f000-67980000 rw-p 0000f000 08:03 672060     /usr/lib/libglobus_gsi_credential.so.1.4.1
67980000-67990000 r-xp 00000000 08:03 672065     /usr/lib/libglobus_gsi_proxy_core.so.0.6.1
67990000-67991000 r--p 0000f000 08:03 672065     /usr/lib/libglobus_gsi_proxy_core.so.0.6.1
67991000-67992000 rw-p 00010000 08:03 672065     /usr/lib/libglobus_gsi_proxy_core.so.0.6.1
67992000-6799a000 r-xp 00000000 08:03 661651     /usr/lib/i386-linux-gnu/libltdl.so.7.3.0
6799a000-6799b000 r--p 00008000 08:03 661651     /usr/lib/i386-linux-gnu/libltdl.so.7.3.0
6799b000-6799c000 rw-p 00009000 08:03 661651     /usr/lib/i386-linux-gnu/libltdl.so.7.3.0
6799c000-679f6000 r-xp 00000000 08:03 672085     /usr/lib/libglobus_xio.so.0.3.2
679f6000-679f7000 r--p 00059000 08:03 672085     /usr/lib/libglobus_xio.so.0.3.2
679f7000-679f8000 rw-p 0005a000 08:03 672085     /usr/lib/libglobus_xio.so.0.3.2
679f8000-67a04000 r-xp 00000000 08:03 672075     /usr/lib/libglobus_gss_assist.so.3.5.1
67a04000-67a05000 r--p 0000b000 08:03 672075     /usr/lib/libglobus_gss_assist.so.3.5.1
67a05000-67a06000 rw-p 0000c000 08:03 672075     /usr/lib/libglobus_gss_assist.so.3.5.1
67a06000-67a10000 r-xp 00000000 08:03 672054     /usr/lib/libglobus_gsi_callback.so.0.4.1
67a10000-67a11000 r--p 00009000 08:03 672054     /usr/lib/libglobus_gsi_callback.so.0.4.1
67a11000-67a12000 rw-p 0000a000 08:03 672054     /usr/lib/libglobus_gsi_callback.so.0.4.1
67a12000-67a2c000 r-xp 00000000 08:03 672070     /usr/lib/libglobus_gssapi_gsi.so.4.6.2
67a2c000-67a2d000 r--p 00019000 08:03 672070     /usr/lib/libglobus_gssapi_gsi.so.4.6.2
67a2d000-67a2e000 rw-p 0001a000 08:03 672070     /usr/lib/libglobus_gssapi_gsi.so.4.6.2
67a2e000-67a70000 r-xp 00000000 08:03 672015     /usr/lib/libglobus_common.so.0.14.5
67a70000-67a71000 r--p 00041000 08:03 672015     /usr/lib/libglobus_common.so.0.14.5
67a71000-67a72000 rw-p 00042000 08:03 672015     /usr/lib/libglobus_common.so.0.14.5
67a72000-67a73000 rw-p 00000000 00:00 0 
67a73000-67a8a000 r-xp 00000000 08:03 672098     /usr/lib/libglobus_io.so.3.6.2
67a8a000-67a8b000 r--p 00016000 08:03 672098     /usr/lib/libglobus_io.so.3.6.2
67a8b000-67a8c000 rw-p 00017000 08:03 672098     /usr/lib/libglobus_io.so.3.6.2
67a8c000-67a98000 r-xp 00000000 08:03 672124     /usr/lib/libglobus_rls_client.so.5.0.2
67a98000-67a99000 r--p 0000b000 08:03 672124     /usr/lib/libglobus_rls_client.so.5.0.2
67a99000-67a9a000 rw-p 0000c000 08:03 672124     /usr/lib/libglobus_rls_client.so.5.0.2
67a9a000-67aa1000 r-xp 00000000 08:03 656561     /usr/lib/libarcglobusutils.so.2.0.0
67aa1000-67aa2000 r--p 00006000 08:03 656561     /usr/lib/libarcglobusutils.so.2.0.0
67aa2000-67aa3000 rw-p 00007000 08:03 656561     /usr/lib/libarcglobusutils.so.2.0.0
67aa3000-67ac5000 r-xp 00000000 08:03 935019     /usr/lib/arc/libdmcrls.so
67ac5000-67ac6000 r--p 00021000 08:03 935019     /usr/lib/arc/libdmcrls.so
67ac6000-67ac7000 rw-p 00022000 08:03 935019     /usr/lib/arc/libdmcrls.so
67ac7000-67adf000 r-xp 00000000 08:03 935005     /usr/lib/arc/libdmcfile.so
67adf000-67ae0000 r--p 00018000 08:03 935005     /usr/lib/arc/libdmcfile.so
67ae0000-67ae1000 rw-p 00019000 08:03 935005     /usr/lib/arc/libdmcfile.so
69ae3000-69ae4000 ---p 00000000 00:00 0 
69ae4000-6aae4000 rw-p 00000000 00:00 0 
6c2e5000-6c2e6000 ---p 00000000 00:00 0 
6c2e6000-6cae6000 rw-p 00000000 00:00 0 
6cae6000-6cae7000 ---p 00000000 00:00 0 
6cae7000-6dae7000 rw-p 00000000 00:00 0 
6e0ff000-6e100000 ---p 00000000 00:00 0 
6e100000-6e900000 rw-p 00000000 00:00 0 
6e900000-6e964000 rw-p 00000000 00:00 0 
6e964000-6ea00000 ---p 00000000 00:00 0 
6eae8000-6eb33000 r-xp 00000000 08:03 934984     /usr/lib/arc/libaccEMIES.so
6eb33000-6eb34000 r--p 0004a000 08:03 934984     /usr/lib/arc/libaccEMIES.so
6eb34000-6eb35000 rw-p 0004b000 08:03 934984     /usr/lib/arc/libaccEMIES.so
6eb35000-6eb55000 r-xp 00000000 08:03 655971     /usr/lib/libarcsecurity.so.2.0.0
6eb55000-6eb56000 r--p 00020000 08:03 655971     /usr/lib/libarcsecurity.so.2.0.0
6eb56000-6eb57000 rw-p 00021000 08:03 655971     /usr/lib/libarcsecurity.so.2.0.0
6eb57000-6eba9000 r-xp 00000000 08:03 655577     /usr/lib/libarcws.so.2.0.0
6eba9000-6ebaa000 r--p 00052000 08:03 655577     /usr/lib/libarcws.so.2.0.0
6ebaa000-6ebab000 rw-p 00053000 08:03 655577     /usr/lib/libarcws.so.2.0.0
6ebad000-6ebbd000 r-xp 00000000 08:03 934995     /usr/lib/arc/libdmcldap.so
6ebbd000-6ebbe000 r--p 0000f000 08:03 934995     /usr/lib/arc/libdmcldap.so
6ebbe000-6ebbf000 rw-p 00010000 08:03 934995     /usr/lib/arc/libdmcldap.so
6ebbf000-6ec26000 r-xp 00000000 08:03 935010     /usr/lib/arc/libaccARC1.so
6ec26000-6ec27000 r--p 00066000 08:03 935010     /usr/lib/arc/libaccARC1.so
6ec27000-6ec28000 rw-p 00067000 08:03 935010     /usr/lib/arc/libaccARC1.so
6ec28000-6ec5b000 r-xp 00000000 08:03 934992     /usr/lib/arc/libaccldap.so
6ec5b000-6ec5c000 r--p 00032000 08:03 934992     /usr/lib/arc/libaccldap.so
6ec5c000-6ec5d000 rw-p 00033000 08:03 934992     /usr/lib/arc/libaccldap.so
6ec5d000-6ec97000 r-xp 00000000 08:03 658192     /usr/lib/i386-linux-gnu/libxslt.so.1.1.26
6ec97000-6ec98000 r--p 0003a000 08:03 658192     /usr/lib/i386-linux-gnu/libxslt.so.1.1.26
6ec98000-6ec99000 rw-p 0003b000 08:03 658192     /usr/lib/i386-linux-gnu/libxslt.so.1.1.26
6ec99000-6ecd3000 r-xp 00000000 08:03 2229224    /lib/i386-linux-gnu/libpcre.so.3.12.1
6ecd3000-6ecd4000 r--p 00039000 08:03 2229224    /lib/i386-linux-gnu/libpcre.so.3.12.1
6ecd4000-6ecd5000 rw-p 0003a000 08:03 2229224    /lib/i386-linux-gnu/libpcre.so.3.12.1
6ecd5000-6ed32000 r-xp 00000000 08:03 671856     /usr/lib/libxmlsec1.so.1.2.14
6ed32000-6ed34000 r--p 0005c000 08:03 671856     /usr/lib/libxmlsec1.so.1.2.14
6ed34000-6ed35000 rw-p 0005e000 08:03 671856     /usr/lib/libxmlsec1.so.1.2.14
6ed35000-6ed68000 r-xp 00000000 08:03 671858     /usr/lib/libxmlsec1-openssl.so.1.2.14
6ed68000-6ed6a000 r--p 00032000 08:03 671858     /usr/lib/libxmlsec1-openssl.so.1.2.14
6ed6a000-6ed6b000 rw-p 00034000 08:03 671858     /usr/lib/libxmlsec1-openssl.so.1.2.14
6ed6b000-6edb8000 r-xp 00000000 08:03 661528     /usr/lib/i386-linux-gnu/libgobject-2.0.so.0.3200.3
6edb8000-6edb9000 r--p 0004c000 08:03 661528     /usr/lib/i386-linux-gnu/libgobject-2.0.so.0.3200.3
6edb9000-6edba000 rw-p 0004d000 08:03 661528     /usr/lib/i386-linux-gnu/libgobject-2.0.so.0.3200.3
6edba000-6edce000 r-xp 00000000 08:03 2229262    /lib/i386-linux-gnu/libz.so.1.2.3.4
6edce000-6edcf000 r--p 00013000 08:03 2229262    /lib/i386-linux-gnu/libz.so.1.2.3.4
6edcf000-6edd0000 rw-p 00014000 08:03 2229262    /lib/i386-linux-gnu/libz.so.1.2.3.4
6edd0000-6eec7000 r-xp 00000000 08:03 2229176    /lib/i386-linux-gnu/libglib-2.0.so.0.3200.3
6eec7000-6eec8000 r--p 000f6000 08:03 2229176    /lib/i386-linux-gnu/libglib-2.0.so.0.3200.3
6eec8000-6eec9000 rw-p 000f7000 08:03 2229176    /lib/i386-linux-gnu/libglib-2.0.so.0.3200.3
6eec9000-6f010000 r-xp 00000000 08:03 657254     /usr/lib/i386-linux-gnu/libxml2.so.2.7.8
6f010000-6f014000 r--p 00147000 08:03 657254     /usr/lib/i386-linux-gnu/libxml2.so.2.7.8
6f014000-6f015000 rw-p 0014b000 08:03 657254     /usr/lib/i386-linux-gnu/libxml2.so.2.7.8
6f015000-6f016000 rw-p 00000000 00:00 0 
6f016000-6f065000 r-xp 00000000 08:03 2229132    /lib/i386-linux-gnu/libssl.so.1.0.0
6f065000-6f066000 ---p 0004f000 08:03 2229132    /lib/i386-linux-gnu/libssl.so.1.0.0
6f066000-6f068000 r--p 0004f000 08:03 2229132    /lib/i386-linux-gnu/libssl.so.1.0.0
6f068000-6f06c000 rw-p 00051000 08:03 2229132    /lib/i386-linux-gnu/libssl.so.1.0.0
6f06c000-6f1fe000 r-xp 00000000 08:03 2228250    /lib/i386-linux-gnu/libcrypto.so.1.0.0
6f1fe000-6f20d000 r--p 00192000 08:03 2228250    /lib/i386-linux-gnu/libcrypto.so.1.0.0
6f20d000-6f214000 rw-p 001a1000 08:03 2228250    /lib/i386-linux-gnu/libcrypto.so.1.0.0
6f214000-6f217000 rw-p 00000000 00:00 0 
6f217000-6f2ef000 r-xp 00000000 08:03 661811     /usr/lib/i386-linux-gnu/libstdc++.so.6.0.16
6f2ef000-6f2f0000 ---p 000d8000 08:03 661811     /usr/lib/i386-linux-gnu/libstdc++.so.6.0.16
6f2f0000-6f2f4000 r--p 000d8000 08:03 661811     /usr/lib/i386-linux-gnu/libstdc++.so.6.0.16
6f2f4000-6f2f5000 rw-p 000dc000 08:03 661811     /usr/lib/i386-linux-gnu/libstdc++.so.6.0.16
6f2f5000-6f2fc000 rw-p 00000000 00:00 0 
6f2fc000-6f360000 r-xp 00000000 08:03 661510     /usr/lib/i386-linux-gnu/libglibmm-2.4.so.1.3.0
6f360000-6f361000 ---p 00064000 08:03 661510     /usr/lib/i386-linux-gnu/libglibmm-2.4.so.1.3.0
6f361000-6f362000 r--p 00064000 08:03 661510     /usr/lib/i386-linux-gnu/libglibmm-2.4.so.1.3.0
6f362000-6f363000 rw-p 00065000 08:03 661510     /usr/lib/i386-linux-gnu/libglibmm-2.4.so.1.3.0
6f363000-6f3fd000 r-xp 00000000 08:03 655650     /usr/lib/libarccommon.so.2.0.0
6f3fd000-6f3fe000 r--p 00099000 08:03 655650     /usr/lib/libarccommon.so.2.0.0
6f3fe000-6f3ff000 rw-p 0009a000 08:03 655650     /usr/lib/libarccommon.so.2.0.0
6f3ff000-6f41a000 r-xp 00000000 08:03 655578     /usr/lib/libarcloader.so.2.0.0
6f41a000-6f41b000 r--p 0001a000 08:03 655578     /usr/lib/libarcloader.so.2.0.0
6f41b000-6f41c000 rw-p 0001b000 08:03 655578     /usr/lib/libarcloader.so.2.0.0
6f41c000-6f475000 r-xp 00000000 08:03 656116     /usr/lib/libarccredential.so.2.0.0
6f475000-6f476000 r--p 00058000 08:03 656116     /usr/lib/libarccredential.so.2.0.0
6f476000-6f477000 rw-p 00059000 08:03 656116     /usr/lib/libarccredential.so.2.0.0
6f477000-6f4c8000 r-xp 00000000 08:03 655579     /usr/lib/libarcdata2.so.2.0.0
6f4c8000-6f4c9000 ---p 00051000 08:03 655579     /usr/lib/libarcdata2.so.2.0.0
6f4c9000-6f4ca000 r--p 00051000 08:03 655579     /usr/lib/libarcdata2.so.2.0.0
6f4ca000-6f4cb000 rw-p 00052000 08:03 655579     /usr/lib/libarcdata2.so.2.0.0
6f4cb000-6f5b0000 r-xp 00000000 08:03 655573     /usr/lib/libarcclient.so.2.0.0
6f5b0000-6f5b1000 r--p 000e4000 08:03 655573     /usr/lib/libarcclient.so.2.0.0
6f5b1000-6f5b2000 rw-p 000e5000 08:03 655573     /usr/lib/libarcclient.so.2.0.0
6f5b2000-6f5b3000 rw-p 00000000 00:00 0 
6f5b3000-6f6fc000 r-xp 00000000 08:03 657566     /usr/lib/libjarc.so
6f6fc000-6f6fd000 ---p 00149000 08:03 657566     /usr/lib/libjarc.so
6f6fd000-6f6fe000 r--p 00149000 08:03 657566     /usr/lib/libjarc.so
6f6fe000-6f6ff000 rw-p 0014a000 08:03 657566     /usr/lib/libjarc.so
6f6ff000-6f700000 rw-p 00000000 00:00 0 
6f700000-6f7e2000 rw-p 00000000 00:00 0 
6f7e2000-6f800000 ---p 00000000 00:00 0 
6f801000-6f803000 r-xp 00000000 08:03 672038     /usr/lib/libglobus_openssl.so.0.3.1
6f803000-6f804000 r--p 00001000 08:03 672038     /usr/lib/libglobus_openssl.so.0.3.1
6f804000-6f805000 rw-p 00002000 08:03 672038     /usr/lib/libglobus_openssl.so.0.3.1
6f805000-6f80a000 r-xp 00000000 08:03 661455     /usr/lib/i386-linux-gnu/libffi.so.6.0.0
6f80a000-6f80b000 r--p 00004000 08:03 661455     /usr/lib/i386-linux-gnu/libffi.so.6.0.0
6f80b000-6f80c000 rw-p 00005000 08:03 661455     /usr/lib/i386-linux-gnu/libffi.so.6.0.0
6f80c000-6f900000 rw-s 00000000 00:04 71630881   /SYSV00000000 (deleted)
6f900000-6f932000 rw-p 00000000 00:00 0 
6f932000-6fa00000 ---p 00000000 00:00 0 
6fa01000-6fa03000 r-xp 00000000 08:03 672080     /usr/lib/libglobus_gssapi_error.so.2.2.1
6fa03000-6fa04000 r--p 00001000 08:03 672080     /usr/lib/libglobus_gssapi_error.so.2.2.1
6fa04000-6fa05000 rw-p 00002000 08:03 672080     /usr/lib/libglobus_gssapi_error.so.2.2.1
6fa05000-6fa3c000 r-xp 00000000 08:03 655756     /usr/lib/libarcmessage.so.2.0.0
6fa3c000-6fa3d000 r--p 00036000 08:03 655756     /usr/lib/libarcmessage.so.2.0.0
6fa3d000-6fa3e000 rw-p 00037000 08:03 655756     /usr/lib/libarcmessage.so.2.0.0
6fa3e000-6faad000 r-xp 00000000 08:03 655576     /usr/lib/libarcdatastaging.so.2.0.0
6faad000-6faae000 r--p 0006e000 08:03 655576     /usr/lib/libarcdatastaging.so.2.0.0
6faae000-6faaf000 rw-p 0006f000 08:03 655576     /usr/lib/libarcdatastaging.so.2.0.0
6faaf000-6fab2000 ---p 00000000 00:00 0 
6fab2000-6fb00000 rw-p 00000000 00:00 0 
6fb00000-6fbe7000 rw-p 00000000 00:00 0 
6fbe7000-6fc00000 ---p 00000000 00:00 0 
6fc02000-6fc06000 r-xp 00000000 08:03 2229258    /lib/i386-linux-gnu/libuuid.so.1.3.0
6fc06000-6fc07000 r--p 00003000 08:03 2229258    /lib/i386-linux-gnu/libuuid.so.1.3.0
6fc07000-6fc08000 rw-p 00004000 08:03 2229258    /lib/i386-linux-gnu/libuuid.so.1.3.0
6fc08000-6fc13000 r-xp 00000000 08:03 655719     /usr/lib/libarcxmlsec.so.2.0.0
6fc13000-6fc14000 r--p 0000a000 08:03 655719     /usr/lib/libarcxmlsec.so.2.0.0
6fc14000-6fc15000 rw-p 0000b000 08:03 655719     /usr/lib/libarcxmlsec.so.2.0.0
6fc15000-6fc28000 r-xp 00000000 08:03 656082     /usr/lib/libarccredentialstore.so.2.0.0
6fc28000-6fc29000 r--p 00013000 08:03 656082     /usr/lib/libarccredentialstore.so.2.0.0
6fc29000-6fc2a000 rw-p 00014000 08:03 656082     /usr/lib/libarccredentialstore.so.2.0.0
6fc2a000-6fc2b000 r-xp 00000000 08:03 934866     /usr/lib/arc/libmodcredential.so
6fc2b000-6fc2c000 r--p 00000000 08:03 934866     /usr/lib/arc/libmodcredential.so
6fc2c000-6fc2d000 rw-p 00001000 08:03 934866     /usr/lib/arc/libmodcredential.so
6fc2d000-6fc34000 r--s 00000000 08:03 657833     /usr/lib/i386-linux-gnu/gconv/gconv-modules.cache
6fc34000-6fc3c000 r-xp 00000000 08:03 934986     /usr/lib/arc/libaccSER.so
6fc3c000-6fc3d000 r--p 00007000 08:03 934986     /usr/lib/arc/libaccSER.so
6fc3d000-6fc3e000 rw-p 00008000 08:03 934986     /usr/lib/arc/libaccSER.so
6fc3e000-6fc9e000 r-xp 00000000 08:03 1593185    /usr/lib/jvm/jdk1.7.0_09/jre/lib/i386/libt2k.so
6fc9e000-6fca2000 rw-p 0005f000 08:03 1593185    /usr/lib/jvm/jdk1.7.0_09/jre/lib/i386/libt2k.so
6fca2000-6fca6000 rw-p 00000000 00:00 0 
6fca6000-6fcc2000 r-xp 00000000 08:03 2229172    /lib/i386-linux-gnu/libgcc_s.so.1
6fcc2000-6fcc3000 r--p 0001b000 08:03 2229172    /lib/i386-linux-gnu/libgcc_s.so.1
6fcc3000-6fcc4000 rw-p 0001c000 08:03 2229172    /lib/i386-linux-gnu/libgcc_s.so.1
6fcc4000-6fd06000 r-xp 00000000 08:03 1593207    /usr/lib/jvm/jdk1.7.0_09/jre/lib/i386/libfontmanager.so
6fd06000-6fd09000 rw-p 00041000 08:03 1593207    /usr/lib/jvm/jdk1.7.0_09/jre/lib/i386/libfontmanager.so
6fd09000-6fd0d000 rw-p 00000000 00:00 0 
6fd6e000-6fdcd000 r-xp 00000000 08:03 934987     /usr/lib/arc/libaccJobDescriptionParser.so
6fdcd000-6fdce000 r--p 0005e000 08:03 934987     /usr/lib/arc/libaccJobDescriptionParser.so
6fdce000-6fdcf000 rw-p 0005f000 08:03 934987     /usr/lib/arc/libaccJobDescriptionParser.so
6fdcf000-6fdfd000 r-xp 00000000 08:03 935015     /usr/lib/arc/libaccARC0.so
6fdfd000-6fdfe000 ---p 0002e000 08:03 935015     /usr/lib/arc/libaccARC0.so
6fdfe000-6fdff000 r--p 0002e000 08:03 935015     /usr/lib/arc/libaccARC0.so
6fdff000-6fe00000 rw-p 0002f000 08:03 935015     /usr/lib/arc/libaccARC0.so
6fe00000-6fefa000 rw-p 00000000 00:00 0 
6fefa000-6ff00000 ---p 00000000 00:00 0 
6ff00000-6ff03000 r-xp 00000000 08:03 661514     /usr/lib/i386-linux-gnu/libgmodule-2.0.so.0.3200.3
6ff03000-6ff04000 r--p 00002000 08:03 661514     /usr/lib/i386-linux-gnu/libgmodule-2.0.so.0.3200.3
6ff04000-6ff05000 rw-p 00003000 08:03 661514     /usr/lib/i386-linux-gnu/libgmodule-2.0.so.0.3200.3
6ff05000-6ff13000 r-xp 00000000 08:03 1593198    /usr/lib/jvm/jdk1.7.0_09/jre/lib/i386/libnio.so
6ff13000-6ff14000 rw-p 0000e000 08:03 1593198    /usr/lib/jvm/jdk1.7.0_09/jre/lib/i386/libnio.so
6ff21000-6ff2e000 r-xp 00000000 08:03 672090     /usr/lib/libglobus_xio_gsi_driver.so.0.2.1
6ff2e000-6ff2f000 r--p 0000c000 08:03 672090     /usr/lib/libglobus_xio_gsi_driver.so.0.2.1
6ff2f000-6ff30000 rw-p 0000d000 08:03 672090     /usr/lib/libglobus_xio_gsi_driver.so.0.2.1
6ff30000-6ff34000 r-xp 00000000 08:03 672016     /usr/lib/libglobus_thread_pthread.so.0.14.5
6ff34000-6ff35000 r--p 00003000 08:03 672016     /usr/lib/libglobus_thread_pthread.so.0.14.5
6ff35000-6ff36000 rw-p 00004000 08:03 672016     /usr/lib/libglobus_thread_pthread.so.0.14.5
6ff36000-6ff63000 r-xp 00000000 08:03 934972     /usr/lib/arc/libaccCREAM.so
6ff63000-6ff64000 r--p 0002c000 08:03 934972     /usr/lib/arc/libaccCREAM.so
6ff64000-6ff65000 rw-p 0002d000 08:03 934972     /usr/lib/arc/libaccCREAM.so
6ff65000-6ff68000 ---p 00000000 00:00 0 
6ff68000-6ffb6000 rw-p 00000000 00:00 0 
6ffb6000-6ffb9000 ---p 00000000 00:00 0 
6ffb9000-70007000 rw-p 00000000 00:00 0 
70007000-7000a000 ---p 00000000 00:00 0 
7000a000-70058000 rw-p 00000000 00:00 0 
70058000-7005b000 ---p 00000000 00:00 0 
7005b000-700a9000 rw-p 00000000 00:00 0 
700a9000-700ac000 ---p 00000000 00:00 0 
700ac000-700fa000 rw-p 00000000 00:00 0 
700fa000-70119000 r-xp 00000000 08:03 657945     /usr/lib/i386-linux-gnu/libxcb.so.1.1.0
70119000-7011a000 r--p 0001f000 08:03 657945     /usr/lib/i386-linux-gnu/libxcb.so.1.1.0
7011a000-7011b000 rw-p 00020000 08:03 657945     /usr/lib/i386-linux-gnu/libxcb.so.1.1.0
7011b000-7024b000 r-xp 00000000 08:03 661266     /usr/lib/i386-linux-gnu/libX11.so.6.3.0
7024b000-7024c000 r--p 0012f000 08:03 661266     /usr/lib/i386-linux-gnu/libX11.so.6.3.0
7024c000-7024e000 rw-p 00130000 08:03 661266     /usr/lib/i386-linux-gnu/libX11.so.6.3.0
7024e000-7024f000 rw-p 00000000 00:00 0 
7024f000-702d5000 r-xp 00000000 08:03 1593159    /usr/lib/jvm/jdk1.7.0_09/jre/lib/i386/libawt.so
702d5000-702dc000 rw-p 00086000 08:03 1593159    /usr/lib/jvm/jdk1.7.0_09/jre/lib/i386/libawt.so
702dc000-70300000 rw-p 00000000 00:00 0 
70300000-70400000 rw-p 00000000 00:00 0 
70401000-70415000 r-xp 00000000 08:03 1593189    /usr/lib/jvm/jdk1.7.0_09/jre/lib/i386/libnet.so
70415000-70416000 rw-p 00014000 08:03 1593189    /usr/lib/jvm/jdk1.7.0_09/jre/lib/i386/libnet.so
70416000-70417000 ---p 00000000 00:00 0 
70417000-70497000 rw-p 00000000 00:00 0 
70497000-7049a000 ---p 00000000 00:00 0 
7049a000-704e8000 rw-p 00000000 00:00 0 
704e8000-704eb000 ---p 00000000 00:00 0 
704eb000-70569000 rw-p 00000000 00:00 0 
70569000-7056c000 ---p 00000000 00:00 0 
7056c000-705ea000 rw-p 00000000 00:00 0 
705ea000-705ed000 ---p 00000000 00:00 0 
705ed000-7063b000 rw-p 00000000 00:00 0 
7063b000-7063e000 ---p 00000000 00:00 0 
7063e000-7068c000 rw-p 00000000 00:00 0 
7068c000-7068f000 ---p 00000000 00:00 0 
7068f000-706dd000 rw-p 00000000 00:00 0 
706dd000-706e0000 ---p 00000000 00:00 0 
706e0000-7072e000 rw-p 00000000 00:00 0 
7072e000-70731000 ---p 00000000 00:00 0 
70731000-7077f000 rw-p 00000000 00:00 0 
7077f000-70780000 ---p 00000000 00:00 0 
70780000-70800000 rw-p 00000000 00:00 0 
70800000-708f0000 rw-p 00000000 00:00 0 
708f0000-70900000 ---p 00000000 00:00 0 
70901000-7094a000 r-xp 00000000 08:03 1717574    /usr/lib/jvm/jdk1.7.0_09/jre/lib/i386/xawt/libmawt.so
7094a000-7094d000 rw-p 00048000 08:03 1717574    /usr/lib/jvm/jdk1.7.0_09/jre/lib/i386/xawt/libmawt.so
7094d000-70998000 rw-p 00000000 00:00 0 
70998000-70b54000 r--s 039da000 08:03 1593139    /usr/lib/jvm/jdk1.7.0_09/jre/lib/rt.jar
70b54000-73500000 rw-p 00000000 00:00 0 
73500000-73579000 rw-p 00000000 00:00 0 
73579000-73600000 ---p 00000000 00:00 0 
73600000-73604000 r-xp 00000000 08:03 661784     /usr/lib/i386-linux-gnu/libsigc-2.0.so.0.0.0
73604000-73605000 r--p 00003000 08:03 661784     /usr/lib/i386-linux-gnu/libsigc-2.0.so.0.0.0
73605000-73606000 rw-p 00004000 08:03 661784     /usr/lib/i386-linux-gnu/libsigc-2.0.so.0.0.0
73606000-7360a000 r-xp 00000000 08:03 661283     /usr/lib/i386-linux-gnu/libXfixes.so.3.1.0
7360a000-7360b000 r--p 00004000 08:03 661283     /usr/lib/i386-linux-gnu/libXfixes.so.3.1.0
7360b000-7360c000 rw-p 00005000 08:03 661283     /usr/lib/i386-linux-gnu/libXfixes.so.3.1.0
7360c000-73615000 r-xp 00000000 08:03 661275     /usr/lib/i386-linux-gnu/libXcursor.so.1.0.2
73615000-73616000 r--p 00008000 08:03 661275     /usr/lib/i386-linux-gnu/libXcursor.so.1.0.2
73616000-73617000 rw-p 00009000 08:03 661275     /usr/lib/i386-linux-gnu/libXcursor.so.1.0.2
73617000-7361c000 r-xp 00000000 08:03 661279     /usr/lib/i386-linux-gnu/libXdmcp.so.6.0.0
7361c000-7361d000 r--p 00004000 08:03 661279     /usr/lib/i386-linux-gnu/libXdmcp.so.6.0.0
7361d000-7361e000 rw-p 00005000 08:03 661279     /usr/lib/i386-linux-gnu/libXdmcp.so.6.0.0
7361e000-7362c000 r-xp 00000000 08:03 661287     /usr/lib/i386-linux-gnu/libXi.so.6.1.0
7362c000-7362d000 r--p 0000d000 08:03 661287     /usr/lib/i386-linux-gnu/libXi.so.6.1.0
7362d000-7362e000 rw-p 0000e000 08:03 661287     /usr/lib/i386-linux-gnu/libXi.so.6.1.0
7362e000-73631000 ---p 00000000 00:00 0 
73631000-7367f000 rw-p 00000000 00:00 0 
7367f000-73680000 ---p 00000000 00:00 0 
73680000-73700000 rw-p 00000000 00:00 0 
73700000-73800000 rw-p 00000000 00:00 0 
73800000-73801000 r-xp 00000000 08:03 934865     /usr/lib/arc/libmodcrypto.so
73801000-73802000 r--p 00000000 08:03 934865     /usr/lib/arc/libmodcrypto.so
73802000-73803000 rw-p 00001000 08:03 934865     /usr/lib/arc/libmodcrypto.so
73803000-73805000 r-xp 00000000 08:03 661268     /usr/lib/i386-linux-gnu/libXau.so.6.0.0
73805000-73806000 r--p 00001000 08:03 661268     /usr/lib/i386-linux-gnu/libXau.so.6.0.0
73806000-73807000 rw-p 00002000 08:03 661268     /usr/lib/i386-linux-gnu/libXau.so.6.0.0
73807000-7380c000 r-xp 00000000 08:03 661305     /usr/lib/i386-linux-gnu/libXtst.so.6.1.0
7380c000-7380d000 r--p 00004000 08:03 661305     /usr/lib/i386-linux-gnu/libXtst.so.6.1.0
7380d000-7380e000 rw-p 00005000 08:03 661305     /usr/lib/i386-linux-gnu/libXtst.so.6.1.0
7380e000-7381e000 r-xp 00000000 08:03 661281     /usr/lib/i386-linux-gnu/libXext.so.6.4.0
7381e000-7381f000 r--p 0000f000 08:03 661281     /usr/lib/i386-linux-gnu/libXext.so.6.4.0
7381f000-73820000 rw-p 00010000 08:03 661281     /usr/lib/i386-linux-gnu/libXext.so.6.4.0
73821000-73828000 r-xp 00000000 08:03 655972     /usr/lib/libarccrypto.so.2.0.0
73828000-73829000 r--p 00006000 08:03 655972     /usr/lib/libarccrypto.so.2.0.0
73829000-7382a000 rw-p 00007000 08:03 655972     /usr/lib/libarccrypto.so.2.0.0
7382a000-73834000 r--s 00254000 08:03 1593143    /usr/lib/jvm/jdk1.7.0_09/jre/lib/resources.jar
73834000-73835000 ---p 00000000 00:00 0 
73835000-738bd000 rw-p 00000000 00:00 0 
738bd000-738d5000 rw-p 00000000 00:00 0 
738d5000-738e9000 rw-p 00000000 00:00 0 
738e9000-73a13000 rw-p 00000000 00:00 0 
73a13000-73a1b000 rw-p 00000000 00:00 0 
73a1b000-73a33000 rw-p 00000000 00:00 0 
73a33000-73a47000 rw-p 00000000 00:00 0 
73a47000-73b70000 rw-p 00000000 00:00 0 
73b70000-73b7b000 rw-p 00000000 00:00 0 
73b7b000-73c0f000 rw-p 00000000 00:00 0 
73c0f000-74c10000 rw-p 00000000 00:00 0 
74c10000-77c10000 rw-p 00000000 00:00 0 
77c10000-7a3c0000 rw-p 00000000 00:00 0 
7a3c0000-9f6c0000 rw-p 00000000 00:00 0 
9f6c0000-a0a90000 rw-p 00000000 00:00 0 
a0a90000-b3410000 rw-p 00000000 00:00 0 
b3410000-b3411000 rw-p 00000000 00:00 0 
b3411000-b3419000 r-xp 00000000 08:03 661301     /usr/lib/i386-linux-gnu/libXrender.so.1.3.0
b3419000-b341a000 r--p 00007000 08:03 661301     /usr/lib/i386-linux-gnu/libXrender.so.1.3.0
b341a000-b341b000 rw-p 00008000 08:03 661301     /usr/lib/i386-linux-gnu/libXrender.so.1.3.0
b341b000-b3424000 rw-p 00000000 00:00 0 
b3424000-b34db000 rw-p 00000000 00:00 0 
b34db000-b371b000 rwxp 00000000 00:00 0 
b371b000-b64db000 rw-p 00000000 00:00 0 
b64db000-b64f2000 r-xp 00000000 08:03 1593208    /usr/lib/jvm/jdk1.7.0_09/jre/lib/i386/libzip.so
b64f2000-b64f3000 rw-p 00017000 08:03 1593208    /usr/lib/jvm/jdk1.7.0_09/jre/lib/i386/libzip.so
b64f3000-b64fe000 r-xp 00000000 08:03 2229337    /lib/i386-linux-gnu/libnss_files-2.15.so
b64fe000-b64ff000 r--p 0000a000 08:03 2229337    /lib/i386-linux-gnu/libnss_files-2.15.so
b64ff000-b6500000 rw-p 0000b000 08:03 2229337    /lib/i386-linux-gnu/libnss_files-2.15.so
b6500000-b6700000 r--p 00000000 08:03 663683     /usr/lib/locale/locale-archive
b6700000-b67f9000 rw-p 00000000 00:00 0 
b67f9000-b6800000 ---p 00000000 00:00 0 
b6800000-b680a000 r--s 0006d000 08:03 1066729    /usr/share/java/arc.jar
b680a000-b6814000 r-xp 00000000 08:03 2239926    /lib/i386-linux-gnu/libnss_nis-2.15.so
b6814000-b6815000 r--p 00009000 08:03 2239926    /lib/i386-linux-gnu/libnss_nis-2.15.so
b6815000-b6816000 rw-p 0000a000 08:03 2239926    /lib/i386-linux-gnu/libnss_nis-2.15.so
b6816000-b682c000 r-xp 00000000 08:03 2239950    /lib/i386-linux-gnu/libnsl-2.15.so
b682c000-b682d000 r--p 00015000 08:03 2239950    /lib/i386-linux-gnu/libnsl-2.15.so
b682d000-b682e000 rw-p 00016000 08:03 2239950    /lib/i386-linux-gnu/libnsl-2.15.so
b682e000-b6830000 rw-p 00000000 00:00 0 
b6830000-b6837000 r-xp 00000000 08:03 2229333    /lib/i386-linux-gnu/libnss_compat-2.15.so
b6837000-b6838000 r--p 00006000 08:03 2229333    /lib/i386-linux-gnu/libnss_compat-2.15.so
b6838000-b6839000 rw-p 00007000 08:03 2229333    /lib/i386-linux-gnu/libnss_compat-2.15.so
b6839000-b683a000 rw-p 00000000 00:00 0 
b683a000-b6841000 r--s 00094000 08:03 800550     /usr/local/netbeans-7.2.1/java/modules/ext/beansbinding-1.2.1.jar
b6841000-b6844000 r-xp 00000000 08:03 1593193    /usr/lib/jvm/jdk1.7.0_09/jre/lib/i386/libdt_socket.so
b6844000-b6845000 rw-p 00003000 08:03 1593193    /usr/lib/jvm/jdk1.7.0_09/jre/lib/i386/libdt_socket.so
b6845000-b684d000 rw-s 00000000 08:03 930364     /tmp/hsperfdata_mustang/11079
b684d000-b6884000 r-xp 00000000 08:03 1593186    /usr/lib/jvm/jdk1.7.0_09/jre/lib/i386/libjdwp.so
b6884000-b6885000 rw-p 00037000 08:03 1593186    /usr/lib/jvm/jdk1.7.0_09/jre/lib/i386/libjdwp.so
b6885000-b68a8000 r-xp 00000000 08:03 1593176    /usr/lib/jvm/jdk1.7.0_09/jre/lib/i386/libjava.so
b68a8000-b68a9000 rw-p 00023000 08:03 1593176    /usr/lib/jvm/jdk1.7.0_09/jre/lib/i386/libjava.so
b68a9000-b68b0000 r-xp 00000000 08:03 2239924    /lib/i386-linux-gnu/librt-2.15.so
b68b0000-b68b1000 r--p 00006000 08:03 2239924    /lib/i386-linux-gnu/librt-2.15.so
b68b1000-b68b2000 rw-p 00007000 08:03 2239924    /lib/i386-linux-gnu/librt-2.15.so
b68b2000-b68b5000 ---p 00000000 00:00 0 
b68b5000-b6903000 rw-p 00000000 00:00 0 
b6903000-b692d000 r-xp 00000000 08:03 2239932    /lib/i386-linux-gnu/libm-2.15.so
b692d000-b692e000 r--p 00029000 08:03 2239932    /lib/i386-linux-gnu/libm-2.15.so
b692e000-b692f000 rw-p 0002a000 08:03 2239932    /lib/i386-linux-gnu/libm-2.15.so
b692f000-b70e8000 r-xp 00000000 08:03 1860125    /usr/lib/jvm/jdk1.7.0_09/jre/lib/i386/server/libjvm.so
b70e8000-b713b000 rw-p 007b8000 08:03 1860125    /usr/lib/jvm/jdk1.7.0_09/jre/lib/i386/server/libjvm.so
b713b000-b755d000 rw-p 00000000 00:00 0 
b755d000-b7700000 r-xp 00000000 08:03 2229328    /lib/i386-linux-gnu/libc-2.15.so
b7700000-b7701000 ---p 001a3000 08:03 2229328    /lib/i386-linux-gnu/libc-2.15.so
b7701000-b7703000 r--p 001a3000 08:03 2229328    /lib/i386-linux-gnu/libc-2.15.so
b7703000-b7704000 rw-p 001a5000 08:03 2229328    /lib/i386-linux-gnu/libc-2.15.so
b7704000-b7707000 rw-p 00000000 00:00 0 
b7707000-b770a000 r-xp 00000000 08:03 2239940    /lib/i386-linux-gnu/libdl-2.15.so
b770a000-b770b000 r--p 00002000 08:03 2239940    /lib/i386-linux-gnu/libdl-2.15.so
b770b000-b770c000 rw-p 00003000 08:03 2239940    /lib/i386-linux-gnu/libdl-2.15.so
b770c000-b771f000 r-xp 00000000 08:03 1860121    /usr/lib/jvm/jdk1.7.0_09/jre/lib/i386/jli/libjli.so
b771f000-b7720000 rw-p 00012000 08:03 1860121    /usr/lib/jvm/jdk1.7.0_09/jre/lib/i386/jli/libjli.so
b7720000-b7721000 rw-p 00000000 00:00 0 
b7721000-b7738000 r-xp 00000000 08:03 2239928    /lib/i386-linux-gnu/libpthread-2.15.so
b7738000-b7739000 r--p 00016000 08:03 2239928    /lib/i386-linux-gnu/libpthread-2.15.so
b7739000-b773a000 rw-p 00017000 08:03 2239928    /lib/i386-linux-gnu/libpthread-2.15.so
b773a000-b773d000 rw-p 00000000 00:00 0 
b773d000-b773e000 r--s 00000000 08:03 800552     /usr/local/netbeans-7.2.1/java/modules/ext/AbsoluteLayout.jar
b773e000-b773f000 r--p 0523e000 08:03 663683     /usr/lib/locale/locale-archive
b773f000-b7741000 r-xp 00000000 08:03 1593206    /usr/lib/jvm/jdk1.7.0_09/jre/lib/i386/libnpt.so
b7741000-b7742000 rw-p 00002000 08:03 1593206    /usr/lib/jvm/jdk1.7.0_09/jre/lib/i386/libnpt.so
b7742000-b7743000 rw-p 00000000 00:00 0 
b7743000-b7744000 r--p 00000000 00:00 0 
b7744000-b774f000 r-xp 00000000 08:03 1593162    /usr/lib/jvm/jdk1.7.0_09/jre/lib/i386/libverify.so
b774f000-b7750000 rw-p 0000b000 08:03 1593162    /usr/lib/jvm/jdk1.7.0_09/jre/lib/i386/libverify.so
b7750000-b7752000 rw-p 00000000 00:00 0 
b7752000-b7753000 r-xp 00000000 00:00 0          [vdso]
b7753000-b7773000 r-xp 00000000 08:03 2239934    /lib/i386-linux-gnu/ld-2.15.so
b7773000-b7774000 r--p 0001f000 08:03 2239934    /lib/i386-linux-gnu/ld-2.15.so
b7774000-b7775000 rw-p 00020000 08:03 2239934    /lib/i386-linux-gnu/ld-2.15.so
bfe99000-bfeba000 rw-p 00000000 00:00 0          [stack]

VM Arguments:
jvm_args: -Xdebug -Xrunjdwp:transport=dt_socket,address=localhost:44014 -Dfile.encoding=UTF-8 
java_command: define.NewJFrame
Launcher Type: SUN_STANDARD

Environment Variables:
PATH=/usr/lib/lightdm/lightdm:/usr/local/sbin:/usr/local/bin:/usr/sbin:/usr/bin:/sbin:/bin:/usr/games
LD_LIBRARY_PATH=/usr/lib/jvm/jdk1.7.0_09/jre/lib/amd64:/usr/lib/jvm/jdk1.7.0_09/jre/lib/i386:
SHELL=/bin/bash
DISPLAY=:0

Signal Handlers:
SIGSEGV: [libjvm.so+0x720eb0], sa_mask[0]=0x7ffbfeff, sa_flags=0x10000004
SIGBUS: [libjvm.so+0x720eb0], sa_mask[0]=0x7ffbfeff, sa_flags=0x10000004
SIGFPE: [libjvm.so+0x5d9d00], sa_mask[0]=0x7ffbfeff, sa_flags=0x10000004
SIGPIPE: SIG_IGN, sa_mask[0]=0x00001000, sa_flags=0x10000000
SIGXFSZ: [libjvm.so+0x5d9d00], sa_mask[0]=0x7ffbfeff, sa_flags=0x10000004
SIGILL: [libjvm.so+0x5d9d00], sa_mask[0]=0x7ffbfeff, sa_flags=0x10000004
SIGUSR1: SIG_DFL, sa_mask[0]=0x00000000, sa_flags=0x00000000
SIGUSR2: [libjvm.so+0x5d95e0], sa_mask[0]=0x00000004, sa_flags=0x10000004
SIGHUP: [libjvm.so+0x5dbbd0], sa_mask[0]=0x7ffbfeff, sa_flags=0x10000004
SIGINT: SIG_IGN, sa_mask[0]=0x00000000, sa_flags=0x00000000
SIGTERM: [libjvm.so+0x5dbbd0], sa_mask[0]=0x7ffbfeff, sa_flags=0x10000004
SIGQUIT: [libjvm.so+0x5dbbd0], sa_mask[0]=0x7ffbfeff, sa_flags=0x10000004


---------------  S Y S T E M  ---------------

OS:wheezy/sid

uname:Linux 3.2.0-34-generic-pae #53-Ubuntu SMP Thu Nov 15 11:11:12 UTC 2012 i686
libc:glibc 2.15 NPTL 2.15 
rlimit: STACK 8192k, CORE 0k, NPROC 30325, NOFILE 4096, AS infinity
load average:0.56 0.54 0.69

/proc/meminfo:
MemTotal:        3896192 kB
MemFree:         1440212 kB
Buffers:          112496 kB
Cached:           977116 kB
SwapCached:            0 kB
Active:          1729560 kB
Inactive:         614540 kB
Active(anon):    1335264 kB
Inactive(anon):   210552 kB
Active(file):     394296 kB
Inactive(file):   403988 kB
Unevictable:          16 kB
Mlocked:              16 kB
HighTotal:       3057600 kB
HighFree:         825352 kB
LowTotal:         838592 kB
LowFree:          614860 kB
SwapTotal:             0 kB
SwapFree:              0 kB
Dirty:              3552 kB
Writeback:             0 kB
AnonPages:       1254648 kB
Mapped:           201076 kB
Shmem:            291280 kB
Slab:              74292 kB
SReclaimable:      52856 kB
SUnreclaim:        21436 kB
KernelStack:        4216 kB
PageTables:        14176 kB
NFS_Unstable:          0 kB
Bounce:                0 kB
WritebackTmp:          0 kB
CommitLimit:     1948096 kB
Committed_AS:    4528460 kB
VmallocTotal:     122880 kB
VmallocUsed:       18120 kB
VmallocChunk:     103264 kB
HardwareCorrupted:     0 kB
AnonHugePages:         0 kB
HugePages_Total:       0
HugePages_Free:        0
HugePages_Rsvd:        0
HugePages_Surp:        0
Hugepagesize:       2048 kB
DirectMap4k:       10232 kB
DirectMap2M:      903168 kB


CPU:total 2 (2 cores per cpu, 1 threads per core) family 6 model 42 stepping 7, cmov, cx8, fxsr, mmx, sse, sse2, sse3, ssse3, sse4.1, sse4.2, popcnt, tsc, tscinvbit

/proc/cpuinfo:
processor	: 0
vendor_id	: GenuineIntel
cpu family	: 6
model		: 42
model name	: Intel(R) Pentium(R) CPU B970 @ 2.30GHz
stepping	: 7
microcode	: 0x26
cpu MHz		: 1700.000
cache size	: 2048 KB
physical id	: 0
siblings	: 2
core id		: 0
cpu cores	: 2
apicid		: 0
initial apicid	: 0
fdiv_bug	: no
hlt_bug		: no
f00f_bug	: no
coma_bug	: no
fpu		: yes
fpu_exception	: yes
cpuid level	: 13
wp		: yes
flags		: fpu vme de pse tsc msr pae mce cx8 apic sep mtrr pge mca cmov pat pse36 clflush dts acpi mmx fxsr sse sse2 ss ht tm pbe nx rdtscp lm constant_tsc arch_perfmon pebs bts xtopology nonstop_tsc aperfmperf pni pclmulqdq dtes64 monitor ds_cpl est tm2 ssse3 cx16 xtpr pdcm pcid sse4_1 sse4_2 x2apic popcnt tsc_deadline_timer xsave lahf_lm arat epb xsaveopt pln pts dtherm
bogomips	: 4589.53
clflush size	: 64
cache_alignment	: 64
address sizes	: 36 bits physical, 48 bits virtual
power management:

processor	: 1
vendor_id	: GenuineIntel
cpu family	: 6
model		: 42
model name	: Intel(R) Pentium(R) CPU B970 @ 2.30GHz
stepping	: 7
microcode	: 0x26
cpu MHz		: 800.000
cache size	: 2048 KB
physical id	: 0
siblings	: 2
core id		: 1
cpu cores	: 2
apicid		: 2
initial apicid	: 2
fdiv_bug	: no
hlt_bug		: no
f00f_bug	: no
coma_bug	: no
fpu		: yes
fpu_exception	: yes
cpuid level	: 13
wp		: yes
flags		: fpu vme de pse tsc msr pae mce cx8 apic sep mtrr pge mca cmov pat pse36 clflush dts acpi mmx fxsr sse sse2 ss ht tm pbe nx rdtscp lm constant_tsc arch_perfmon pebs bts xtopology nonstop_tsc aperfmperf pni pclmulqdq dtes64 monitor ds_cpl est tm2 ssse3 cx16 xtpr pdcm pcid sse4_1 sse4_2 x2apic popcnt tsc_deadline_timer xsave lahf_lm arat epb xsaveopt pln pts dtherm
bogomips	: 4589.37
clflush size	: 64
cache_alignment	: 64
address sizes	: 36 bits physical, 48 bits virtual
power management:



Memory: 4k page, physical 3896192k(1440212k free), swap 0k(0k free)

vm_info: Java HotSpot(TM) Server VM (23.5-b02) for linux-x86 JRE (1.7.0_09-b05), built on Sep 24 2012 20:39:16 by "java_re" with gcc 4.3.0 20080428 (Red Hat 4.3.0-8)

time: Sat Dec 15 23:36:41 2012
elapsed time: 519 seconds

