#
# A fatal error has been detected by the Java Runtime Environment:
#
#  SIGSEGV (0xb) at pc=0x6f2c6375, pid=15677, tid=1877666624
#
# JRE version: 7.0_09-b05
# Java VM: Java HotSpot(TM) Server VM (23.5-b02 mixed mode linux-x86 )
# Problematic frame:
# C  [libstdc++.so.6+0x92375]  std::basic_string<char, std::char_traits<char>, std::allocator<char> >::basic_string(std::string const&)+0x15
#
# Failed to write core dump. Core dumps have been disabled. To enable core dumping, try "ulimit -c unlimited" before starting Java again
#
# If you would like to submit a bug report, please visit:
#   http://bugreport.sun.com/bugreport/crash.jsp
# The crash happened outside the Java Virtual Machine in native code.
# See problematic frame for where to report the bug.
#

---------------  T H R E A D  ---------------

Current thread (0x6ff06400):  JavaThread "AWT-EventQueue-0" [_thread_in_native, id=15703, stack(0x6fe5e000,0x6feaf000)]

siginfo:si_signo=SIGSEGV: si_errno=0, si_code=1 (SEGV_MAPERR), si_addr=0xfffffffb

Registers:
EAX=0xffffffff, EBX=0x6f310ff4, ECX=0x6ff06528, EDX=0x6f31395c
ESP=0x6feace90, EBP=0x6ff06528, ESI=0x6feaceec, EDI=0x6feacee8
EIP=0x6f2c6375, EFLAGS=0x00010212, CR2=0xfffffffb

Top of Stack: (sp=0x6feace90)
0x6feace90:   00000000 0000000d 6ff06b6c 6ff02d40
0x6feacea0:   b6afd88e 6ff06750 6ff06b3c 6feacebc
0x6feaceb0:   b70dee68 6fead584 6f6fdff4 6f61c228
0x6feacec0:   6feaceec 6f75b77c 6feaceef 6ff06400
0x6feaced0:   b6f43d00 6feacf24 6f7ed4d8 00000000
0x6feacee0:   00000000 6feacf44 6f31395c 00eacf24
0x6feacef0:   74484e68 74484e68 6ff06400 74484e68
0x6feacf00:   74484e68 6ff06400 6feacf44 b34a7da0 

Instructions: (pc=0x6f2c6375)
0x6f2c6355:   90 90 90 90 90 90 90 90 90 90 90 53 83 ec 28 8b
0x6f2c6365:   44 24 34 e8 7a 41 fb ff 81 c3 87 ac 04 00 8b 00
0x6f2c6375:   8b 50 fc 8d 48 f4 85 d2 78 19 3b 8b a4 fc ff ff
0x6f2c6385:   75 34 8b 54 24 30 89 02 83 c4 28 5b c3 8d b6 00 

Register to memory mapping:

EAX=0xffffffff is an unknown value
EBX=0x6f310ff4: <offset 0xdcff4> in /usr/lib/i386-linux-gnu/libstdc++.so.6 at 0x6f234000
ECX=0x6ff06528 is an unknown value
EDX=0x6f31395c: _ZNSs4_Rep20_S_empty_rep_storageE+0xc in /usr/lib/i386-linux-gnu/libstdc++.so.6 at 0x6f234000
ESP=0x6feace90 is pointing into the stack for thread: 0x6ff06400
EBP=0x6ff06528 is an unknown value
ESI=0x6feaceec is pointing into the stack for thread: 0x6ff06400
EDI=0x6feacee8 is pointing into the stack for thread: 0x6ff06400


Stack: [0x6fe5e000,0x6feaf000],  sp=0x6feace90,  free space=315k
Native frames: (J=compiled Java code, j=interpreted, Vv=VM code, C=native code)
C  [libstdc++.so.6+0x92375]  std::basic_string<char, std::char_traits<char>, std::allocator<char> >::basic_string(std::string const&)+0x15

Java frames: (J=compiled Java code, j=interpreted, Vv=VM code)
j  nordugrid.arc.arcJNI.StringListIteratorHandler_pointer(JLnordugrid/arc/StringListIteratorHandler;)Ljava/lang/String;+0
j  nordugrid.arc.StringListIteratorHandler.pointer()Ljava/lang/String;+5
j  define.NewJFrame.jButton1ActionPerformed(Ljava/awt/event/ActionEvent;)V+402
j  define.NewJFrame.access$100(Ldefine/NewJFrame;Ljava/awt/event/ActionEvent;)V+2
j  define.NewJFrame$2.actionPerformed(Ljava/awt/event/ActionEvent;)V+5
j  javax.swing.AbstractButton.fireActionPerformed(Ljava/awt/event/ActionEvent;)V+84
j  javax.swing.AbstractButton$Handler.actionPerformed(Ljava/awt/event/ActionEvent;)V+5
j  javax.swing.DefaultButtonModel.fireActionPerformed(Ljava/awt/event/ActionEvent;)V+35
j  javax.swing.DefaultButtonModel.setPressed(Z)V+117
j  javax.swing.plaf.basic.BasicButtonListener.mouseReleased(Ljava/awt/event/MouseEvent;)V+35
j  java.awt.Component.processMouseEvent(Ljava/awt/event/MouseEvent;)V+64
j  javax.swing.JComponent.processMouseEvent(Ljava/awt/event/MouseEvent;)V+23
j  java.awt.Component.processEvent(Ljava/awt/AWTEvent;)V+81
j  java.awt.Container.processEvent(Ljava/awt/AWTEvent;)V+18
j  java.awt.Component.dispatchEventImpl(Ljava/awt/AWTEvent;)V+581
j  java.awt.Container.dispatchEventImpl(Ljava/awt/AWTEvent;)V+42
j  java.awt.Component.dispatchEvent(Ljava/awt/AWTEvent;)V+2
j  java.awt.LightweightDispatcher.retargetMouseEvent(Ljava/awt/Component;ILjava/awt/event/MouseEvent;)V+327
j  java.awt.LightweightDispatcher.processMouseEvent(Ljava/awt/event/MouseEvent;)Z+139
j  java.awt.LightweightDispatcher.dispatchEvent(Ljava/awt/AWTEvent;)Z+50
j  java.awt.Container.dispatchEventImpl(Ljava/awt/AWTEvent;)V+12
j  java.awt.Window.dispatchEventImpl(Ljava/awt/AWTEvent;)V+19
j  java.awt.Component.dispatchEvent(Ljava/awt/AWTEvent;)V+2
j  java.awt.EventQueue.dispatchEventImpl(Ljava/awt/AWTEvent;Ljava/lang/Object;)V+41
j  java.awt.EventQueue.access$200(Ljava/awt/EventQueue;Ljava/awt/AWTEvent;Ljava/lang/Object;)V+3
j  java.awt.EventQueue$3.run()Ljava/lang/Void;+12
j  java.awt.EventQueue$3.run()Ljava/lang/Object;+1
v  ~StubRoutines::call_stub
j  java.security.AccessController.doPrivileged(Ljava/security/PrivilegedAction;Ljava/security/AccessControlContext;)Ljava/lang/Object;+0
j  java.security.ProtectionDomain$1.doIntersectionPrivilege(Ljava/security/PrivilegedAction;Ljava/security/AccessControlContext;Ljava/security/AccessControlContext;)Ljava/lang/Object;+28
j  java.security.ProtectionDomain$1.doIntersectionPrivilege(Ljava/security/PrivilegedAction;Ljava/security/AccessControlContext;)Ljava/lang/Object;+6
j  java.awt.EventQueue$4.run()Ljava/lang/Void;+11
j  java.awt.EventQueue$4.run()Ljava/lang/Object;+1
v  ~StubRoutines::call_stub
j  java.security.AccessController.doPrivileged(Ljava/security/PrivilegedAction;Ljava/security/AccessControlContext;)Ljava/lang/Object;+0
j  java.security.ProtectionDomain$1.doIntersectionPrivilege(Ljava/security/PrivilegedAction;Ljava/security/AccessControlContext;Ljava/security/AccessControlContext;)Ljava/lang/Object;+28
j  java.awt.EventQueue.dispatchEvent(Ljava/awt/AWTEvent;)V+73
j  java.awt.EventDispatchThread.pumpOneEventForFilters(I)V+245
j  java.awt.EventDispatchThread.pumpEventsForFilter(ILjava/awt/Conditional;Ljava/awt/EventFilter;)V+48
j  java.awt.EventDispatchThread.pumpEventsForHierarchy(ILjava/awt/Conditional;Ljava/awt/Component;)V+11
j  java.awt.EventDispatchThread.pumpEvents(ILjava/awt/Conditional;)V+4
j  java.awt.EventDispatchThread.pumpEvents(Ljava/awt/Conditional;)V+3
j  java.awt.EventDispatchThread.run()V+9
v  ~StubRoutines::call_stub

---------------  P R O C E S S  ---------------

Java Threads: ( => current thread )
  0x6fb87000 JavaThread "TimerQueue" daemon [_thread_blocked, id=15709, stack(0x6faaf000,0x6fb00000)]
  0x7360ac00 JavaThread "org.netbeans.modules.debugger.jpda.visual AWT Access Loop" daemon [_thread_blocked, id=15704, stack(0x6fe0d000,0x6fe5e000)]
  0xb6707c00 JavaThread "DestroyJavaVM" [_thread_blocked, id=15678, stack(0xb686b000,0xb68bc000)]
=>0x6ff06400 JavaThread "AWT-EventQueue-0" [_thread_in_native, id=15703, stack(0x6fe5e000,0x6feaf000)]
  0x6ff05000 JavaThread "AWT-Shutdown" [_thread_blocked, id=15701, stack(0x6feaf000,0x6ff00000)]
  0x6ff01c00 JavaThread "AWT-XAWT" daemon [_thread_in_native, id=15700, stack(0x70029000,0x7007a000)]
  0x703c7400 JavaThread "Java2D Disposer" daemon [_thread_blocked, id=15699, stack(0x7008b000,0x700dc000)]
  0x7358b000 JavaThread "Service Thread" daemon [_thread_blocked, id=15697, stack(0x704e4000,0x70535000)]
  0x73580400 JavaThread "C2 CompilerThread1" daemon [_thread_blocked, id=15696, stack(0x70535000,0x705b6000)]
  0x7357e400 JavaThread "C2 CompilerThread0" daemon [_thread_blocked, id=15695, stack(0x705b6000,0x70637000)]
  0x081b0400 JavaThread "JDWP Command Reader" daemon [_thread_in_native, id=15693, stack(0x70637000,0x70688000)]
  0x7357cc00 JavaThread "JDWP Event Helper Thread" daemon [_thread_blocked, id=15691, stack(0x70688000,0x706d9000)]
  0x7357a000 JavaThread "JDWP Transport Listener: dt_socket" daemon [_thread_blocked, id=15689, stack(0x706d9000,0x7072a000)]
  0x73571800 JavaThread "Signal Dispatcher" daemon [_thread_blocked, id=15688, stack(0x73722000,0x73773000)]
  0x73537800 JavaThread "Finalizer" daemon [_thread_blocked, id=15687, stack(0x7072a000,0x7077b000)]
  0x73535800 JavaThread "Reference Handler" daemon [_thread_blocked, id=15686, stack(0x7077b000,0x707cc000)]

Other Threads:
  0x73530400 VMThread [stack: 0x707cc000,0x7084d000] [id=15685]
  0x7358cc00 WatcherThread [stack: 0x70463000,0x704e4000] [id=15698]

VM state:not at safepoint (normal execution)

VM Mutex/Monitor currently owned by a thread: None

Heap
 PSYoungGen      total 17792K, used 11513K [0x9f680000, 0xa1940000, 0xb33d0000)
  eden space 15296K, 66% used [0x9f680000,0xa00623c0,0xa0570000)
  from space 2496K, 55% used [0xa0570000,0xa06cc040,0xa07e0000)
  to   space 2496K, 0% used [0xa16d0000,0xa16d0000,0xa1940000)
 ParOldGen       total 40640K, used 4K [0x77bd0000, 0x7a380000, 0x9f680000)
  object space 40640K, 0% used [0x77bd0000,0x77bd1000,0x7a380000)
 PSPermGen       total 16384K, used 9606K [0x73bd0000, 0x74bd0000, 0x77bd0000)
  object space 16384K, 58% used [0x73bd0000,0x74531950,0x74bd0000)

Card table byte_map: [0x739d3000,0x73bd0000] byte_map_base: 0x73635180

Polling page: 0xb76fc000

Code Cache  [0xb3498000, 0xb36d8000, 0xb6498000)
 total_blobs=366 nmethods=56 adapters=270 free_code_cache=48703Kb largest_free_block=49857280

Compilation events (10 events):
Event: 1.789 Thread 0x7357e400   50             java.util.ArrayList::get (11 bytes)
Event: 1.792 Thread 0x7357e400 nmethod 50 0xb34ff488 code [0xb34ff580, 0xb34ff650]
Event: 2.340 Thread 0x73580400   51             sun.util.logging.PlatformLogger$LoggerProxy::doLog (32 bytes)
Event: 2.342 Thread 0x73580400 nmethod 51 0xb350a2c8 code [0xb350a3c0, 0xb350a464]
Event: 2.345 Thread 0x7357e400   52             sun.util.logging.PlatformLogger::finest (12 bytes)
Event: 2.346 Thread 0x7357e400 nmethod 52 0xb3508ac8 code [0xb3508be0, 0xb3508cc4]
Event: 24.791 Thread 0x7357e400   53             java.util.ArrayList::size (5 bytes)
Event: 24.792 Thread 0x7357e400 nmethod 53 0xb3508648 code [0xb3508720, 0xb3508770]
Event: 55.934 Thread 0x73580400   55             java.util.concurrent.locks.AbstractOwnableSynchronizer::getExclusiveOwnerThread (5 bytes)
Event: 55.934 Thread 0x73580400 nmethod 55 0xb3508248 code [0xb3508320, 0xb3508370]

GC Heap History (2 events):
Event: 0.825 GC heap before
{Heap before GC invocations=1 (full 0):
 PSYoungGen      total 17792K, used 15296K [0x9f680000, 0xa0a50000, 0xb33d0000)
  eden space 15296K, 100% used [0x9f680000,0xa0570000,0xa0570000)
  from space 2496K, 0% used [0xa07e0000,0xa07e0000,0xa0a50000)
  to   space 2496K, 0% used [0xa0570000,0xa0570000,0xa07e0000)
 ParOldGen       total 40640K, used 0K [0x77bd0000, 0x7a380000, 0x9f680000)
  object space 40640K, 0% used [0x77bd0000,0x77bd0000,0x7a380000)
 PSPermGen       total 16384K, used 7225K [0x73bd0000, 0x74bd0000, 0x77bd0000)
  object space 16384K, 44% used [0x73bd0000,0x742de4f0,0x74bd0000)
Event: 0.835 GC heap after
Heap after GC invocations=1 (full 0):
 PSYoungGen      total 17792K, used 1392K [0x9f680000, 0xa1940000, 0xb33d0000)
  eden space 15296K, 0% used [0x9f680000,0x9f680000,0xa0570000)
  from space 2496K, 55% used [0xa0570000,0xa06cc040,0xa07e0000)
  to   space 2496K, 0% used [0xa16d0000,0xa16d0000,0xa1940000)
 ParOldGen       total 40640K, used 4K [0x77bd0000, 0x7a380000, 0x9f680000)
  object space 40640K, 0% used [0x77bd0000,0x77bd1000,0x7a380000)
 PSPermGen       total 16384K, used 7225K [0x73bd0000, 0x74bd0000, 0x77bd0000)
  object space 16384K, 44% used [0x73bd0000,0x742de4f0,0x74bd0000)
}

Deoptimization events (1 events):
Event: 1.030 Thread 0x6ff01c00 Uncommon trap -83 fr.pc 0xb34f01b4

Internal exceptions (10 events):
Event: 3.822 Thread 0x6ff06400 Threw 0x9ffc0988 at /HUDSON/workspace/jdk7u9-2-build-linux-i586-product/jdk7u9/hotspot/src/share/vm/prims/jvm.cpp:1166
Event: 4.643 Thread 0x6ff06400 Threw 0x9ffc3748 at /HUDSON/workspace/jdk7u9-2-build-linux-i586-product/jdk7u9/hotspot/src/share/vm/prims/jvm.cpp:1166
Event: 5.127 Thread 0x6ff06400 Threw 0x9ffc8948 at /HUDSON/workspace/jdk7u9-2-build-linux-i586-product/jdk7u9/hotspot/src/share/vm/prims/jvm.cpp:1166
Event: 5.129 Thread 0x6ff06400 Threw 0x9ffcb918 at /HUDSON/workspace/jdk7u9-2-build-linux-i586-product/jdk7u9/hotspot/src/share/vm/prims/jvm.cpp:1166
Event: 5.469 Thread 0x6ff06400 Threw 0x9ffcdb40 at /HUDSON/workspace/jdk7u9-2-build-linux-i586-product/jdk7u9/hotspot/src/share/vm/prims/jvm.cpp:1166
Event: 6.494 Thread 0x6ff06400 Threw 0x9fffd570 at /HUDSON/workspace/jdk7u9-2-build-linux-i586-product/jdk7u9/hotspot/src/share/vm/prims/jvm.cpp:1166
Event: 14.131 Thread 0x6ff06400 Threw 0xa0010c48 at /HUDSON/workspace/jdk7u9-2-build-linux-i586-product/jdk7u9/hotspot/src/share/vm/prims/jvm.cpp:1166
Event: 66.387 Thread 0x6ff06400 Threw 0xa0013950 at /HUDSON/workspace/jdk7u9-2-build-linux-i586-product/jdk7u9/hotspot/src/share/vm/prims/jvm.cpp:1166
Event: 71.503 Thread 0x6ff06400 Threw 0xa00165c0 at /HUDSON/workspace/jdk7u9-2-build-linux-i586-product/jdk7u9/hotspot/src/share/vm/prims/jvm.cpp:1166
Event: 71.507 Thread 0x6ff06400 Threw 0xa0019250 at /HUDSON/workspace/jdk7u9-2-build-linux-i586-product/jdk7u9/hotspot/src/share/vm/prims/jvm.cpp:1166

Events (10 events):
Event: 71.511 Executing VM operation: ChangeSingleStep
Event: 71.511 Executing VM operation: ChangeSingleStep done
Event: 73.126 Executing VM operation: EnterInterpOnlyMode
Event: 73.126 Executing VM operation: EnterInterpOnlyMode done
Event: 73.126 Executing VM operation: GetCurrentLocation
Event: 73.126 Executing VM operation: GetCurrentLocation done
Event: 73.126 Executing VM operation: ChangeSingleStep
Event: 73.126 Executing VM operation: ChangeSingleStep done
Event: 73.129 Executing VM operation: ChangeSingleStep
Event: 73.129 Executing VM operation: ChangeSingleStep done


Dynamic libraries:
08048000-08049000 r-xp 00000000 08:03 1193091    /usr/lib/jvm/jdk1.7.0_09/bin/java
08049000-0804a000 rw-p 00000000 08:03 1193091    /usr/lib/jvm/jdk1.7.0_09/bin/java
081af000-082ad000 rw-p 00000000 00:00 0          [heap]
5f1d5000-5f1d6000 ---p 00000000 00:00 0 
5f1d6000-601d6000 rw-p 00000000 00:00 0 
611d7000-611fd000 r-xp 00000000 08:03 672103     /usr/lib/libglobus_ftp_control.so.1.3.2
611fd000-611fe000 r--p 00025000 08:03 672103     /usr/lib/libglobus_ftp_control.so.1.3.2
611fe000-611ff000 rw-p 00026000 08:03 672103     /usr/lib/libglobus_ftp_control.so.1.3.2
611ff000-6123e000 r-xp 00000000 08:03 672119     /usr/lib/libglobus_ftp_client.so.2.5.2
6123e000-6123f000 r--p 0003e000 08:03 672119     /usr/lib/libglobus_ftp_client.so.2.5.2
6123f000-61240000 rw-p 0003f000 08:03 672119     /usr/lib/libglobus_ftp_client.so.2.5.2
61240000-6126e000 r-xp 00000000 08:03 935014     /usr/lib/arc/libdmcgridftp.so
6126e000-6126f000 ---p 0002e000 08:03 935014     /usr/lib/arc/libdmcgridftp.so
6126f000-61270000 r--p 0002e000 08:03 935014     /usr/lib/arc/libdmcgridftp.so
61270000-61271000 rw-p 0002f000 08:03 935014     /usr/lib/arc/libdmcgridftp.so
61271000-6128a000 r-xp 00000000 08:03 935003     /usr/lib/arc/libdmcarc.so
6128a000-6128b000 r--p 00018000 08:03 935003     /usr/lib/arc/libdmcarc.so
6128b000-6128c000 rw-p 00019000 08:03 935003     /usr/lib/arc/libdmcarc.so
6128c000-612a3000 r-xp 00000000 08:03 935009     /usr/lib/arc/libdmchttp.so
612a3000-612a4000 r--p 00016000 08:03 935009     /usr/lib/arc/libdmchttp.so
612a4000-612a5000 rw-p 00017000 08:03 935009     /usr/lib/arc/libdmchttp.so
612a5000-612f5000 r-xp 00000000 08:03 935011     /usr/lib/arc/libdmcsrm.so
612f5000-612f6000 r--p 00050000 08:03 935011     /usr/lib/arc/libdmcsrm.so
612f6000-612f7000 rw-p 00051000 08:03 935011     /usr/lib/arc/libdmcsrm.so
612f7000-61324000 r-xp 00000000 08:03 672131     /usr/lib/liblcgdm.so.1.8.2
61324000-61325000 r--p 0002c000 08:03 672131     /usr/lib/liblcgdm.so.1.8.2
61325000-61326000 rw-p 0002d000 08:03 672131     /usr/lib/liblcgdm.so.1.8.2
61326000-61327000 rw-p 00000000 00:00 0 
61327000-6133c000 r-xp 00000000 08:03 672133     /usr/lib/liblfc.so.1.8.2
6133c000-6133d000 r--p 00014000 08:03 672133     /usr/lib/liblfc.so.1.8.2
6133d000-6133e000 rw-p 00015000 08:03 672133     /usr/lib/liblfc.so.1.8.2
6133e000-6135b000 r-xp 00000000 08:03 935021     /usr/lib/arc/libdmclfc.so
6135b000-6135c000 ---p 0001d000 08:03 935021     /usr/lib/arc/libdmclfc.so
6135c000-6135d000 r--p 0001d000 08:03 935021     /usr/lib/arc/libdmclfc.so
6135d000-6135e000 rw-p 0001e000 08:03 935021     /usr/lib/arc/libdmclfc.so
6135e000-61366000 r-xp 00000000 08:03 2229330    /lib/i386-linux-gnu/libcrypt-2.15.so
61366000-61367000 r--p 00007000 08:03 2229330    /lib/i386-linux-gnu/libcrypt-2.15.so
61367000-61368000 rw-p 00008000 08:03 2229330    /lib/i386-linux-gnu/libcrypt-2.15.so
61368000-6138f000 rw-p 00000000 00:00 0 
6138f000-61431000 r-xp 00000000 08:03 661801     /usr/lib/i386-linux-gnu/libsqlite3.so.0.8.6
61431000-61432000 r--p 000a2000 08:03 661801     /usr/lib/i386-linux-gnu/libsqlite3.so.0.8.6
61432000-61433000 rw-p 000a3000 08:03 661801     /usr/lib/i386-linux-gnu/libsqlite3.so.0.8.6
61433000-61434000 rw-p 00000000 00:00 0 
61434000-61477000 r-xp 00000000 08:03 661607     /usr/lib/i386-linux-gnu/libhx509.so.5.0.0
61477000-61478000 ---p 00043000 08:03 661607     /usr/lib/i386-linux-gnu/libhx509.so.5.0.0
61478000-61479000 r--p 00043000 08:03 661607     /usr/lib/i386-linux-gnu/libhx509.so.5.0.0
61479000-6147b000 rw-p 00044000 08:03 661607     /usr/lib/i386-linux-gnu/libhx509.so.5.0.0
6147b000-61488000 r-xp 00000000 08:03 661601     /usr/lib/i386-linux-gnu/libheimbase.so.1.0.0
61488000-61489000 r--p 0000c000 08:03 661601     /usr/lib/i386-linux-gnu/libheimbase.so.1.0.0
61489000-6148a000 rw-p 0000d000 08:03 661601     /usr/lib/i386-linux-gnu/libheimbase.so.1.0.0
6148a000-614b1000 r-xp 00000000 08:03 661868     /usr/lib/i386-linux-gnu/libwind.so.0.0.0
614b1000-614b2000 r--p 00027000 08:03 661868     /usr/lib/i386-linux-gnu/libwind.so.0.0.0
614b2000-614b3000 rw-p 00028000 08:03 661868     /usr/lib/i386-linux-gnu/libwind.so.0.0.0
614b3000-614b6000 r-xp 00000000 08:03 2229178    /lib/i386-linux-gnu/libgpg-error.so.0.8.0
614b6000-614b7000 r--p 00002000 08:03 2229178    /lib/i386-linux-gnu/libgpg-error.so.0.8.0
614b7000-614b8000 rw-p 00003000 08:03 2229178    /lib/i386-linux-gnu/libgpg-error.so.0.8.0
614b8000-614c8000 r-xp 00000000 08:03 661700     /usr/lib/i386-linux-gnu/libp11-kit.so.0.0.0
614c8000-614c9000 r--p 0000f000 08:03 661700     /usr/lib/i386-linux-gnu/libp11-kit.so.0.0.0
614c9000-614ca000 rw-p 00010000 08:03 661700     /usr/lib/i386-linux-gnu/libp11-kit.so.0.0.0
614ca000-614da000 r-xp 00000000 08:03 661817     /usr/lib/i386-linux-gnu/libtasn1.so.3.1.12
614da000-614db000 r--p 0000f000 08:03 661817     /usr/lib/i386-linux-gnu/libtasn1.so.3.1.12
614db000-614dc000 rw-p 00010000 08:03 661817     /usr/lib/i386-linux-gnu/libtasn1.so.3.1.12
614dc000-614f0000 r-xp 00000000 08:03 661763     /usr/lib/i386-linux-gnu/libroken.so.18.1.0
614f0000-614f1000 r--p 00013000 08:03 661763     /usr/lib/i386-linux-gnu/libroken.so.18.1.0
614f1000-614f2000 rw-p 00014000 08:03 661763     /usr/lib/i386-linux-gnu/libroken.so.18.1.0
614f2000-61524000 r-xp 00000000 08:03 661599     /usr/lib/i386-linux-gnu/libhcrypto.so.4.1.0
61524000-61525000 r--p 00032000 08:03 661599     /usr/lib/i386-linux-gnu/libhcrypto.so.4.1.0
61525000-61526000 rw-p 00033000 08:03 661599     /usr/lib/i386-linux-gnu/libhcrypto.so.4.1.0
61526000-61527000 rw-p 00000000 00:00 0 
61527000-6152a000 r-xp 00000000 08:03 2229158    /lib/i386-linux-gnu/libcom_err.so.2.1
6152a000-6152b000 r--p 00002000 08:03 2229158    /lib/i386-linux-gnu/libcom_err.so.2.1
6152b000-6152c000 rw-p 00003000 08:03 2229158    /lib/i386-linux-gnu/libcom_err.so.2.1
6152c000-615cc000 r-xp 00000000 08:03 661321     /usr/lib/i386-linux-gnu/libasn1.so.8.0.0
615cc000-615cd000 ---p 000a0000 08:03 661321     /usr/lib/i386-linux-gnu/libasn1.so.8.0.0
615cd000-615ce000 r--p 000a0000 08:03 661321     /usr/lib/i386-linux-gnu/libasn1.so.8.0.0
615ce000-615d1000 rw-p 000a1000 08:03 661321     /usr/lib/i386-linux-gnu/libasn1.so.8.0.0
615d1000-61650000 r-xp 00000000 08:03 661632     /usr/lib/i386-linux-gnu/libkrb5.so.26.0.0
61650000-61652000 r--p 0007e000 08:03 661632     /usr/lib/i386-linux-gnu/libkrb5.so.26.0.0
61652000-61654000 rw-p 00080000 08:03 661632     /usr/lib/i386-linux-gnu/libkrb5.so.26.0.0
61654000-6165a000 r-xp 00000000 08:03 661603     /usr/lib/i386-linux-gnu/libheimntlm.so.0.1.0
6165a000-6165b000 r--p 00005000 08:03 661603     /usr/lib/i386-linux-gnu/libheimntlm.so.0.1.0
6165b000-6165c000 rw-p 00006000 08:03 661603     /usr/lib/i386-linux-gnu/libheimntlm.so.0.1.0
6165c000-616de000 r-xp 00000000 08:03 2229174    /lib/i386-linux-gnu/libgcrypt.so.11.7.0
616de000-616df000 r--p 00081000 08:03 2229174    /lib/i386-linux-gnu/libgcrypt.so.11.7.0
616df000-616e1000 rw-p 00082000 08:03 2229174    /lib/i386-linux-gnu/libgcrypt.so.11.7.0
616e1000-617a0000 r-xp 00000000 08:03 661522     /usr/lib/i386-linux-gnu/libgnutls.so.26.21.8
617a0000-617a4000 r--p 000be000 08:03 661522     /usr/lib/i386-linux-gnu/libgnutls.so.26.21.8
617a4000-617a5000 rw-p 000c2000 08:03 661522     /usr/lib/i386-linux-gnu/libgnutls.so.26.21.8
617a5000-617df000 r-xp 00000000 08:03 661537     /usr/lib/i386-linux-gnu/libgssapi.so.3.0.0
617df000-617e0000 r--p 00039000 08:03 661537     /usr/lib/i386-linux-gnu/libgssapi.so.3.0.0
617e0000-617e2000 rw-p 0003a000 08:03 661537     /usr/lib/i386-linux-gnu/libgssapi.so.3.0.0
617e2000-617fc000 r-xp 00000000 08:03 661778     /usr/lib/i386-linux-gnu/libsasl2.so.2.0.25
617fc000-617fd000 r--p 00019000 08:03 661778     /usr/lib/i386-linux-gnu/libsasl2.so.2.0.25
617fd000-617fe000 rw-p 0001a000 08:03 661778     /usr/lib/i386-linux-gnu/libsasl2.so.2.0.25
617fe000-6184c000 r-xp 00000000 08:03 657942     /usr/lib/i386-linux-gnu/libldap_r-2.4.so.2.8.1
6184c000-6184d000 ---p 0004e000 08:03 657942     /usr/lib/i386-linux-gnu/libldap_r-2.4.so.2.8.1
6184d000-6184e000 r--p 0004e000 08:03 657942     /usr/lib/i386-linux-gnu/libldap_r-2.4.so.2.8.1
6184e000-6184f000 rw-p 0004f000 08:03 657942     /usr/lib/i386-linux-gnu/libldap_r-2.4.so.2.8.1
6184f000-61850000 rw-p 00000000 00:00 0 
61864000-61874000 r-xp 00000000 08:03 934995     /usr/lib/arc/libdmcldap.so
61874000-61875000 r--p 0000f000 08:03 934995     /usr/lib/arc/libdmcldap.so
61875000-61876000 rw-p 00010000 08:03 934995     /usr/lib/arc/libdmcldap.so
61876000-61879000 r-xp 00000000 08:03 672023     /usr/lib/libglobus_callout.so.0.2.1
61879000-6187a000 r--p 00003000 08:03 672023     /usr/lib/libglobus_callout.so.0.2.1
6187a000-6187b000 rw-p 00004000 08:03 672023     /usr/lib/libglobus_callout.so.0.2.1
6187b000-618d5000 r-xp 00000000 08:03 672085     /usr/lib/libglobus_xio.so.0.3.2
618d5000-618d6000 r--p 00059000 08:03 672085     /usr/lib/libglobus_xio.so.0.3.2
618d6000-618d7000 rw-p 0005a000 08:03 672085     /usr/lib/libglobus_xio.so.0.3.2
618d7000-618e3000 r-xp 00000000 08:03 672075     /usr/lib/libglobus_gss_assist.so.3.5.1
618e3000-618e4000 r--p 0000b000 08:03 672075     /usr/lib/libglobus_gss_assist.so.3.5.1
618e4000-618e5000 rw-p 0000c000 08:03 672075     /usr/lib/libglobus_gss_assist.so.3.5.1
618e5000-618fc000 r-xp 00000000 08:03 672098     /usr/lib/libglobus_io.so.3.6.2
618fc000-618fd000 r--p 00016000 08:03 672098     /usr/lib/libglobus_io.so.3.6.2
618fd000-618fe000 rw-p 00017000 08:03 672098     /usr/lib/libglobus_io.so.3.6.2
618fe000-6190a000 r-xp 00000000 08:03 672124     /usr/lib/libglobus_rls_client.so.5.0.2
6190a000-6190b000 r--p 0000b000 08:03 672124     /usr/lib/libglobus_rls_client.so.5.0.2
6190b000-6190c000 rw-p 0000c000 08:03 672124     /usr/lib/libglobus_rls_client.so.5.0.2
6190c000-6192e000 r-xp 00000000 08:03 935019     /usr/lib/arc/libdmcrls.so
6192e000-6192f000 r--p 00021000 08:03 935019     /usr/lib/arc/libdmcrls.so
6192f000-61930000 rw-p 00022000 08:03 935019     /usr/lib/arc/libdmcrls.so
61930000-61948000 r-xp 00000000 08:03 935005     /usr/lib/arc/libdmcfile.so
61948000-61949000 r--p 00018000 08:03 935005     /usr/lib/arc/libdmcfile.so
61949000-6194a000 rw-p 00019000 08:03 935005     /usr/lib/arc/libdmcfile.so
6194a000-6195d000 r-xp 00000000 08:03 2239920    /lib/i386-linux-gnu/libresolv-2.15.so
6195d000-6195e000 ---p 00013000 08:03 2239920    /lib/i386-linux-gnu/libresolv-2.15.so
6195e000-6195f000 r--p 00013000 08:03 2239920    /lib/i386-linux-gnu/libresolv-2.15.so
6195f000-61960000 rw-p 00014000 08:03 2239920    /lib/i386-linux-gnu/libresolv-2.15.so
61960000-61962000 rw-p 00000000 00:00 0 
61964000-61971000 r-xp 00000000 08:03 657943     /usr/lib/i386-linux-gnu/liblber-2.4.so.2.8.1
61971000-61972000 r--p 0000c000 08:03 657943     /usr/lib/i386-linux-gnu/liblber-2.4.so.2.8.1
61972000-61973000 rw-p 0000d000 08:03 657943     /usr/lib/i386-linux-gnu/liblber-2.4.so.2.8.1
61973000-61974000 r-xp 00000000 08:03 934866     /usr/lib/arc/libmodcredential.so
61974000-61975000 r--p 00000000 08:03 934866     /usr/lib/arc/libmodcredential.so
61975000-61976000 rw-p 00001000 08:03 934866     /usr/lib/arc/libmodcredential.so
659af000-659b0000 ---p 00000000 00:00 0 
659b0000-669b0000 rw-p 00000000 00:00 0 
669b0000-669b8000 r-xp 00000000 08:03 672053     /usr/lib/libglobus_oldgaa.so.0.4.1
669b8000-669b9000 r--p 00007000 08:03 672053     /usr/lib/libglobus_oldgaa.so.0.4.1
669b9000-669ba000 rw-p 00008000 08:03 672053     /usr/lib/libglobus_oldgaa.so.0.4.1
669ba000-669c2000 r-xp 00000000 08:03 661651     /usr/lib/i386-linux-gnu/libltdl.so.7.3.0
669c2000-669c3000 r--p 00008000 08:03 661651     /usr/lib/i386-linux-gnu/libltdl.so.7.3.0
669c3000-669c4000 rw-p 00009000 08:03 661651     /usr/lib/i386-linux-gnu/libltdl.so.7.3.0
669c4000-669c8000 r-xp 00000000 08:03 672033     /usr/lib/libglobus_proxy_ssl.so.1.3.1
669c8000-669c9000 r--p 00003000 08:03 672033     /usr/lib/libglobus_proxy_ssl.so.1.3.1
669c9000-669ca000 rw-p 00004000 08:03 672033     /usr/lib/libglobus_proxy_ssl.so.1.3.1
669ca000-669ce000 r-xp 00000000 08:03 672028     /usr/lib/libglobus_openssl_error.so.0.2.1
669ce000-669cf000 r--p 00003000 08:03 672028     /usr/lib/libglobus_openssl_error.so.0.2.1
669cf000-669d0000 rw-p 00004000 08:03 672028     /usr/lib/libglobus_openssl_error.so.0.2.1
669d0000-669d5000 r-xp 00000000 08:03 672043     /usr/lib/libglobus_gsi_cert_utils.so.0.8.1
669d5000-669d6000 r--p 00004000 08:03 672043     /usr/lib/libglobus_gsi_cert_utils.so.0.8.1
669d6000-669d7000 rw-p 00005000 08:03 672043     /usr/lib/libglobus_gsi_cert_utils.so.0.8.1
669d7000-669e2000 r-xp 00000000 08:03 672048     /usr/lib/libglobus_gsi_sysconfig.so.1.4.1
669e2000-669e3000 r--p 0000b000 08:03 672048     /usr/lib/libglobus_gsi_sysconfig.so.1.4.1
669e3000-669e4000 rw-p 0000c000 08:03 672048     /usr/lib/libglobus_gsi_sysconfig.so.1.4.1
669e4000-669f3000 r-xp 00000000 08:03 672060     /usr/lib/libglobus_gsi_credential.so.1.4.1
669f3000-669f4000 r--p 0000e000 08:03 672060     /usr/lib/libglobus_gsi_credential.so.1.4.1
669f4000-669f5000 rw-p 0000f000 08:03 672060     /usr/lib/libglobus_gsi_credential.so.1.4.1
669f5000-66a05000 r-xp 00000000 08:03 672065     /usr/lib/libglobus_gsi_proxy_core.so.0.6.1
66a05000-66a06000 r--p 0000f000 08:03 672065     /usr/lib/libglobus_gsi_proxy_core.so.0.6.1
66a06000-66a07000 rw-p 00010000 08:03 672065     /usr/lib/libglobus_gsi_proxy_core.so.0.6.1
66a07000-66a11000 r-xp 00000000 08:03 672054     /usr/lib/libglobus_gsi_callback.so.0.4.1
66a11000-66a12000 r--p 00009000 08:03 672054     /usr/lib/libglobus_gsi_callback.so.0.4.1
66a12000-66a13000 rw-p 0000a000 08:03 672054     /usr/lib/libglobus_gsi_callback.so.0.4.1
66a13000-66a55000 r-xp 00000000 08:03 672015     /usr/lib/libglobus_common.so.0.14.5
66a55000-66a56000 r--p 00041000 08:03 672015     /usr/lib/libglobus_common.so.0.14.5
66a56000-66a57000 rw-p 00042000 08:03 672015     /usr/lib/libglobus_common.so.0.14.5
66a57000-66a58000 rw-p 00000000 00:00 0 
66a58000-66a72000 r-xp 00000000 08:03 672070     /usr/lib/libglobus_gssapi_gsi.so.4.6.2
66a72000-66a73000 r--p 00019000 08:03 672070     /usr/lib/libglobus_gssapi_gsi.so.4.6.2
66a73000-66a74000 rw-p 0001a000 08:03 672070     /usr/lib/libglobus_gssapi_gsi.so.4.6.2
66a74000-66a7b000 r-xp 00000000 08:03 656561     /usr/lib/libarcglobusutils.so.2.0.0
66a7b000-66a7c000 r--p 00006000 08:03 656561     /usr/lib/libarcglobusutils.so.2.0.0
66a7c000-66a7d000 rw-p 00007000 08:03 656561     /usr/lib/libarcglobusutils.so.2.0.0
66a7e000-66a83000 r-xp 00000000 08:03 2239922    /lib/i386-linux-gnu/libnss_dns-2.15.so
66a83000-66a84000 r--p 00004000 08:03 2239922    /lib/i386-linux-gnu/libnss_dns-2.15.so
66a84000-66a85000 rw-p 00005000 08:03 2239922    /lib/i386-linux-gnu/libnss_dns-2.15.so
66a91000-66aa5000 r-xp 00000000 08:03 935025     /usr/lib/arc/libmccgsi.so
66aa5000-66aa6000 r--p 00013000 08:03 935025     /usr/lib/arc/libmccgsi.so
66aa6000-66aa7000 rw-p 00014000 08:03 935025     /usr/lib/arc/libmccgsi.so
6aaed000-6aaee000 ---p 00000000 00:00 0 
6aaee000-6baee000 rw-p 00000000 00:00 0 
6baee000-6baef000 ---p 00000000 00:00 0 
6baef000-6caef000 rw-p 00000000 00:00 0 
6d0ff000-6d100000 ---p 00000000 00:00 0 
6d100000-6d900000 rw-p 00000000 00:00 0 
6d900000-6d931000 rw-p 00000000 00:00 0 
6d931000-6da00000 ---p 00000000 00:00 0 
6e0ff000-6e100000 ---p 00000000 00:00 0 
6e100000-6e900000 rw-p 00000000 00:00 0 
6e900000-6e9d9000 rw-p 00000000 00:00 0 
6e9d9000-6ea00000 ---p 00000000 00:00 0 
6ea21000-6ea80000 r-xp 00000000 08:03 934987     /usr/lib/arc/libaccJobDescriptionParser.so
6ea80000-6ea81000 r--p 0005e000 08:03 934987     /usr/lib/arc/libaccJobDescriptionParser.so
6ea81000-6ea82000 rw-p 0005f000 08:03 934987     /usr/lib/arc/libaccJobDescriptionParser.so
6ea82000-6ea8f000 r-xp 00000000 08:03 672090     /usr/lib/libglobus_xio_gsi_driver.so.0.2.1
6ea8f000-6ea90000 r--p 0000c000 08:03 672090     /usr/lib/libglobus_xio_gsi_driver.so.0.2.1
6ea90000-6ea91000 rw-p 0000d000 08:03 672090     /usr/lib/libglobus_xio_gsi_driver.so.0.2.1
6ea91000-6eabf000 r-xp 00000000 08:03 935015     /usr/lib/arc/libaccARC0.so
6eabf000-6eac0000 ---p 0002e000 08:03 935015     /usr/lib/arc/libaccARC0.so
6eac0000-6eac1000 r--p 0002e000 08:03 935015     /usr/lib/arc/libaccARC0.so
6eac1000-6eac2000 rw-p 0002f000 08:03 935015     /usr/lib/arc/libaccARC0.so
6eac2000-6eaef000 r-xp 00000000 08:03 934972     /usr/lib/arc/libaccCREAM.so
6eaef000-6eaf0000 r--p 0002c000 08:03 934972     /usr/lib/arc/libaccCREAM.so
6eaf0000-6eaf1000 rw-p 0002d000 08:03 934972     /usr/lib/arc/libaccCREAM.so
6eaf1000-6eb3c000 r-xp 00000000 08:03 934984     /usr/lib/arc/libaccEMIES.so
6eb3c000-6eb3d000 r--p 0004a000 08:03 934984     /usr/lib/arc/libaccEMIES.so
6eb3d000-6eb3e000 rw-p 0004b000 08:03 934984     /usr/lib/arc/libaccEMIES.so
6eb3e000-6eb5e000 r-xp 00000000 08:03 655971     /usr/lib/libarcsecurity.so.2.0.0
6eb5e000-6eb5f000 r--p 00020000 08:03 655971     /usr/lib/libarcsecurity.so.2.0.0
6eb5f000-6eb60000 rw-p 00021000 08:03 655971     /usr/lib/libarcsecurity.so.2.0.0
6eb60000-6ebb2000 r-xp 00000000 08:03 655577     /usr/lib/libarcws.so.2.0.0
6ebb2000-6ebb3000 r--p 00052000 08:03 655577     /usr/lib/libarcws.so.2.0.0
6ebb3000-6ebb4000 rw-p 00053000 08:03 655577     /usr/lib/libarcws.so.2.0.0
6ebb4000-6ebb6000 r-xp 00000000 08:03 672080     /usr/lib/libglobus_gssapi_error.so.2.2.1
6ebb6000-6ebb7000 r--p 00001000 08:03 672080     /usr/lib/libglobus_gssapi_error.so.2.2.1
6ebb7000-6ebb8000 rw-p 00002000 08:03 672080     /usr/lib/libglobus_gssapi_error.so.2.2.1
6ebc2000-6ebc6000 r-xp 00000000 08:03 672016     /usr/lib/libglobus_thread_pthread.so.0.14.5
6ebc6000-6ebc7000 r--p 00003000 08:03 672016     /usr/lib/libglobus_thread_pthread.so.0.14.5
6ebc7000-6ebc8000 rw-p 00004000 08:03 672016     /usr/lib/libglobus_thread_pthread.so.0.14.5
6ebc8000-6ec2f000 r-xp 00000000 08:03 935010     /usr/lib/arc/libaccARC1.so
6ec2f000-6ec30000 r--p 00066000 08:03 935010     /usr/lib/arc/libaccARC1.so
6ec30000-6ec31000 rw-p 00067000 08:03 935010     /usr/lib/arc/libaccARC1.so
6ec31000-6ec64000 r-xp 00000000 08:03 934992     /usr/lib/arc/libaccldap.so
6ec64000-6ec65000 r--p 00032000 08:03 934992     /usr/lib/arc/libaccldap.so
6ec65000-6ec66000 rw-p 00033000 08:03 934992     /usr/lib/arc/libaccldap.so
6ec66000-6eca0000 r-xp 00000000 08:03 658192     /usr/lib/i386-linux-gnu/libxslt.so.1.1.26
6eca0000-6eca1000 r--p 0003a000 08:03 658192     /usr/lib/i386-linux-gnu/libxslt.so.1.1.26
6eca1000-6eca2000 rw-p 0003b000 08:03 658192     /usr/lib/i386-linux-gnu/libxslt.so.1.1.26
6eca2000-6eca7000 r-xp 00000000 08:03 661455     /usr/lib/i386-linux-gnu/libffi.so.6.0.0
6eca7000-6eca8000 r--p 00004000 08:03 661455     /usr/lib/i386-linux-gnu/libffi.so.6.0.0
6eca8000-6eca9000 rw-p 00005000 08:03 661455     /usr/lib/i386-linux-gnu/libffi.so.6.0.0
6eca9000-6ece3000 r-xp 00000000 08:03 2229224    /lib/i386-linux-gnu/libpcre.so.3.12.1
6ece3000-6ece4000 r--p 00039000 08:03 2229224    /lib/i386-linux-gnu/libpcre.so.3.12.1
6ece4000-6ece5000 rw-p 0003a000 08:03 2229224    /lib/i386-linux-gnu/libpcre.so.3.12.1
6ece5000-6ed42000 r-xp 00000000 08:03 671856     /usr/lib/libxmlsec1.so.1.2.14
6ed42000-6ed44000 r--p 0005c000 08:03 671856     /usr/lib/libxmlsec1.so.1.2.14
6ed44000-6ed45000 rw-p 0005e000 08:03 671856     /usr/lib/libxmlsec1.so.1.2.14
6ed45000-6ed78000 r-xp 00000000 08:03 671858     /usr/lib/libxmlsec1-openssl.so.1.2.14
6ed78000-6ed7a000 r--p 00032000 08:03 671858     /usr/lib/libxmlsec1-openssl.so.1.2.14
6ed7a000-6ed7b000 rw-p 00034000 08:03 671858     /usr/lib/libxmlsec1-openssl.so.1.2.14
6ed7b000-6edc8000 r-xp 00000000 08:03 661528     /usr/lib/i386-linux-gnu/libgobject-2.0.so.0.3200.3
6edc8000-6edc9000 r--p 0004c000 08:03 661528     /usr/lib/i386-linux-gnu/libgobject-2.0.so.0.3200.3
6edc9000-6edca000 rw-p 0004d000 08:03 661528     /usr/lib/i386-linux-gnu/libgobject-2.0.so.0.3200.3
6edca000-6edde000 r-xp 00000000 08:03 2229262    /lib/i386-linux-gnu/libz.so.1.2.3.4
6edde000-6eddf000 r--p 00013000 08:03 2229262    /lib/i386-linux-gnu/libz.so.1.2.3.4
6eddf000-6ede0000 rw-p 00014000 08:03 2229262    /lib/i386-linux-gnu/libz.so.1.2.3.4
6ede0000-6eed7000 r-xp 00000000 08:03 2229176    /lib/i386-linux-gnu/libglib-2.0.so.0.3200.3
6eed7000-6eed8000 r--p 000f6000 08:03 2229176    /lib/i386-linux-gnu/libglib-2.0.so.0.3200.3
6eed8000-6eed9000 rw-p 000f7000 08:03 2229176    /lib/i386-linux-gnu/libglib-2.0.so.0.3200.3
6eed9000-6f020000 r-xp 00000000 08:03 657254     /usr/lib/i386-linux-gnu/libxml2.so.2.7.8
6f020000-6f024000 r--p 00147000 08:03 657254     /usr/lib/i386-linux-gnu/libxml2.so.2.7.8
6f024000-6f025000 rw-p 0014b000 08:03 657254     /usr/lib/i386-linux-gnu/libxml2.so.2.7.8
6f025000-6f026000 rw-p 00000000 00:00 0 
6f026000-6f075000 r-xp 00000000 08:03 2229132    /lib/i386-linux-gnu/libssl.so.1.0.0
6f075000-6f076000 ---p 0004f000 08:03 2229132    /lib/i386-linux-gnu/libssl.so.1.0.0
6f076000-6f078000 r--p 0004f000 08:03 2229132    /lib/i386-linux-gnu/libssl.so.1.0.0
6f078000-6f07c000 rw-p 00051000 08:03 2229132    /lib/i386-linux-gnu/libssl.so.1.0.0
6f07c000-6f20e000 r-xp 00000000 08:03 2228250    /lib/i386-linux-gnu/libcrypto.so.1.0.0
6f20e000-6f21d000 r--p 00192000 08:03 2228250    /lib/i386-linux-gnu/libcrypto.so.1.0.0
6f21d000-6f224000 rw-p 001a1000 08:03 2228250    /lib/i386-linux-gnu/libcrypto.so.1.0.0
6f224000-6f227000 rw-p 00000000 00:00 0 
6f227000-6f232000 r-xp 00000000 08:03 655719     /usr/lib/libarcxmlsec.so.2.0.0
6f232000-6f233000 r--p 0000a000 08:03 655719     /usr/lib/libarcxmlsec.so.2.0.0
6f233000-6f234000 rw-p 0000b000 08:03 655719     /usr/lib/libarcxmlsec.so.2.0.0
6f234000-6f30c000 r-xp 00000000 08:03 661811     /usr/lib/i386-linux-gnu/libstdc++.so.6.0.16
6f30c000-6f30d000 ---p 000d8000 08:03 661811     /usr/lib/i386-linux-gnu/libstdc++.so.6.0.16
6f30d000-6f311000 r--p 000d8000 08:03 661811     /usr/lib/i386-linux-gnu/libstdc++.so.6.0.16
6f311000-6f312000 rw-p 000dc000 08:03 661811     /usr/lib/i386-linux-gnu/libstdc++.so.6.0.16
6f312000-6f319000 rw-p 00000000 00:00 0 
6f319000-6f37d000 r-xp 00000000 08:03 661510     /usr/lib/i386-linux-gnu/libglibmm-2.4.so.1.3.0
6f37d000-6f37e000 ---p 00064000 08:03 661510     /usr/lib/i386-linux-gnu/libglibmm-2.4.so.1.3.0
6f37e000-6f37f000 r--p 00064000 08:03 661510     /usr/lib/i386-linux-gnu/libglibmm-2.4.so.1.3.0
6f37f000-6f380000 rw-p 00065000 08:03 661510     /usr/lib/i386-linux-gnu/libglibmm-2.4.so.1.3.0
6f380000-6f41a000 r-xp 00000000 08:03 655650     /usr/lib/libarccommon.so.2.0.0
6f41a000-6f41b000 r--p 00099000 08:03 655650     /usr/lib/libarccommon.so.2.0.0
6f41b000-6f41c000 rw-p 0009a000 08:03 655650     /usr/lib/libarccommon.so.2.0.0
6f41c000-6f475000 r-xp 00000000 08:03 656116     /usr/lib/libarccredential.so.2.0.0
6f475000-6f476000 r--p 00058000 08:03 656116     /usr/lib/libarccredential.so.2.0.0
6f476000-6f477000 rw-p 00059000 08:03 656116     /usr/lib/libarccredential.so.2.0.0
6f477000-6f4c8000 r-xp 00000000 08:03 655579     /usr/lib/libarcdata2.so.2.0.0
6f4c8000-6f4c9000 ---p 00051000 08:03 655579     /usr/lib/libarcdata2.so.2.0.0
6f4c9000-6f4ca000 r--p 00051000 08:03 655579     /usr/lib/libarcdata2.so.2.0.0
6f4ca000-6f4cb000 rw-p 00052000 08:03 655579     /usr/lib/libarcdata2.so.2.0.0
6f4cb000-6f5b0000 r-xp 00000000 08:03 655573     /usr/lib/libarcclient.so.2.0.0
6f5b0000-6f5b1000 r--p 000e4000 08:03 655573     /usr/lib/libarcclient.so.2.0.0
6f5b1000-6f5b2000 rw-p 000e5000 08:03 655573     /usr/lib/libarcclient.so.2.0.0
6f5b2000-6f5b3000 rw-p 00000000 00:00 0 
6f5b3000-6f6fc000 r-xp 00000000 08:03 657566     /usr/lib/libjarc.so
6f6fc000-6f6fd000 ---p 00149000 08:03 657566     /usr/lib/libjarc.so
6f6fd000-6f6fe000 r--p 00149000 08:03 657566     /usr/lib/libjarc.so
6f6fe000-6f6ff000 rw-p 0014a000 08:03 657566     /usr/lib/libjarc.so
6f6ff000-6f700000 rw-p 00000000 00:00 0 
6f700000-6f7f6000 rw-p 00000000 00:00 0 
6f7f6000-6f800000 ---p 00000000 00:00 0 
6f801000-6f805000 r-xp 00000000 08:03 2229258    /lib/i386-linux-gnu/libuuid.so.1.3.0
6f805000-6f806000 r--p 00003000 08:03 2229258    /lib/i386-linux-gnu/libuuid.so.1.3.0
6f806000-6f807000 rw-p 00004000 08:03 2229258    /lib/i386-linux-gnu/libuuid.so.1.3.0
6f807000-6f900000 rw-s 00000000 00:04 148996132  /SYSV00000000 (deleted)
6f900000-6f958000 rw-p 00000000 00:00 0 
6f958000-6fa00000 ---p 00000000 00:00 0 
6fa01000-6fa03000 r-xp 00000000 08:03 2228279    /lib/libnss_mdns4_minimal.so.2
6fa03000-6fa04000 r--p 00001000 08:03 2228279    /lib/libnss_mdns4_minimal.so.2
6fa04000-6fa05000 rw-p 00002000 08:03 2228279    /lib/libnss_mdns4_minimal.so.2
6fa05000-6fa3c000 r-xp 00000000 08:03 655756     /usr/lib/libarcmessage.so.2.0.0
6fa3c000-6fa3d000 r--p 00036000 08:03 655756     /usr/lib/libarcmessage.so.2.0.0
6fa3d000-6fa3e000 rw-p 00037000 08:03 655756     /usr/lib/libarcmessage.so.2.0.0
6fa3e000-6faad000 r-xp 00000000 08:03 655576     /usr/lib/libarcdatastaging.so.2.0.0
6faad000-6faae000 r--p 0006e000 08:03 655576     /usr/lib/libarcdatastaging.so.2.0.0
6faae000-6faaf000 rw-p 0006f000 08:03 655576     /usr/lib/libarcdatastaging.so.2.0.0
6faaf000-6fab2000 ---p 00000000 00:00 0 
6fab2000-6fb00000 rw-p 00000000 00:00 0 
6fb00000-6fbfd000 rw-p 00000000 00:00 0 
6fbfd000-6fc00000 ---p 00000000 00:00 0 
6fc00000-6fc02000 r-xp 00000000 08:03 672038     /usr/lib/libglobus_openssl.so.0.3.1
6fc02000-6fc03000 r--p 00001000 08:03 672038     /usr/lib/libglobus_openssl.so.0.3.1
6fc03000-6fc04000 rw-p 00002000 08:03 672038     /usr/lib/libglobus_openssl.so.0.3.1
6fc04000-6fc08000 r-xp 00000000 08:03 661784     /usr/lib/i386-linux-gnu/libsigc-2.0.so.0.0.0
6fc08000-6fc09000 r--p 00003000 08:03 661784     /usr/lib/i386-linux-gnu/libsigc-2.0.so.0.0.0
6fc09000-6fc0a000 rw-p 00004000 08:03 661784     /usr/lib/i386-linux-gnu/libsigc-2.0.so.0.0.0
6fc0a000-6fc25000 r-xp 00000000 08:03 655578     /usr/lib/libarcloader.so.2.0.0
6fc25000-6fc26000 r--p 0001a000 08:03 655578     /usr/lib/libarcloader.so.2.0.0
6fc26000-6fc27000 rw-p 0001b000 08:03 655578     /usr/lib/libarcloader.so.2.0.0
6fc27000-6fc3a000 r-xp 00000000 08:03 656082     /usr/lib/libarccredentialstore.so.2.0.0
6fc3a000-6fc3b000 r--p 00013000 08:03 656082     /usr/lib/libarccredentialstore.so.2.0.0
6fc3b000-6fc3c000 rw-p 00014000 08:03 656082     /usr/lib/libarccredentialstore.so.2.0.0
6fc3c000-6fc9c000 r-xp 00000000 08:03 1593185    /usr/lib/jvm/jdk1.7.0_09/jre/lib/i386/libt2k.so
6fc9c000-6fca0000 rw-p 0005f000 08:03 1593185    /usr/lib/jvm/jdk1.7.0_09/jre/lib/i386/libt2k.so
6fca0000-6fca4000 rw-p 00000000 00:00 0 
6fca4000-6fcb2000 r-xp 00000000 08:03 1593198    /usr/lib/jvm/jdk1.7.0_09/jre/lib/i386/libnio.so
6fcb2000-6fcb3000 rw-p 0000e000 08:03 1593198    /usr/lib/jvm/jdk1.7.0_09/jre/lib/i386/libnio.so
6fcb3000-6fccf000 r-xp 00000000 08:03 2229172    /lib/i386-linux-gnu/libgcc_s.so.1
6fccf000-6fcd0000 r--p 0001b000 08:03 2229172    /lib/i386-linux-gnu/libgcc_s.so.1
6fcd0000-6fcd1000 rw-p 0001c000 08:03 2229172    /lib/i386-linux-gnu/libgcc_s.so.1
6fcd1000-6fd13000 r-xp 00000000 08:03 1593207    /usr/lib/jvm/jdk1.7.0_09/jre/lib/i386/libfontmanager.so
6fd13000-6fd16000 rw-p 00041000 08:03 1593207    /usr/lib/jvm/jdk1.7.0_09/jre/lib/i386/libfontmanager.so
6fd16000-6fd1a000 rw-p 00000000 00:00 0 
6fd1a000-6fd1d000 ---p 00000000 00:00 0 
6fd1d000-6fd6b000 rw-p 00000000 00:00 0 
6fd6b000-6fd6e000 ---p 00000000 00:00 0 
6fd6e000-6fdbc000 rw-p 00000000 00:00 0 
6fdbc000-6fdbf000 ---p 00000000 00:00 0 
6fdbf000-6fe0d000 rw-p 00000000 00:00 0 
6fe0d000-6fe10000 ---p 00000000 00:00 0 
6fe10000-6fe5e000 rw-p 00000000 00:00 0 
6fe5e000-6fe61000 ---p 00000000 00:00 0 
6fe61000-6feaf000 rw-p 00000000 00:00 0 
6feaf000-6feb2000 ---p 00000000 00:00 0 
6feb2000-6ff00000 rw-p 00000000 00:00 0 
6ff00000-6fff9000 rw-p 00000000 00:00 0 
6fff9000-70000000 ---p 00000000 00:00 0 
70000000-70001000 r-xp 00000000 08:03 934865     /usr/lib/arc/libmodcrypto.so
70001000-70002000 r--p 00000000 08:03 934865     /usr/lib/arc/libmodcrypto.so
70002000-70003000 rw-p 00001000 08:03 934865     /usr/lib/arc/libmodcrypto.so
70003000-7000a000 r--s 00000000 08:03 657833     /usr/lib/i386-linux-gnu/gconv/gconv-modules.cache
7000a000-70012000 r-xp 00000000 08:03 934986     /usr/lib/arc/libaccSER.so
70012000-70013000 r--p 00007000 08:03 934986     /usr/lib/arc/libaccSER.so
70013000-70014000 rw-p 00008000 08:03 934986     /usr/lib/arc/libaccSER.so
70014000-70028000 r-xp 00000000 08:03 1593189    /usr/lib/jvm/jdk1.7.0_09/jre/lib/i386/libnet.so
70028000-70029000 rw-p 00014000 08:03 1593189    /usr/lib/jvm/jdk1.7.0_09/jre/lib/i386/libnet.so
70029000-7002c000 ---p 00000000 00:00 0 
7002c000-7007a000 rw-p 00000000 00:00 0 
7007a000-7007e000 r-xp 00000000 08:03 661283     /usr/lib/i386-linux-gnu/libXfixes.so.3.1.0
7007e000-7007f000 r--p 00004000 08:03 661283     /usr/lib/i386-linux-gnu/libXfixes.so.3.1.0
7007f000-70080000 rw-p 00005000 08:03 661283     /usr/lib/i386-linux-gnu/libXfixes.so.3.1.0
70080000-70089000 r-xp 00000000 08:03 661275     /usr/lib/i386-linux-gnu/libXcursor.so.1.0.2
70089000-7008a000 r--p 00008000 08:03 661275     /usr/lib/i386-linux-gnu/libXcursor.so.1.0.2
7008a000-7008b000 rw-p 00009000 08:03 661275     /usr/lib/i386-linux-gnu/libXcursor.so.1.0.2
7008b000-7008e000 ---p 00000000 00:00 0 
7008e000-700dc000 rw-p 00000000 00:00 0 
700dc000-700e1000 r-xp 00000000 08:03 661279     /usr/lib/i386-linux-gnu/libXdmcp.so.6.0.0
700e1000-700e2000 r--p 00004000 08:03 661279     /usr/lib/i386-linux-gnu/libXdmcp.so.6.0.0
700e2000-700e3000 rw-p 00005000 08:03 661279     /usr/lib/i386-linux-gnu/libXdmcp.so.6.0.0
700e3000-70102000 r-xp 00000000 08:03 657945     /usr/lib/i386-linux-gnu/libxcb.so.1.1.0
70102000-70103000 r--p 0001f000 08:03 657945     /usr/lib/i386-linux-gnu/libxcb.so.1.1.0
70103000-70104000 rw-p 00020000 08:03 657945     /usr/lib/i386-linux-gnu/libxcb.so.1.1.0
70104000-70112000 r-xp 00000000 08:03 661287     /usr/lib/i386-linux-gnu/libXi.so.6.1.0
70112000-70113000 r--p 0000d000 08:03 661287     /usr/lib/i386-linux-gnu/libXi.so.6.1.0
70113000-70114000 rw-p 0000e000 08:03 661287     /usr/lib/i386-linux-gnu/libXi.so.6.1.0
70114000-70119000 r-xp 00000000 08:03 661305     /usr/lib/i386-linux-gnu/libXtst.so.6.1.0
70119000-7011a000 r--p 00004000 08:03 661305     /usr/lib/i386-linux-gnu/libXtst.so.6.1.0
7011a000-7011b000 rw-p 00005000 08:03 661305     /usr/lib/i386-linux-gnu/libXtst.so.6.1.0
7011b000-7024b000 r-xp 00000000 08:03 661266     /usr/lib/i386-linux-gnu/libX11.so.6.3.0
7024b000-7024c000 r--p 0012f000 08:03 661266     /usr/lib/i386-linux-gnu/libX11.so.6.3.0
7024c000-7024e000 rw-p 00130000 08:03 661266     /usr/lib/i386-linux-gnu/libX11.so.6.3.0
7024e000-7024f000 rw-p 00000000 00:00 0 
7024f000-702d5000 r-xp 00000000 08:03 1593159    /usr/lib/jvm/jdk1.7.0_09/jre/lib/i386/libawt.so
702d5000-702dc000 rw-p 00086000 08:03 1593159    /usr/lib/jvm/jdk1.7.0_09/jre/lib/i386/libawt.so
702dc000-70300000 rw-p 00000000 00:00 0 
70300000-70400000 rw-p 00000000 00:00 0 
70400000-70403000 r-xp 00000000 08:03 661514     /usr/lib/i386-linux-gnu/libgmodule-2.0.so.0.3200.3
70403000-70404000 r--p 00002000 08:03 661514     /usr/lib/i386-linux-gnu/libgmodule-2.0.so.0.3200.3
70404000-70405000 rw-p 00003000 08:03 661514     /usr/lib/i386-linux-gnu/libgmodule-2.0.so.0.3200.3
70405000-70415000 r-xp 00000000 08:03 661281     /usr/lib/i386-linux-gnu/libXext.so.6.4.0
70415000-70416000 r--p 0000f000 08:03 661281     /usr/lib/i386-linux-gnu/libXext.so.6.4.0
70416000-70417000 rw-p 00010000 08:03 661281     /usr/lib/i386-linux-gnu/libXext.so.6.4.0
70417000-70460000 r-xp 00000000 08:03 1717574    /usr/lib/jvm/jdk1.7.0_09/jre/lib/i386/xawt/libmawt.so
70460000-70463000 rw-p 00048000 08:03 1717574    /usr/lib/jvm/jdk1.7.0_09/jre/lib/i386/xawt/libmawt.so
70463000-70464000 ---p 00000000 00:00 0 
70464000-704e4000 rw-p 00000000 00:00 0 
704e4000-704e7000 ---p 00000000 00:00 0 
704e7000-70535000 rw-p 00000000 00:00 0 
70535000-70538000 ---p 00000000 00:00 0 
70538000-705b6000 rw-p 00000000 00:00 0 
705b6000-705b9000 ---p 00000000 00:00 0 
705b9000-70637000 rw-p 00000000 00:00 0 
70637000-7063a000 ---p 00000000 00:00 0 
7063a000-70688000 rw-p 00000000 00:00 0 
70688000-7068b000 ---p 00000000 00:00 0 
7068b000-706d9000 rw-p 00000000 00:00 0 
706d9000-706dc000 ---p 00000000 00:00 0 
706dc000-7072a000 rw-p 00000000 00:00 0 
7072a000-7072d000 ---p 00000000 00:00 0 
7072d000-7077b000 rw-p 00000000 00:00 0 
7077b000-7077e000 ---p 00000000 00:00 0 
7077e000-707cc000 rw-p 00000000 00:00 0 
707cc000-707cd000 ---p 00000000 00:00 0 
707cd000-70898000 rw-p 00000000 00:00 0 
70898000-70a54000 r--s 039da000 08:03 1593139    /usr/lib/jvm/jdk1.7.0_09/jre/lib/rt.jar
70a54000-73400000 rw-p 00000000 00:00 0 
73400000-734ec000 rw-p 00000000 00:00 0 
734ec000-73500000 ---p 00000000 00:00 0 
73500000-735f0000 rw-p 00000000 00:00 0 
735f0000-73600000 ---p 00000000 00:00 0 
73600000-736f9000 rw-p 00000000 00:00 0 
736f9000-73700000 ---p 00000000 00:00 0 
73700000-73702000 r-xp 00000000 08:03 661268     /usr/lib/i386-linux-gnu/libXau.so.6.0.0
73702000-73703000 r--p 00001000 08:03 661268     /usr/lib/i386-linux-gnu/libXau.so.6.0.0
73703000-73704000 rw-p 00002000 08:03 661268     /usr/lib/i386-linux-gnu/libXau.so.6.0.0
73704000-7370c000 r-xp 00000000 08:03 661301     /usr/lib/i386-linux-gnu/libXrender.so.1.3.0
7370c000-7370d000 r--p 00007000 08:03 661301     /usr/lib/i386-linux-gnu/libXrender.so.1.3.0
7370d000-7370e000 rw-p 00008000 08:03 661301     /usr/lib/i386-linux-gnu/libXrender.so.1.3.0
7370f000-73716000 r-xp 00000000 08:03 655972     /usr/lib/libarccrypto.so.2.0.0
73716000-73717000 r--p 00006000 08:03 655972     /usr/lib/libarccrypto.so.2.0.0
73717000-73718000 rw-p 00007000 08:03 655972     /usr/lib/libarccrypto.so.2.0.0
73718000-73722000 r--s 00254000 08:03 1593143    /usr/lib/jvm/jdk1.7.0_09/jre/lib/resources.jar
73722000-73725000 ---p 00000000 00:00 0 
73725000-73773000 rw-p 00000000 00:00 0 
73773000-73774000 ---p 00000000 00:00 0 
73774000-737f4000 rw-p 00000000 00:00 0 
737f4000-737f5000 ---p 00000000 00:00 0 
737f5000-7387d000 rw-p 00000000 00:00 0 
7387d000-73895000 rw-p 00000000 00:00 0 
73895000-738a9000 rw-p 00000000 00:00 0 
738a9000-739d3000 rw-p 00000000 00:00 0 
739d3000-739db000 rw-p 00000000 00:00 0 
739db000-739f3000 rw-p 00000000 00:00 0 
739f3000-73a07000 rw-p 00000000 00:00 0 
73a07000-73b30000 rw-p 00000000 00:00 0 
73b30000-73b42000 rw-p 00000000 00:00 0 
73b42000-73bcf000 rw-p 00000000 00:00 0 
73bcf000-74bd0000 rw-p 00000000 00:00 0 
74bd0000-77bd0000 rw-p 00000000 00:00 0 
77bd0000-7a380000 rw-p 00000000 00:00 0 
7a380000-9f680000 rw-p 00000000 00:00 0 
9f680000-a1940000 rw-p 00000000 00:00 0 
a1940000-b33d0000 rw-p 00000000 00:00 0 
b33d1000-b33d8000 r--s 00094000 08:03 800550     /usr/local/netbeans-7.2.1/java/modules/ext/beansbinding-1.2.1.jar
b33d8000-b33e1000 rw-p 00000000 00:00 0 
b33e1000-b3498000 rw-p 00000000 00:00 0 
b3498000-b36d8000 rwxp 00000000 00:00 0 
b36d8000-b6498000 rw-p 00000000 00:00 0 
b6498000-b64af000 r-xp 00000000 08:03 1593208    /usr/lib/jvm/jdk1.7.0_09/jre/lib/i386/libzip.so
b64af000-b64b0000 rw-p 00017000 08:03 1593208    /usr/lib/jvm/jdk1.7.0_09/jre/lib/i386/libzip.so
b64b0000-b64bb000 r-xp 00000000 08:03 2229337    /lib/i386-linux-gnu/libnss_files-2.15.so
b64bb000-b64bc000 r--p 0000a000 08:03 2229337    /lib/i386-linux-gnu/libnss_files-2.15.so
b64bc000-b64bd000 rw-p 0000b000 08:03 2229337    /lib/i386-linux-gnu/libnss_files-2.15.so
b64bd000-b64c7000 r-xp 00000000 08:03 2239926    /lib/i386-linux-gnu/libnss_nis-2.15.so
b64c7000-b64c8000 r--p 00009000 08:03 2239926    /lib/i386-linux-gnu/libnss_nis-2.15.so
b64c8000-b64c9000 rw-p 0000a000 08:03 2239926    /lib/i386-linux-gnu/libnss_nis-2.15.so
b64c9000-b64df000 r-xp 00000000 08:03 2239950    /lib/i386-linux-gnu/libnsl-2.15.so
b64df000-b64e0000 r--p 00015000 08:03 2239950    /lib/i386-linux-gnu/libnsl-2.15.so
b64e0000-b64e1000 rw-p 00016000 08:03 2239950    /lib/i386-linux-gnu/libnsl-2.15.so
b64e1000-b64e3000 rw-p 00000000 00:00 0 
b64e3000-b64ea000 r-xp 00000000 08:03 2229333    /lib/i386-linux-gnu/libnss_compat-2.15.so
b64ea000-b64eb000 r--p 00006000 08:03 2229333    /lib/i386-linux-gnu/libnss_compat-2.15.so
b64eb000-b64ec000 rw-p 00007000 08:03 2229333    /lib/i386-linux-gnu/libnss_compat-2.15.so
b64ee000-b64f8000 r--s 0006d000 08:03 1066729    /usr/share/java/arc.jar
b64f8000-b6500000 rw-s 00000000 08:03 930353     /tmp/hsperfdata_mustang/15677
b6500000-b6700000 r--p 00000000 08:03 663683     /usr/lib/locale/locale-archive
b6700000-b67f9000 rw-p 00000000 00:00 0 
b67f9000-b6800000 ---p 00000000 00:00 0 
b6800000-b6802000 rw-p 00000000 00:00 0 
b6802000-b6805000 r-xp 00000000 08:03 1593193    /usr/lib/jvm/jdk1.7.0_09/jre/lib/i386/libdt_socket.so
b6805000-b6806000 rw-p 00003000 08:03 1593193    /usr/lib/jvm/jdk1.7.0_09/jre/lib/i386/libdt_socket.so
b6806000-b683d000 r-xp 00000000 08:03 1593186    /usr/lib/jvm/jdk1.7.0_09/jre/lib/i386/libjdwp.so
b683d000-b683e000 rw-p 00037000 08:03 1593186    /usr/lib/jvm/jdk1.7.0_09/jre/lib/i386/libjdwp.so
b683e000-b6861000 r-xp 00000000 08:03 1593176    /usr/lib/jvm/jdk1.7.0_09/jre/lib/i386/libjava.so
b6861000-b6862000 rw-p 00023000 08:03 1593176    /usr/lib/jvm/jdk1.7.0_09/jre/lib/i386/libjava.so
b6862000-b6869000 r-xp 00000000 08:03 2239924    /lib/i386-linux-gnu/librt-2.15.so
b6869000-b686a000 r--p 00006000 08:03 2239924    /lib/i386-linux-gnu/librt-2.15.so
b686a000-b686b000 rw-p 00007000 08:03 2239924    /lib/i386-linux-gnu/librt-2.15.so
b686b000-b686e000 ---p 00000000 00:00 0 
b686e000-b68bc000 rw-p 00000000 00:00 0 
b68bc000-b68e6000 r-xp 00000000 08:03 2239932    /lib/i386-linux-gnu/libm-2.15.so
b68e6000-b68e7000 r--p 00029000 08:03 2239932    /lib/i386-linux-gnu/libm-2.15.so
b68e7000-b68e8000 rw-p 0002a000 08:03 2239932    /lib/i386-linux-gnu/libm-2.15.so
b68e8000-b70a1000 r-xp 00000000 08:03 1860125    /usr/lib/jvm/jdk1.7.0_09/jre/lib/i386/server/libjvm.so
b70a1000-b70f4000 rw-p 007b8000 08:03 1860125    /usr/lib/jvm/jdk1.7.0_09/jre/lib/i386/server/libjvm.so
b70f4000-b7516000 rw-p 00000000 00:00 0 
b7516000-b76b9000 r-xp 00000000 08:03 2229328    /lib/i386-linux-gnu/libc-2.15.so
b76b9000-b76ba000 ---p 001a3000 08:03 2229328    /lib/i386-linux-gnu/libc-2.15.so
b76ba000-b76bc000 r--p 001a3000 08:03 2229328    /lib/i386-linux-gnu/libc-2.15.so
b76bc000-b76bd000 rw-p 001a5000 08:03 2229328    /lib/i386-linux-gnu/libc-2.15.so
b76bd000-b76c0000 rw-p 00000000 00:00 0 
b76c0000-b76c3000 r-xp 00000000 08:03 2239940    /lib/i386-linux-gnu/libdl-2.15.so
b76c3000-b76c4000 r--p 00002000 08:03 2239940    /lib/i386-linux-gnu/libdl-2.15.so
b76c4000-b76c5000 rw-p 00003000 08:03 2239940    /lib/i386-linux-gnu/libdl-2.15.so
b76c5000-b76d8000 r-xp 00000000 08:03 1860121    /usr/lib/jvm/jdk1.7.0_09/jre/lib/i386/jli/libjli.so
b76d8000-b76d9000 rw-p 00012000 08:03 1860121    /usr/lib/jvm/jdk1.7.0_09/jre/lib/i386/jli/libjli.so
b76d9000-b76da000 rw-p 00000000 00:00 0 
b76da000-b76f1000 r-xp 00000000 08:03 2239928    /lib/i386-linux-gnu/libpthread-2.15.so
b76f1000-b76f2000 r--p 00016000 08:03 2239928    /lib/i386-linux-gnu/libpthread-2.15.so
b76f2000-b76f3000 rw-p 00017000 08:03 2239928    /lib/i386-linux-gnu/libpthread-2.15.so
b76f3000-b76f6000 rw-p 00000000 00:00 0 
b76f6000-b76f7000 r--s 00000000 08:03 800552     /usr/local/netbeans-7.2.1/java/modules/ext/AbsoluteLayout.jar
b76f7000-b76f8000 r--p 0523e000 08:03 663683     /usr/lib/locale/locale-archive
b76f8000-b76fa000 r-xp 00000000 08:03 1593206    /usr/lib/jvm/jdk1.7.0_09/jre/lib/i386/libnpt.so
b76fa000-b76fb000 rw-p 00002000 08:03 1593206    /usr/lib/jvm/jdk1.7.0_09/jre/lib/i386/libnpt.so
b76fb000-b76fc000 rw-p 00000000 00:00 0 
b76fc000-b76fd000 r--p 00000000 00:00 0 
b76fd000-b7708000 r-xp 00000000 08:03 1593162    /usr/lib/jvm/jdk1.7.0_09/jre/lib/i386/libverify.so
b7708000-b7709000 rw-p 0000b000 08:03 1593162    /usr/lib/jvm/jdk1.7.0_09/jre/lib/i386/libverify.so
b7709000-b770b000 rw-p 00000000 00:00 0 
b770b000-b770c000 r-xp 00000000 00:00 0          [vdso]
b770c000-b772c000 r-xp 00000000 08:03 2239934    /lib/i386-linux-gnu/ld-2.15.so
b772c000-b772d000 r--p 0001f000 08:03 2239934    /lib/i386-linux-gnu/ld-2.15.so
b772d000-b772e000 rw-p 00020000 08:03 2239934    /lib/i386-linux-gnu/ld-2.15.so
bff35000-bff56000 rw-p 00000000 00:00 0          [stack]

VM Arguments:
jvm_args: -Xdebug -Xrunjdwp:transport=dt_socket,address=localhost:37969 -Dfile.encoding=UTF-8 
java_command: define.NewJFrame
Launcher Type: SUN_STANDARD

Environment Variables:
PATH=/usr/lib/lightdm/lightdm:/usr/local/sbin:/usr/local/bin:/usr/sbin:/usr/bin:/sbin:/bin:/usr/games
LD_LIBRARY_PATH=/usr/lib/jvm/jdk1.7.0_09/jre/lib/amd64:/usr/lib/jvm/jdk1.7.0_09/jre/lib/i386:
SHELL=/bin/bash
DISPLAY=:0

Signal Handlers:
SIGSEGV: [libjvm.so+0x720eb0], sa_mask[0]=0x7ffbfeff, sa_flags=0x10000004
SIGBUS: [libjvm.so+0x720eb0], sa_mask[0]=0x7ffbfeff, sa_flags=0x10000004
SIGFPE: [libjvm.so+0x5d9d00], sa_mask[0]=0x7ffbfeff, sa_flags=0x10000004
SIGPIPE: SIG_IGN, sa_mask[0]=0x00001000, sa_flags=0x10000000
SIGXFSZ: [libjvm.so+0x5d9d00], sa_mask[0]=0x7ffbfeff, sa_flags=0x10000004
SIGILL: [libjvm.so+0x5d9d00], sa_mask[0]=0x7ffbfeff, sa_flags=0x10000004
SIGUSR1: SIG_DFL, sa_mask[0]=0x00000000, sa_flags=0x00000000
SIGUSR2: [libjvm.so+0x5d95e0], sa_mask[0]=0x00000004, sa_flags=0x10000004
SIGHUP: [libjvm.so+0x5dbbd0], sa_mask[0]=0x7ffbfeff, sa_flags=0x10000004
SIGINT: SIG_IGN, sa_mask[0]=0x00000000, sa_flags=0x00000000
SIGTERM: [libjvm.so+0x5dbbd0], sa_mask[0]=0x7ffbfeff, sa_flags=0x10000004
SIGQUIT: [libjvm.so+0x5dbbd0], sa_mask[0]=0x7ffbfeff, sa_flags=0x10000004


---------------  S Y S T E M  ---------------

OS:wheezy/sid

uname:Linux 3.2.0-34-generic-pae #53-Ubuntu SMP Thu Nov 15 11:11:12 UTC 2012 i686
libc:glibc 2.15 NPTL 2.15 
rlimit: STACK 8192k, CORE 0k, NPROC 30325, NOFILE 4096, AS infinity
load average:0.66 0.56 0.54

/proc/meminfo:
MemTotal:        3896192 kB
MemFree:          256244 kB
Buffers:          523460 kB
Cached:          1580008 kB
SwapCached:            0 kB
Active:          2276648 kB
Inactive:        1256160 kB
Active(anon):    1532460 kB
Inactive(anon):   186640 kB
Active(file):     744188 kB
Inactive(file):  1069520 kB
Unevictable:          32 kB
Mlocked:              32 kB
HighTotal:       3057600 kB
HighFree:          70688 kB
LowTotal:         838592 kB
LowFree:          185556 kB
SwapTotal:             0 kB
SwapFree:              0 kB
Dirty:               264 kB
Writeback:             0 kB
AnonPages:       1429460 kB
Mapped:           223280 kB
Shmem:            289744 kB
Slab:              66168 kB
SReclaimable:      43112 kB
SUnreclaim:        23056 kB
KernelStack:        4496 kB
PageTables:        16632 kB
NFS_Unstable:          0 kB
Bounce:                0 kB
WritebackTmp:          0 kB
CommitLimit:     1948096 kB
Committed_AS:    5160664 kB
VmallocTotal:     122880 kB
VmallocUsed:       18120 kB
VmallocChunk:     100404 kB
HardwareCorrupted:     0 kB
AnonHugePages:         0 kB
HugePages_Total:       0
HugePages_Free:        0
HugePages_Rsvd:        0
HugePages_Surp:        0
Hugepagesize:       2048 kB
DirectMap4k:       10232 kB
DirectMap2M:      903168 kB


CPU:total 2 (2 cores per cpu, 1 threads per core) family 6 model 42 stepping 7, cmov, cx8, fxsr, mmx, sse, sse2, sse3, ssse3, sse4.1, sse4.2, popcnt, tsc, tscinvbit

/proc/cpuinfo:
processor	: 0
vendor_id	: GenuineIntel
cpu family	: 6
model		: 42
model name	: Intel(R) Pentium(R) CPU B970 @ 2.30GHz
stepping	: 7
microcode	: 0x26
cpu MHz		: 2300.000
cache size	: 2048 KB
physical id	: 0
siblings	: 2
core id		: 0
cpu cores	: 2
apicid		: 0
initial apicid	: 0
fdiv_bug	: no
hlt_bug		: no
f00f_bug	: no
coma_bug	: no
fpu		: yes
fpu_exception	: yes
cpuid level	: 13
wp		: yes
flags		: fpu vme de pse tsc msr pae mce cx8 apic sep mtrr pge mca cmov pat pse36 clflush dts acpi mmx fxsr sse sse2 ss ht tm pbe nx rdtscp lm constant_tsc arch_perfmon pebs bts xtopology nonstop_tsc aperfmperf pni pclmulqdq dtes64 monitor ds_cpl est tm2 ssse3 cx16 xtpr pdcm pcid sse4_1 sse4_2 x2apic popcnt tsc_deadline_timer xsave lahf_lm arat epb xsaveopt pln pts dtherm
bogomips	: 4589.61
clflush size	: 64
cache_alignment	: 64
address sizes	: 36 bits physical, 48 bits virtual
power management:

processor	: 1
vendor_id	: GenuineIntel
cpu family	: 6
model		: 42
model name	: Intel(R) Pentium(R) CPU B970 @ 2.30GHz
stepping	: 7
microcode	: 0x26
cpu MHz		: 800.000
cache size	: 2048 KB
physical id	: 0
siblings	: 2
core id		: 1
cpu cores	: 2
apicid		: 2
initial apicid	: 2
fdiv_bug	: no
hlt_bug		: no
f00f_bug	: no
coma_bug	: no
fpu		: yes
fpu_exception	: yes
cpuid level	: 13
wp		: yes
flags		: fpu vme de pse tsc msr pae mce cx8 apic sep mtrr pge mca cmov pat pse36 clflush dts acpi mmx fxsr sse sse2 ss ht tm pbe nx rdtscp lm constant_tsc arch_perfmon pebs bts xtopology nonstop_tsc aperfmperf pni pclmulqdq dtes64 monitor ds_cpl est tm2 ssse3 cx16 xtpr pdcm pcid sse4_1 sse4_2 x2apic popcnt tsc_deadline_timer xsave lahf_lm arat epb xsaveopt pln pts dtherm
bogomips	: 4589.36
clflush size	: 64
cache_alignment	: 64
address sizes	: 36 bits physical, 48 bits virtual
power management:



Memory: 4k page, physical 3896192k(256244k free), swap 0k(0k free)

vm_info: Java HotSpot(TM) Server VM (23.5-b02) for linux-x86 JRE (1.7.0_09-b05), built on Sep 24 2012 20:39:16 by "java_re" with gcc 4.3.0 20080428 (Red Hat 4.3.0-8)

time: Tue Dec 18 22:44:47 2012
elapsed time: 73 seconds

